<?xml version="1.0" encoding="UTF-8"?>
<testsuite name="tests.SuccessStatusCodeTests" tests="5" skipped="0" failures="0" errors="0" timestamp="2024-05-14T11:07:44" hostname="MacBook-Pro.local" time="3.816">
  <properties/>
  <testcase name="Позитивная проверка на статус код при получении списка новостей (CORS)" classname="tests.SuccessStatusCodeTests" time="0.794"/>
  <testcase name="Позитивная проверка на статус код при получении списка заголовков новостей" classname="tests.SuccessStatusCodeTests" time="0.428"/>
  <testcase name="Позитивная проверка на статус код при получении списка заголовков новостей" classname="tests.SuccessStatusCodeTests" time="0.438"/>
  <testcase name="Позитивная проверка на статус код при получении списка новостей" classname="tests.SuccessStatusCodeTests" time="0.994"/>
  <testcase name="Позитивная проверка на статус код при получении списка новостей по определенным заголовкам" classname="tests.SuccessStatusCodeTests" time="1.152"/>
  <system-out><![CDATA[Request URI:	https://ok.surf/api/v1/cors/news-feed
{
    "Business": [
        {
            "link": "https://news.google.com/articles/CBMiaGh0dHBzOi8vd3d3LnRoZWd1YXJkaWFuLmNvbS9idXNpbmVzcy9hcnRpY2xlLzIwMjQvbWF5LzE0L2pvZS1iaWRlbi10YXJpZmYtY2hpbmVzZS1tYWRlLWVsZWN0cmljLXZlaGljbGVz0gFoaHR0cHM6Ly9hbXAudGhlZ3VhcmRpYW4uY29tL2J1c2luZXNzL2FydGljbGUvMjAyNC9tYXkvMTQvam9lLWJpZGVuLXRhcmlmZi1jaGluZXNlLW1hZGUtZWxlY3RyaWMtdmVoaWNsZXM?hl=en-US&gl=US&ceid=US%3Aen",
            "og": "https://encrypted-tbn2.gstatic.com/images?q=tbn:ANd9GcQ32aEMY6aA-I3hp3_FxW5ht6YnUX8Bf-lw8NMl2oCXoW_po3Z9SNDztW3R3R7zL7UDh1bMlLgbI5tVa64D-ezm0m9XFl6weAXYMP5NhoUGl7kE2w",
            "source": "The Guardian",
            "source_icon": "https://encrypted-tbn0.gstatic.com/faviconV2?url=https://www.theguardian.com&client=NEWS_360&size=96&type=FAVICON&fallback_opts=TYPE,SIZE,URL",
            "title": "Biden announces 100% tariff on Chinese-made electric vehicles"
        },
        {
            "link": "https://news.google.com/articles/CBMigAFodHRwczovL3d3dy5jbmJjLmNvbS8yMDI0LzA1LzE0L2dhbWVzdG9wLWFtYy1zaGFyZXMtanVtcC1hbm90aGVyLTQwcGVyY2VudC1pbi1wcmVtYXJrZXQtdHJhZGluZy1hcy1tZW1lLXN0b2NrLWNyYXplLXJldHVybnMuaHRtbNIBhAFodHRwczovL3d3dy5jbmJjLmNvbS9hbXAvMjAyNC8wNS8xNC9nYW1lc3RvcC1hbWMtc2hhcmVzLWp1bXAtYW5vdGhlci00MHBlcmNlbnQtaW4tcHJlbWFya2V0LXRyYWRpbmctYXMtbWVtZS1zdG9jay1jcmF6ZS1yZXR1cm5zLmh0bWw?hl=en-US&gl=US&ceid=US%3Aen",
            "og": "https://encrypted-tbn0.gstatic.com/images?q=tbn:ANd9GcR3lS1mXIfeogYuiAVbL3P3GzNNDzKR_nDGgpodL5Jf_qDdeI49VqIgOBrT-ZARNNsEE9fi1FSAwbJMvqjsgOJrbDxnTW0wEqqbcwLBePq8Qb-EhQ",
            "source": "CNBC",
            "source_icon": "https://encrypted-tbn0.gstatic.com/faviconV2?url=https://www.cnbc.com&client=NEWS_360&size=96&type=FAVICON&fallback_opts=TYPE,SIZE,URL",
            "title": "GameStop, AMC shares jump another 50% in premarket trading as meme stock craze returns"
        },
        {
            "link": "https://news.google.com/articles/CBMiRGh0dHBzOi8vd3d3LmNuYmMuY29tLzIwMjQvMDUvMTQvaG9tZS1kZXBvdC1oZC1xMS0yMDI0LWVhcm5pbmdzLS5odG1s0gFIaHR0cHM6Ly93d3cuY25iYy5jb20vYW1wLzIwMjQvMDUvMTQvaG9tZS1kZXBvdC1oZC1xMS0yMDI0LWVhcm5pbmdzLS5odG1s?hl=en-US&gl=US&ceid=US%3Aen",
            "og": "https://encrypted-tbn2.gstatic.com/images?q=tbn:ANd9GcSOrd1F5rzeD-w8iYLZ1xH_9S29COJpqCfD6S2-Fe74iclWyqYh9f28GlFnI6rT0H7yAT1Yy7K4tIfY0f5Vb9mKgbAw-BGUJlXpYoKDFpDdY_CW4A",
            "source": "CNBC",
            "source_icon": "https://encrypted-tbn0.gstatic.com/faviconV2?url=https://www.cnbc.com&client=NEWS_360&size=96&type=FAVICON&fallback_opts=TYPE,SIZE,URL",
            "title": "Home Depot misses on revenue, as high interest rates hurt sales"
        },
        {
            "link": "https://news.google.com/articles/CBMiaGh0dHBzOi8vd3d3LmNuYmMuY29tLzIwMjQvMDUvMTQvYW5nbG8tYW1lcmljYW4tdG8tc3Bpbi1vZmYtZGUtYmVlcnMtYXMtYmhwLXRha2VvdmVyLXByZXNzdXJlLW1vdW50cy5odG1s0gFsaHR0cHM6Ly93d3cuY25iYy5jb20vYW1wLzIwMjQvMDUvMTQvYW5nbG8tYW1lcmljYW4tdG8tc3Bpbi1vZmYtZGUtYmVlcnMtYXMtYmhwLXRha2VvdmVyLXByZXNzdXJlLW1vdW50cy5odG1s?hl=en-US&gl=US&ceid=US%3Aen",
            "og": "https://encrypted-tbn1.gstatic.com/images?q=tbn:ANd9GcRTNK-8Yy344ZyJXg-MwivyRzqhmnsWqqSbZAYeNNnQqydCJBCFbtpO2jT_HvDEs9aORkBg7UfjKKMtNlvbjPaQnruKdcbAcrMOG_UR6uj9p8I2Gw",
            "source": "CNBC",
            "source_icon": "https://encrypted-tbn0.gstatic.com/faviconV2?url=https://www.cnbc.com&client=NEWS_360&size=96&type=FAVICON&fallback_opts=TYPE,SIZE,URL",
            "title": "Diamond giant De Beers faces spin-off amid wider restructuring as Anglo American takeover pressure mounts"
        },
        {
            "link": "https://news.google.com/articles/CBMiWGh0dHBzOi8vd3d3LnJldXRlcnMuY29tL21hcmtldHMvdXMvZnV0dXJlcy1lZGdlLWhpZ2hlci1zdGFydC1kYXRhLWhlYXZ5LXdlZWstMjAyNC0wNS0xMy_SAQA?hl=en-US&gl=US&ceid=US%3Aen",
            "og": "https://encrypted-tbn2.gstatic.com/images?q=tbn:ANd9GcSUcxUXg6ec3ZfLxJ1DgVoLJTPyc24Vp0qPYzR80s5UUoH9P_pinfdvwYLd0GvJfTY-RvABIGGG13_224ZzQ1H2YULty4nSrC7gs-rr_1HPRsOGHg",
            "source": "Reuters",
            "source_icon": "https://encrypted-tbn2.gstatic.com/faviconV2?url=https://www.reuters.com&client=NEWS_360&size=96&type=FAVICON&fallback_opts=TYPE,SIZE,URL",
            "title": "S&P 500 barely changes as investors hold tight ahead of inflation data"
        },
        {
            "link": "https://news.google.com/articles/CBMiXGh0dHBzOi8vYXBuZXdzLmNvbS9hcnRpY2xlL3N0b2NrLW1hcmtldC1yYXRlcy1jaGluYS10YXJpZmZzLTAwMWQ0NDc4OTkzM2ZlY2E0NGQ0ZTEzNGY1NWI3ZDNk0gEA?hl=en-US&gl=US&ceid=US%3Aen",
            "og": "https://encrypted-tbn0.gstatic.com/images?q=tbn:ANd9GcRVB4d36D0T84_IepuONQ0cRNsPBovz2f4CfnNm3crHQ8eHTwG0jS-rERW6Weczh_pd1iDZH-6PQiZ2jkrYWsKqyNV6k-GdHWieWaXtcpjw0vvM0Q",
            "source": "The Associated Press",
            "source_icon": "https://encrypted-tbn2.gstatic.com/faviconV2?url=https://apnews.com&client=NEWS_360&size=96&type=FAVICON&fallback_opts=TYPE,SIZE,URL",
            "title": "Stock market today: Asian shares mixed in muted trading after Wall Street barely budges"
        },
        {
            "link": "https://news.google.com/articles/CBMicGh0dHBzOi8vd3d3LmJsb29tYmVyZy5jb20vbmV3cy9hcnRpY2xlcy8yMDI0LTA1LTE0L3dhbG1hcnQtd2lsbC1jdXQtcmVsb2NhdGUtaHVuZHJlZHMtb2YtY29ycG9yYXRlLWpvYnMtd3NqLXNheXPSAQA?hl=en-US&gl=US&ceid=US%3Aen",
            "og": "https://encrypted-tbn1.gstatic.com/images?q=tbn:ANd9GcSz6kLJrnN4hEwDZVbvns-XUHrPktQnkX11eCpPowWnnIJQgb0fxYtjjWnR3OcCyCgWJKa45TJlIaC7ItTKhgxaPnFBdO2404Zx_6IafRQhO8lzhQ",
            "source": "Bloomberg",
            "source_icon": "https://encrypted-tbn1.gstatic.com/faviconV2?url=https://www.bloomberg.com&client=NEWS_360&size=96&type=FAVICON&fallback_opts=TYPE,SIZE,URL",
            "title": "Walmart Will Cut, Relocate Hundreds of Corporate Jobs, WSJ Says"
        },
        {
            "link": "https://news.google.com/articles/CBMibWh0dHBzOi8vd3d3LnJldXRlcnMuY29tL3RlY2hub2xvZ3kvYXBwbGUtc3VwcGxpZXItZm94Y29ubnMtcTEtcHJvZml0LWp1bXBzLTcyLXl5LW1pc3Nlcy1mb3JlY2FzdHMtMjAyNC0wNS0xNC_SAQA?hl=en-US&gl=US&ceid=US%3Aen",
            "og": "https://encrypted-tbn1.gstatic.com/images?q=tbn:ANd9GcTeLAeF92CnWWC6pxZX7-gTQ0Jgq5vlw5dUCkH4dJ53DV5P7QOIgXinMQRozznYWpSDVO8_kWdn5-SiF5eGgGOLll18gWGI7ug_m-85_Hemqhln4w",
            "source": "Reuters",
            "source_icon": "https://encrypted-tbn2.gstatic.com/faviconV2?url=https://www.reuters.com&client=NEWS_360&size=96&type=FAVICON&fallback_opts=TYPE,SIZE,URL",
            "title": "Foxconn upbeat on AI demand, stands by Sharp following writedown"
        },
        {
            "link": "https://news.google.com/articles/CBMiWmh0dHBzOi8vd3d3LnJldXRlcnMuY29tL3dvcmxkL2V1cm9wZS9nZXJtYW4tZmluYWwtaW5mbGF0aW9uLWNvbmZpcm1lZC0yNC1hcHJpbC0yMDI0LTA1LTE0L9IBAA?hl=en-US&gl=US&ceid=US%3Aen",
            "og": "https://encrypted-tbn3.gstatic.com/images?q=tbn:ANd9GcR_3Zgk0zsIUSNHifUAlie1U_H14RaQW3P-F_ktFfNJWvlDtt8Z31IYe6wn98dqIHBhqLOcXbftbTAnSvqZbyCT7hVawcnaZNnAWa4Va8oz3PfK5w",
            "source": "Reuters",
            "source_icon": "https://encrypted-tbn2.gstatic.com/faviconV2?url=https://www.reuters.com&client=NEWS_360&size=96&type=FAVICON&fallback_opts=TYPE,SIZE,URL",
            "title": "German final inflation confirmed at 2.4% in April"
        },
        {
            "link": "https://news.google.com/articles/CBMiUGh0dHBzOi8vd3d3Lm55dGltZXMuY29tLzIwMjQvMDUvMTQvYnVzaW5lc3MvZWNvbm9teS9pbnRlcmVzdC1yYXRlLWZvcmVjYXN0cy5odG1s0gEA?hl=en-US&gl=US&ceid=US%3Aen",
            "og": "https://encrypted-tbn0.gstatic.com/images?q=tbn:ANd9GcQxhZAYRZF4jUGxzg6Vk4oSEyW956who1YaBvlnvx__SfsyEn3CfanW9JWd4EV2woNMaIHFAWmmLEFaFRFKchPfwgkKBzBF7VNiCeejIlL0ZmwjPA",
            "source": "The New York Times",
            "source_icon": "https://encrypted-tbn2.gstatic.com/faviconV2?url=https://www.nytimes.com&client=NEWS_360&size=96&type=FAVICON&fallback_opts=TYPE,SIZE,URL",
            "title": "What Forecasters Say About Interest Rates (and Why They Disagree)"
        },
        {
            "link": "https://news.google.com/articles/CBMiU2h0dHBzOi8vd3d3LmNuYmMuY29tLzIwMjQvMDUvMTQvdGhlc2UtYXJlLXRoZS0yMDI0LWNuYmMtZGlzcnVwdG9yLTUwLWNvbXBhbmllcy5odG1s0gFXaHR0cHM6Ly93d3cuY25iYy5jb20vYW1wLzIwMjQvMDUvMTQvdGhlc2UtYXJlLXRoZS0yMDI0LWNuYmMtZGlzcnVwdG9yLTUwLWNvbXBhbmllcy5odG1s?hl=en-US&gl=US&ceid=US%3Aen",
            "og": "https://encrypted-tbn1.gstatic.com/images?q=tbn:ANd9GcReQ9x5XWzy9jvypbJI01jlr4HmVTQ6breq3TKdI_QmRGEiGoC6VGU0lttLRj8wCI1XQH9XEHuuR3jWvEWDQ_tKP5FA30y8Dp3xHYSRzgeS0QSy3w",
            "source": "CNBC",
            "source_icon": "https://encrypted-tbn0.gstatic.com/faviconV2?url=https://www.cnbc.com&client=NEWS_360&size=96&type=FAVICON&fallback_opts=TYPE,SIZE,URL",
            "title": "These are the 2024 CNBC Disruptor 50 companies: See the full list of startups riding the AI wave"
        },
        {
            "link": "https://news.google.com/articles/CBMiYWh0dHBzOi8vd3d3LmRlbnZlcnBvc3QuY29tLzIwMjQvMDUvMTMvcmVkLWxvYnN0ZXItY2xvc2VzLWRlbnZlci13aGVhdC1yaWRnZS1sYWtld29vZC1yZXN0YXVyYW50cy_SAWVodHRwczovL3d3dy5kZW52ZXJwb3N0LmNvbS8yMDI0LzA1LzEzL3JlZC1sb2JzdGVyLWNsb3Nlcy1kZW52ZXItd2hlYXQtcmlkZ2UtbGFrZXdvb2QtcmVzdGF1cmFudHMvYW1wLw?hl=en-US&gl=US&ceid=US%3Aen",
            "og": "https://encrypted-tbn1.gstatic.com/images?q=tbn:ANd9GcTFVxP5Dqj96EguuakUFRcFIyTFlyTKvEiLy-gL7u9q66sP88DQ7SK04hKqkKrQnky8K50VsRkJYhk2PLhHGM4aabI8wzomf0vJ8zOS7V3yUikJYQ",
            "source": "The Denver Post",
            "source_icon": "https://encrypted-tbn0.gstatic.com/faviconV2?url=https://www.denverpost.com&client=NEWS_360&size=96&type=FAVICON&fallback_opts=TYPE,SIZE,URL",
            "title": "Red Lobster closes several Denver-area restaurants"
        },
        {
            "link": "https://news.google.com/articles/CBMiTWh0dHBzOi8vd3d3LnJldXRlcnMuY29tL21hcmtldHMvZXVyb3BlL2dsb2JhbC1tYXJrZXRzLXZpZXctZXVyb3BlLTIwMjQtMDUtMTQv0gEA?hl=en-US&gl=US&ceid=US%3Aen",
            "og": "https://encrypted-tbn1.gstatic.com/images?q=tbn:ANd9GcSzEfQ3SkolrDzhu_7x1Ct6zwlyNE15Ixxz6Qd0Ya1esGYiJDNCQBjiHUDcQej7bjwAJ9vGLPyygja7sNhzvwHmmbAlZrdx6eYSdEzK4auRmwwwyQ",
            "source": "Reuters",
            "source_icon": "https://encrypted-tbn2.gstatic.com/faviconV2?url=https://www.reuters.com&client=NEWS_360&size=96&type=FAVICON&fallback_opts=TYPE,SIZE,URL",
            "title": "Morning Bid: Markets eye US CPI and record high"
        },
        {
            "link": "https://news.google.com/articles/CBMiUWh0dHBzOi8vd3d3LmNvaW5kZXNrLmNvbS9idXNpbmVzcy8yMDI0LzA1LzE0L2NvaW5iYXNlLXJlcG9ydHMtc3lzdGVtLXdpZGUtb3V0YWdlL9IBAA?hl=en-US&gl=US&ceid=US%3Aen",
            "og": "https://encrypted-tbn3.gstatic.com/images?q=tbn:ANd9GcSwFN0qsbw5WF74PlEg_M7AcNC1udGLv0RpuHP00c5kPnAHS8ovX3urdvQE9SG9vvg",
            "source": "CoinDesk",
            "source_icon": "https://encrypted-tbn0.gstatic.com/faviconV2?url=https://www.coindesk.com&client=NEWS_360&size=96&type=FAVICON&fallback_opts=TYPE,SIZE,URL",
            "title": "Coinbase Reports System-Wide Outage"
        },
        {
            "link": "https://news.google.com/articles/CBMicGh0dHBzOi8vd3d3LnJldXRlcnMuY29tL2xlZ2FsL2JpbGwtaHdhbmctdHJpYWwtb3Zlci0zNi1iaWxsaW9uLWFyY2hlZ29zLWNvbGxhcHNlLWJlZ2lucy13aXRoLW9wZW5pbmctMjAyNC0wNS0xMy_SAQA?hl=en-US&gl=US&ceid=US%3Aen",
            "og": "https://encrypted-tbn2.gstatic.com/images?q=tbn:ANd9GcTCRIoMfTVDTpLebnOjYOmQLyQjzdr6a3SqcHrgpbLSWcUU07l8rSlmq1RYaQe6XhUf_X_0-QKiCRp2nGoHYACfm_yKvruv3deXsp58xKFFLp31PQ",
            "source": "Reuters",
            "source_icon": "https://encrypted-tbn2.gstatic.com/faviconV2?url=https://www.reuters.com&client=NEWS_360&size=96&type=FAVICON&fallback_opts=TYPE,SIZE,URL",
            "title": "Archegos' Hwang lied to become Wall Street legend, prosecutors say as trial begins"
        },
        {
            "link": "https://news.google.com/articles/CBMiXWh0dHBzOi8vd3d3Lndhc2hpbmd0b25wb3N0LmNvbS9idXNpbmVzcy8yMDI0LzA1LzEzL3Bvd2VyLWdyaWQtdHJhbnNtaXNzaW9uLWxpbmVzLWVsZWN0cmljaXR5L9IBAA?hl=en-US&gl=US&ceid=US%3Aen",
            "og": "https://encrypted-tbn2.gstatic.com/images?q=tbn:ANd9GcTdZtiONlacKtMyrI4C_A9U4Q_svPPuZRmh30VJLc4TuuTWWSaUuB7_2MHRUI8aiq-LlDkmttiVR8LLO5rlWogIPtGImtvGSLSMadWt9NgUSOy90w",
            "source": "The Washington Post",
            "source_icon": "https://encrypted-tbn3.gstatic.com/faviconV2?url=https://www.washingtonpost.com&client=NEWS_360&size=96&type=FAVICON&fallback_opts=TYPE,SIZE,URL",
            "title": "Sweeping reforms aim to stabilize nation’s wheezing power grid"
        },
        {
            "link": "https://news.google.com/articles/CBMiXGh0dHBzOi8vd3d3LmNuYmMuY29tLzIwMjQvMDUvMTMvbnJmLXJlamVjdHMtc2hlaW4tbWVtYmVyc2hpcC1hcy1yZXRhaWxlci1wdXJzdWVzLXVzLWlwby5odG1s0gFgaHR0cHM6Ly93d3cuY25iYy5jb20vYW1wLzIwMjQvMDUvMTMvbnJmLXJlamVjdHMtc2hlaW4tbWVtYmVyc2hpcC1hcy1yZXRhaWxlci1wdXJzdWVzLXVzLWlwby5odG1s?hl=en-US&gl=US&ceid=US%3Aen",
            "og": "https://encrypted-tbn3.gstatic.com/images?q=tbn:ANd9GcTSfXX1L7JAC73oeOrefUCQO8emNlCOH0llAYGcMghPW-etjzLguYmTy-WGKQFxWVhGqx4LvHtUSwPlKTOr7zsWDKyt3qJViBMqeijKY1sA4bnjeg",
            "source": "CNBC",
            "source_icon": "https://encrypted-tbn0.gstatic.com/faviconV2?url=https://www.cnbc.com&client=NEWS_360&size=96&type=FAVICON&fallback_opts=TYPE,SIZE,URL",
            "title": "NRF rejects Shein membership as retailer pursues U.S. IPO"
        },
        {
            "link": "https://news.google.com/articles/CBMiemh0dHBzOi8vd3d3LmFsLmNvbS9uZXdzLzIwMjQvMDUvYWxhYmFtYS1pcy1ub3QtbWljaGlnYW4taXZleS1zaWducy11bmlvbi1iaWxsLWFzLW1lcmNlZGVzLXdvcmtlcnMtdm90ZS1vbi1qb2luaW5nLXVhdy5odG1s0gGJAWh0dHBzOi8vd3d3LmFsLmNvbS9uZXdzLzIwMjQvMDUvYWxhYmFtYS1pcy1ub3QtbWljaGlnYW4taXZleS1zaWducy11bmlvbi1iaWxsLWFzLW1lcmNlZGVzLXdvcmtlcnMtdm90ZS1vbi1qb2luaW5nLXVhdy5odG1sP291dHB1dFR5cGU9YW1w?hl=en-US&gl=US&ceid=US%3Aen",
            "og": "https://encrypted-tbn3.gstatic.com/images?q=tbn:ANd9GcQDzWUfJlzdCbAaMMBsgeq-g8mHBQv8F9d7XMEF4Sh9yVObxsDInA-SHEiUZMuAdHAp-_H8nHO5MQwO2ts4raE8QqYg4-rnQdNM6gnPXi2W60zZpg",
            "source": "AL.com",
            "source_icon": "https://encrypted-tbn0.gstatic.com/faviconV2?url=https://www.al.com&client=NEWS_360&size=96&type=FAVICON&fallback_opts=TYPE,SIZE,URL",
            "title": "‘Alabama is not Michigan’: Ivey signs union bill as Mercedes workers vote on joining UAW"
        },
        {
            "link": "https://news.google.com/articles/CBMiSGh0dHBzOi8vd3d3LmNuYmMuY29tLzIwMjQvMDUvMTQvc29ueS1xNC1hbmQtZnVsbC15ZWFyLTIwMjMtZWFybmluZ3MuaHRtbNIBTGh0dHBzOi8vd3d3LmNuYmMuY29tL2FtcC8yMDI0LzA1LzE0L3NvbnktcTQtYW5kLWZ1bGwteWVhci0yMDIzLWVhcm5pbmdzLmh0bWw?hl=en-US&gl=US&ceid=US%3Aen",
            "og": "https://encrypted-tbn1.gstatic.com/images?q=tbn:ANd9GcRmcxDUUW__9Ff0NM8Il_ySG1_QGkfLq8Sk-0s9_Bui9XCXuzTknZCtPokI-ufKTPs_MQ67jyytIksNgRe_EUGcT44Q8e9x1MVt1ZD2rkXYV6YiHw",
            "source": "CNBC",
            "source_icon": "https://encrypted-tbn0.gstatic.com/faviconV2?url=https://www.cnbc.com&client=NEWS_360&size=96&type=FAVICON&fallback_opts=TYPE,SIZE,URL",
            "title": "Sony reports 7% drop in annual profit as PlayStation 5 sales miss trimmed target"
        },
        {
            "link": "https://news.google.com/articles/CBMiYmh0dHBzOi8vYWJjbmV3cy5nby5jb20vVVMvd2lyZVN0b3J5L3VzLWFpcmxpbmVzLXN1aW5nLWJpZGVuLWFkbWluaXN0cmF0aW9uLW5ldy1ydWxlLW1ha2UtMTEwMTgxMDc10gFmaHR0cHM6Ly9hYmNuZXdzLmdvLmNvbS9hbXAvVVMvd2lyZVN0b3J5L3VzLWFpcmxpbmVzLXN1aW5nLWJpZGVuLWFkbWluaXN0cmF0aW9uLW5ldy1ydWxlLW1ha2UtMTEwMTgxMDc1?hl=en-US&gl=US&ceid=US%3Aen",
            "og": "https://encrypted-tbn0.gstatic.com/images?q=tbn:ANd9GcTJ5QzV5hO12ez_U9GV0HDZmQvns0xIq4HYDhA_Ehd6IsC_XF5ZvrZRnStlOGtZ42PDAnd5uvm4RUE2k4KjagZB9gehxluw-SAF-9IktMBH7DKB4A",
            "source": "ABC News",
            "source_icon": "https://encrypted-tbn3.gstatic.com/faviconV2?url=https://abcnews.go.com&client=NEWS_360&size=96&type=FAVICON&fallback_opts=TYPE,SIZE,URL",
            "title": "US airlines are suing the Biden administration over a new rule to make certain fees easier to spot"
        },
        {
            "link": "https://news.google.com/articles/CBMibGh0dHBzOi8vd3d3LmJsb29tYmVyZy5jb20vbmV3cy9mZWF0dXJlcy8yMDI0LTA1LTEzL21hY3Jvbi1zdWdnZXN0cy1iaWctbS1hLXBsYW4tZm9yLWV1cm9wZS1zLWVjb25vbXktcmV2aXZhbNIBAA?hl=en-US&gl=US&ceid=US%3Aen",
            "og": "https://encrypted-tbn3.gstatic.com/images?q=tbn:ANd9GcTXoNbq2a8PQsJ7tGiIXAPXoMN-_zHXBqfLUkJHzptbVRmmh9QDQ8Tiu6ayKDri959WUkN4qD_DC3jPNZXfpn5c1-nEjdsS295sOxmrJxfnaRYzaA",
            "source": "Bloomberg",
            "source_icon": "https://encrypted-tbn1.gstatic.com/faviconV2?url=https://www.bloomberg.com&client=NEWS_360&size=96&type=FAVICON&fallback_opts=TYPE,SIZE,URL",
            "title": "Macron Leaves Door Open for Big M&A Plan for Europe's Economy Revival"
        },
        {
            "link": "https://news.google.com/articles/CBMiSGh0dHBzOi8vZmluYW5jZS55YWhvby5jb20vbmV3cy93aGVyZS1udmlkaWEtc3RvY2stMy15ZWFycy0wMDE1MDA5MDYuaHRtbNIBAA?hl=en-US&gl=US&ceid=US%3Aen",
            "og": "https://encrypted-tbn2.gstatic.com/images?q=tbn:ANd9GcQziuA6KVuQtx0AN_2wZt0NdVYhn4xAvzivo6Y2MWg1YNM-2VYdDWzm0XWANF-LGSZ87xSAQuLpOTrgMUIDQ5c1pyuKyeuKvQM4qlgyKCaYM3PPMA",
            "source": "Yahoo Finance",
            "source_icon": "https://encrypted-tbn1.gstatic.com/faviconV2?url=https://finance.yahoo.com&client=NEWS_360&size=96&type=FAVICON&fallback_opts=TYPE,SIZE,URL",
            "title": "Where Will Nvidia Stock Be in 3 Years?"
        },
        {
            "link": "https://news.google.com/articles/CBMibWh0dHBzOi8va3RsYS5jb20vbmV3cy9sb2NhbC1uZXdzL2hvbGx5d29vZC1idXNpbmVzc2VzLXRyeWluZy1hLW5ldy1hcHByb2FjaC10by1jbGVhcmluZy1ob21lbGVzcy1lbmNhbXBtZW50cy_SAXFodHRwczovL2t0bGEuY29tL25ld3MvbG9jYWwtbmV3cy9ob2xseXdvb2QtYnVzaW5lc3Nlcy10cnlpbmctYS1uZXctYXBwcm9hY2gtdG8tY2xlYXJpbmctaG9tZWxlc3MtZW5jYW1wbWVudHMvYW1wLw?hl=en-US&gl=US&ceid=US%3Aen",
            "og": "https://encrypted-tbn3.gstatic.com/images?q=tbn:ANd9GcSTD9fRxzsfXPLmHHWAPiMREWpNQBEKQfo7QMp24gFyHzwMZVbQAu9J0xUEk4bzUDVSqrjT8atpX2iCJ0PTEPID7zbIpWYxKK59O-NPiS7Wm5kyCA",
            "source": "KTLA Los Angeles",
            "source_icon": "https://encrypted-tbn2.gstatic.com/faviconV2?url=https://ktla.com&client=NEWS_360&size=96&type=FAVICON&fallback_opts=TYPE,SIZE,URL",
            "title": "Hollywood businesses trying a new approach to clearing homeless encampments"
        },
        {
            "link": "https://news.google.com/articles/CBMiO2h0dHBzOi8vYWJjNy5jb20vcG9zdC9tY2RvbmFsZHMtNS12YWx1ZS1tZWFsLWRlYWwvMTQ4MDgwMzkv0gEA?hl=en-US&gl=US&ceid=US%3Aen",
            "og": "https://encrypted-tbn2.gstatic.com/images?q=tbn:ANd9GcTi4i2ZKQ7KH-y1hFkwiZR8xdTsZObIPuNE9MerDYZeXiFgu7ZS_5cYvgZcXjxV-jyyAfhOeShGj1HWjNlaE7nWYVFGOr-b2rARdhfanWBU8_3G7g",
            "source": "KABC-TV",
            "source_icon": "https://encrypted-tbn1.gstatic.com/faviconV2?url=https://abc7.com&client=NEWS_360&size=96&type=FAVICON&fallback_opts=TYPE,SIZE,URL",
            "title": "McDonald's may consider $5 value meal as food prices continue to soar"
        },
        {
            "link": "https://news.google.com/articles/CBMiTmh0dHBzOi8vd3d3Lm15c2FuYW50b25pby5jb20vYnVzaW5lc3MvYXJ0aWNsZS9pbmRlZWQtbGF5b2Zmcy0yMDI0LTE5NDU1OTYwLnBocNIBAA?hl=en-US&gl=US&ceid=US%3Aen",
            "og": "https://encrypted-tbn3.gstatic.com/images?q=tbn:ANd9GcQ0HmtT_AcWSpalfgNyEJ7AhDofDbDUOk4WMdJUK7YUUbrJjEJx1WL9WX8Ql2BmUcpkfUBq1zjqZdc5AvxXoglss0Xn6cQW0ACqIHTTfu9ZVCst9A",
            "source": "mySA",
            "source_icon": "https://encrypted-tbn1.gstatic.com/faviconV2?url=https://www.mysanantonio.com&client=NEWS_360&size=96&type=FAVICON&fallback_opts=TYPE,SIZE,URL",
            "title": "Texas-based tech company Indeed announces 1,000 layoffs"
        },
        {
            "link": "https://news.google.com/articles/CBMiSWh0dHBzOi8vdGhlaGFja2VybmV3cy5jb20vMjAyNC8wNS9ibGFjay1iYXN0YS1yYW5zb213YXJlLXN0cmlrZXMtNTAwLmh0bWzSAQA?hl=en-US&gl=US&ceid=US%3Aen",
            "og": "https://encrypted-tbn3.gstatic.com/images?q=tbn:ANd9GcQl3L76sfTeRDoEr9UEO2HHU3kkWFcYlGMYXJUN75iqzI_9ZcaqdKME0o6V-nt0qA5BLnrAgfEJdEwDR4h0HM9Q4S4P0WjgYuY6X2UegtbiH1gTnQ",
            "source": "The Hacker News",
            "source_icon": "https://encrypted-tbn3.gstatic.com/faviconV2?url=https://thehackernews.com&client=NEWS_360&size=96&type=FAVICON&fallback_opts=TYPE,SIZE,URL",
            "title": "Black Basta Ransomware Strikes 500+ Entities Across North America, Europe, and Australia"
        },
        {
            "link": "https://news.google.com/articles/CBMibGh0dHBzOi8vd3d3LmludGMuY29tL25ld3MtZXZlbnRzL3ByZXNzLXJlbGVhc2VzL2RldGFpbC8xNjk1L2tldmluLW9idWNrbGV5LXRvLWxlYWQtZm91bmRyeS1zZXJ2aWNlcy1hdC1pbnRlbNIBAA?hl=en-US&gl=US&ceid=US%3Aen",
            "og": "https://encrypted-tbn0.gstatic.com/images?q=tbn:ANd9GcRVs0kRdN5hnrEri3zNwJAheAmtvbvn4deKqgNwSdbZ2pMvcl5l46MG893KERJn2gyCr6rcxVxDe1HPmrOHvoKoK4wHd-MHbnQ5lt58qOxOY5foXA",
            "source": "Investor Relations :: Intel Corporation (INTC)",
            "source_icon": "https://encrypted-tbn2.gstatic.com/faviconV2?url=https://www.intc.com&client=NEWS_360&size=96&type=FAVICON&fallback_opts=TYPE,SIZE,URL",
            "title": "Kevin O'Buckley to Lead Foundry Services at Intel"
        },
        {
            "link": "https://news.google.com/articles/CBMiemh0dHBzOi8vd3d3LnBicy5vcmcvbmV3c2hvdXIvZWNvbm9teS9zbWFsbC13ZWxsLWJ1aWx0LWNoaW5lc2UtZWxlY3RyaWMtdmVoaWNsZS1wb3Nlcy1hLWJpZy10aHJlYXQtdG8tdGhlLXUtcy1hdXRvLWluZHVzdHJ50gF-aHR0cHM6Ly93d3cucGJzLm9yZy9uZXdzaG91ci9hbXAvZWNvbm9teS9zbWFsbC13ZWxsLWJ1aWx0LWNoaW5lc2UtZWxlY3RyaWMtdmVoaWNsZS1wb3Nlcy1hLWJpZy10aHJlYXQtdG8tdGhlLXUtcy1hdXRvLWluZHVzdHJ5?hl=en-US&gl=US&ceid=US%3Aen",
            "og": "https://encrypted-tbn0.gstatic.com/images?q=tbn:ANd9GcRd9jmFF4w0Wjp_xbTLQirLKOgz59470g6DJ590MaxnyAOVADY1OlA8PGjOWkuJqvEijGtlSagfJWKVbrzGfpru2tnr2OC121LmlI94F1F0zYsfvw",
            "source": "PBS NewsHour",
            "source_icon": "https://encrypted-tbn1.gstatic.com/faviconV2?url=https://www.pbs.org&client=NEWS_360&size=96&type=FAVICON&fallback_opts=TYPE,SIZE,URL",
            "title": "Small, well-built Chinese electric vehicle poses a big threat to the U.S. auto industry"
        },
        {
            "link": "https://news.google.com/articles/CBMidmh0dHBzOi8vd3d3LnRoZXN0cmVldC5jb20vYXV0b21vdGl2ZS9wb3JzY2hlcy11cGRhdGVkLXZlcnNpb24tb2YtaXRzLWxlZ2VuZGFyeS1zcG9ydHMtY2FyLWxlYXZlcy10aGUtcGFzdC1pbi10aGUtZHVzdC3SAQA?hl=en-US&gl=US&ceid=US%3Aen",
            "og": "https://encrypted-tbn3.gstatic.com/images?q=tbn:ANd9GcQ4_b8uY6o6-gIH2z0jR0qyn24kFtFLj_zTWHlzhMYsrANmUPcHE8sQ3I4vy1yHzSeUSnOauYeHpR8wnObI1YXhE5zTyYbbkMyjIwEMevGaatrQaw",
            "source": "TheStreet",
            "source_icon": "https://encrypted-tbn1.gstatic.com/faviconV2?url=https://www.thestreet.com&client=NEWS_360&size=96&type=FAVICON&fallback_opts=TYPE,SIZE,URL",
            "title": "Porsche's updated version of its legendary sports car leaves the past in the dust"
        },
        {
            "link": "https://news.google.com/articles/CBMiSGh0dHBzOi8vZmluYW5jZS55YWhvby5jb20vbmV3cy9ub3ZhdmF4LWluYy1uYXNkYXEtbnZheC1xMS0xNDI0MjUyMzUuaHRtbNIBAA?hl=en-US&gl=US&ceid=US%3Aen",
            "og": "https://encrypted-tbn0.gstatic.com/images?q=tbn:ANd9GcT9uI9LFwcsMYmfdzD2VGg5VXHe_u1nBx-Ugaw3QZH2EeXTHDSM_cv3GrpLpqOjKjfwYexRKrUMzxQ61hTgfxKnHiyi9Wr_Wbs8jFlvwGLM46d5vg",
            "source": "Yahoo Finance",
            "source_icon": "https://encrypted-tbn1.gstatic.com/faviconV2?url=https://finance.yahoo.com&client=NEWS_360&size=96&type=FAVICON&fallback_opts=TYPE,SIZE,URL",
            "title": "Novavax, Inc. (NASDAQ:NVAX) Q1 2024 Earnings Call Transcript"
        },
        {
            "link": "https://news.google.com/articles/CBMi6wFodHRwczovL2xvY2FsMTIuY29tL25ld3MvbmF0aW9uLXdvcmxkL2FwcGxlLXN0b3JlLWVtcGxveWVlcy1tYXJ5bGFuZC11bmlvbi12b3RlLWF1dGhvcml6ZS1maXJzdC1zdHJpa2Utd29ya2luZy1jb25kaXRpb25zLXRvd3Nvbi1tYWxsLWludGVybmF0aW9uYWwtYXNzb2NpYXRpb24tb2YtbWFjaGluaXN0cy1hbmQtYWVyb3NwYWNlLXdvcmtlcnMtY29hbGl0aW9uLW9mLW9yZ2FuaXplZC1yZXRhaWwtZW1wbG95ZWVz0gHvAWh0dHBzOi8vbG9jYWwxMi5jb20vYW1wL25ld3MvbmF0aW9uLXdvcmxkL2FwcGxlLXN0b3JlLWVtcGxveWVlcy1tYXJ5bGFuZC11bmlvbi12b3RlLWF1dGhvcml6ZS1maXJzdC1zdHJpa2Utd29ya2luZy1jb25kaXRpb25zLXRvd3Nvbi1tYWxsLWludGVybmF0aW9uYWwtYXNzb2NpYXRpb24tb2YtbWFjaGluaXN0cy1hbmQtYWVyb3NwYWNlLXdvcmtlcnMtY29hbGl0aW9uLW9mLW9yZ2FuaXplZC1yZXRhaWwtZW1wbG95ZWVz?hl=en-US&gl=US&ceid=US%3Aen",
            "og": "https://encrypted-tbn1.gstatic.com/images?q=tbn:ANd9GcRD64_QPhJB1-8kzPgGKP-D7R7wafE-Wd_iQlbropwr9rO-HXUH-X0pC8li3MBCmZUBKtA-qWYPDDqlmc6fuqsFt29CFnYdiYXoHFJ3gDkFWhpvRQ",
            "source": "WKRC TV Cincinnati",
            "source_icon": "https://encrypted-tbn1.gstatic.com/faviconV2?url=https://local12.com&client=NEWS_360&size=96&type=FAVICON&fallback_opts=TYPE,SIZE,URL",
            "title": "Apple Store employees in Maryland vote to authorize a first strike over working conditions"
        },
        {
            "link": "https://news.google.com/articles/CBMiRmh0dHBzOi8vd3d3LmF4aW9zLmNvbS8yMDI0LzA1LzEzL2FtZXJpY2Fucy1oaWdoLWluZmxhdGlvbi1leHBlY3RhdGlvbnPSAQA?hl=en-US&gl=US&ceid=US%3Aen",
            "og": "https://encrypted-tbn1.gstatic.com/images?q=tbn:ANd9GcR7doZFtZngOCrPpkYz9gHP792Mb4mCj9MGT40ypoYuaQXMOmBD1mgHK0ZgdcbpRubMHnmcXp4VVXEFobsPTT2EtvFomsczSJK3ni7JtYfnxCTFlg",
            "source": "Axios",
            "source_icon": "https://encrypted-tbn0.gstatic.com/faviconV2?url=https://www.axios.com&client=NEWS_360&size=96&type=FAVICON&fallback_opts=TYPE,SIZE,URL",
            "title": "Inflation expectations creep up"
        },
        {
            "link": "https://news.google.com/articles/CBMia2h0dHBzOi8vZmluYW5jZS55YWhvby5jb20vbmV3cy9zdG9jay1tYXJrZXQtdG9kYXktc3RvY2tzLXdvYmJsZS13aXRoLWluZmxhdGlvbi1kYXRhLWluLWZvY3VzLTEzMzAzNDcyNi5odG1s0gEA?hl=en-US&gl=US&ceid=US%3Aen",
            "og": "https://encrypted-tbn2.gstatic.com/images?q=tbn:ANd9GcSkv3FK907s8wveJbCzbuBTgJkj6LWFXeKdPkNPNUmm-iBbD8OLwLu1cQEP99CjxYo",
            "source": "Yahoo Finance",
            "source_icon": "https://encrypted-tbn1.gstatic.com/faviconV2?url=https://finance.yahoo.com&client=NEWS_360&size=96&type=FAVICON&fallback_opts=TYPE,SIZE,URL",
            "title": "Stock market today: Stocks wobble with inflation data in focus"
        }
    ],
    "Entertainment": [
        {
            "link": "https://news.google.com/articles/CBMiLmh0dHBzOi8vd3d3LmJiYy5jb20vbmV3cy9hcnRpY2xlcy9jcWVubmxqcDRxNW_SATJodHRwczovL3d3dy5iYmMuY29tL25ld3MvYXJ0aWNsZXMvY3Flbm5sanA0cTVvLmFtcA?hl=en-US&gl=US&ceid=US%3Aen",
            "og": "https://encrypted-tbn3.gstatic.com/images?q=tbn:ANd9GcRJpf4pEQLHaDZLpWDnaavBF5KOuLYp1kccnwEz0hj0FVEX0yIzQJq2KwWNO6fpPytt4AHqi7C2PYv1OMBlZ4H3qUElcSMTXpgUMHju-n7OLVl4uA",
            "source": "BBC.com",
            "source_icon": "https://encrypted-tbn2.gstatic.com/faviconV2?url=https://www.bbc.com&client=NEWS_360&size=96&type=FAVICON&fallback_opts=TYPE,SIZE,URL",
            "title": "Cannes 2024: Drama on and off screen as film festival kicks off"
        },
        {
            "link": "https://news.google.com/articles/CBMic2h0dHBzOi8vbnlwb3N0LmNvbS8yMDI0LzA1LzE0L2VudGVydGFpbm1lbnQva2VsbHktY2xhcmtzb24tYWRtaXRzLXRvLXVzaW5nLXdlaWdodC1sb3NzLWRydWctYWZ0ZXItbG9zaW5nLTYwLXBvdW5kcy_SAXdodHRwczovL255cG9zdC5jb20vMjAyNC8wNS8xNC9lbnRlcnRhaW5tZW50L2tlbGx5LWNsYXJrc29uLWFkbWl0cy10by11c2luZy13ZWlnaHQtbG9zcy1kcnVnLWFmdGVyLWxvc2luZy02MC1wb3VuZHMvYW1wLw?hl=en-US&gl=US&ceid=US%3Aen",
            "og": "https://encrypted-tbn0.gstatic.com/images?q=tbn:ANd9GcQFayojB7TVtwxkv1OgC-iNh0rP-MS6tmZnxAJz2hxO-AJ-TRutgqYLZBN52V9s_968aUWe9RTBCLA1VwIh7QmkAZXeUBNpcGegPRcuojYWX0y6Pw",
            "source": "New York Post",
            "source_icon": "https://encrypted-tbn3.gstatic.com/faviconV2?url=https://nypost.com&client=NEWS_360&size=96&type=FAVICON&fallback_opts=TYPE,SIZE,URL",
            "title": "Kelly Clarkson admits to using weight loss drug after losing 60 pounds"
        },
        {
            "link": "https://news.google.com/articles/CBMiSWh0dHBzOi8vZGVhZGxpbmUuY29tLzIwMjQvMDUvc2FtLXJ1YmluLXNvbi1jb2xieS10cmlidXRlLWt0bGEtMTIzNTkxNDYzOS_SAU1odHRwczovL2RlYWRsaW5lLmNvbS8yMDI0LzA1L3NhbS1ydWJpbi1zb24tY29sYnktdHJpYnV0ZS1rdGxhLTEyMzU5MTQ2MzkvYW1wLw?hl=en-US&gl=US&ceid=US%3Aen",
            "og": "https://encrypted-tbn3.gstatic.com/images?q=tbn:ANd9GcTSitcUcRHkfoAyXfcV6bbGC_rEPPdr3r_9vxT81bmOOGjZVOClecck40YuthNHaMVqWFd8AAyBKlqXQC6dtJY-Jm3A5bZND2Xgm3mxqUUt1088Sg",
            "source": "Deadline",
            "source_icon": "https://encrypted-tbn0.gstatic.com/faviconV2?url=https://deadline.com&client=NEWS_360&size=96&type=FAVICON&fallback_opts=TYPE,SIZE,URL",
            "title": "Sam Rubin’s Son Colby Shares Touching Tribute To His Dad On KTLA Morning News"
        },
        {
            "link": "https://news.google.com/articles/CBMia2h0dHBzOi8vd3d3LmVvbmxpbmUuY29tL25ld3MvMTQwMTUzNC93aHktZmFucy10aGluay1jaHJpcy1wcmF0dC1zaGFkZWQtZXgtYW5uYS1mYXJpcy1pbi1tb3RoZXJzLWRheS10cmlidXRl0gEA?hl=en-US&gl=US&ceid=US%3Aen",
            "og": "https://encrypted-tbn2.gstatic.com/images?q=tbn:ANd9GcRrmq115sgdf5CVbtwx575W-U5lAgDfaW1HAimeKMJY_1CcxNDxbVZnslM4IpBmnMlQM71SjDboEWKlnXEPTB6r-NGpJoKCgmYeBIGUh1xT6abFrA",
            "source": "E! NEWS",
            "source_icon": "https://encrypted-tbn3.gstatic.com/faviconV2?url=https://www.eonline.com&client=NEWS_360&size=96&type=FAVICON&fallback_opts=TYPE,SIZE,URL",
            "title": "Why Fans Think Chris Pratt Shaded Ex Anna Faris in Mother’s Day Tribute"
        },
        {
            "link": "https://news.google.com/articles/CBMiP2h0dHBzOi8vd3d3LnlvdXJ0YW5nby5jb20vMjAyNDM3NDMzMi9sb3ZlLWhvcm9zY29wZS1tYXktMTQtMjAyNNIBQ2h0dHBzOi8vd3d3LnlvdXJ0YW5nby5jb20vMjAyNDM3NDMzMi9sb3ZlLWhvcm9zY29wZS1tYXktMTQtMjAyND9hbXA?hl=en-US&gl=US&ceid=US%3Aen",
            "og": "https://encrypted-tbn1.gstatic.com/images?q=tbn:ANd9GcRUqSSf_LZu1ATZn-UmG7rQHJg3qV3WtggLP07oEKnRKqnNQ8WEOOXcYChr0VMmiopuPCmL9702hZx4Su6EtVbs7wRXy3qxSL4Yxo8Ukw-eHEZB3A",
            "source": "YourTango",
            "source_icon": "https://encrypted-tbn0.gstatic.com/faviconV2?url=https://www.yourtango.com&client=NEWS_360&size=96&type=FAVICON&fallback_opts=TYPE,SIZE,URL",
            "title": "The Love Horoscope For Each Zodiac Sign On May 14, 2024"
        },
        {
            "link": "https://news.google.com/articles/CBMiT2h0dHBzOi8vd3d3LnRoZWRhaWx5YmVhc3QuY29tL2hvdy10aGUtbWlzcy11c2EtcGFnZWFudC1lbmRlZC11cC1zdWNoLWEtaG90LW1lc3PSAQA?hl=en-US&gl=US&ceid=US%3Aen",
            "og": "https://encrypted-tbn2.gstatic.com/images?q=tbn:ANd9GcQC2cyGl8VeumipHmeOY55k_1tVa2nAzBDJ6W20Yrt2vfsl0gH5ZRD4vmHOJuV7rlIRv0LWhjZuvVnRHEKjH6ls",
            "source": "The Daily Beast",
            "source_icon": "https://encrypted-tbn0.gstatic.com/faviconV2?url=https://www.thedailybeast.com&client=NEWS_360&size=96&type=FAVICON&fallback_opts=TYPE,SIZE,URL",
            "title": "How the Miss USA Pageant Ended Up Such a Hot Mess"
        },
        {
            "link": "https://news.google.com/articles/CBMiJ2h0dHBzOi8vd3d3LmJiYy5jb20vbmV3cy9hdi91ay02OTAwNTE3NdIBAA?hl=en-US&gl=US&ceid=US%3Aen",
            "og": "https://encrypted-tbn3.gstatic.com/images?q=tbn:ANd9GcRoHy7nawjFYUOVTUovhgej1JdDRkLRTGKktlbFNAo_zjoTAPtbtYBreITUjsi5q9rPizhn13oW1Q1a6481Db-A",
            "source": "BBC.com",
            "source_icon": "https://encrypted-tbn2.gstatic.com/faviconV2?url=https://www.bbc.com&client=NEWS_360&size=96&type=FAVICON&fallback_opts=TYPE,SIZE,URL",
            "title": "Prince William flies helicopter as Army Air Corps' new colonel-in-chief"
        },
        {
            "link": "https://news.google.com/articles/CBMiaGh0dHBzOi8vd3d3LmhvbGx5d29vZHJlcG9ydGVyLmNvbS9tb3ZpZXMvbW92aWUtbmV3cy9tZWdhbG9wb2xpcy10cmFpbGVyLWZyYW5jaXMtZm9yZC1jb3Bwb2xhLTEyMzU4OTgzNjcv0gFsaHR0cHM6Ly93d3cuaG9sbHl3b29kcmVwb3J0ZXIuY29tL21vdmllcy9tb3ZpZS1uZXdzL21lZ2Fsb3BvbGlzLXRyYWlsZXItZnJhbmNpcy1mb3JkLWNvcHBvbGEtMTIzNTg5ODM2Ny9hbXAv?hl=en-US&gl=US&ceid=US%3Aen",
            "og": "https://encrypted-tbn0.gstatic.com/images?q=tbn:ANd9GcQX8JK6qwuhixFs71KQasPlzQyotgM7M8kL2OY1Sbo-vLKshLHWNRRRYYbQIgSUDff1pBTiRauT4bE2GG-qDLgnr8ENzz60c5SRNB-blIS93Q1FXA",
            "source": "Hollywood Reporter",
            "source_icon": "https://encrypted-tbn1.gstatic.com/faviconV2?url=https://www.hollywoodreporter.com&client=NEWS_360&size=96&type=FAVICON&fallback_opts=TYPE,SIZE,URL",
            "title": "Francis Ford Coppola Releases First Teaser Trailer for Epic ‘Megalopolis’"
        },
        {
            "link": "https://news.google.com/articles/CBMicmh0dHBzOi8vbnlwb3N0LmNvbS8yMDI0LzA1LzEyL3VzLW5ld3MvYm9hcmR3YWxrLWVtcGlyZS1zdGFyLXN0ZXZlLWJ1c2NlbWktYXR0YWNrZWQtYnktcm9jay13aWVsZGluZy1tYW5pYWMtaW4tbnljL9IBAA?hl=en-US&gl=US&ceid=US%3Aen",
            "og": "https://encrypted-tbn2.gstatic.com/images?q=tbn:ANd9GcRs5OfS25DAYJG0xi3VDd5_-3BhNHCfVUVD3xB0ckVByblKYBFFjnMvN9yP8eaqVDlYtRq0PnqdEEECCwvDW-dhcdX7DhJ7OA-uYxUMnx2KuXzZUQ",
            "source": "New York Post",
            "source_icon": "https://encrypted-tbn3.gstatic.com/faviconV2?url=https://nypost.com&client=NEWS_360&size=96&type=FAVICON&fallback_opts=TYPE,SIZE,URL",
            "title": "'Boardwalk Empire' star Steve Buscemi punched by maniac in random NYC attack"
        },
        {
            "link": "https://news.google.com/articles/CBMilQFodHRwczovL3d3dy51c21hZ2F6aW5lLmNvbS9jZWxlYnJpdHktbmV3cy9uZXdzL2hvZGEta290Yi1qb2tlcy1nYXZpbi1yb3NzZGFsZS1oYXMtYS10eXBlLXdpdGgtZ2lybGZyaWVuZC14aG9hbmEteGhlbmV0aXMtcmVzZW1ibGFuY2UtdG8tZ3dlbi1zdGVmYW5pL9IBAA?hl=en-US&gl=US&ceid=US%3Aen",
            "og": "https://encrypted-tbn2.gstatic.com/images?q=tbn:ANd9GcQI55pOYJeCmbeKANI6tZE_gBsQpSez81pJJ18tW6zFax4Dqlf7suJRF1YIpNClquMxpMlHWkZYT1whxIgbfdAEWZFBtaanvAFH4aWoBI6XDr-Qzw",
            "source": "Us Weekly",
            "source_icon": "https://encrypted-tbn2.gstatic.com/faviconV2?url=https://www.usmagazine.com&client=NEWS_360&size=96&type=FAVICON&fallback_opts=TYPE,SIZE,URL",
            "title": "Hoda Kotb Jokes Gavin Rossdale Has a 'Type' With Gwen Stefani Lookalike GF"
        },
        {
            "link": "https://news.google.com/articles/CBMidGh0dHBzOi8vdGhlaGlsbC5jb20vcG9saWN5L2ludGVybmF0aW9uYWwvNDY2MTcyMy1pcmFuaWFuLWZpbG1tYWtlci1mbGVlcy1oaXMtY291bnRyeS1hZnRlci1mbG9nZ2luZy1wcmlzb24tc2VudGVuY2Uv0gF4aHR0cHM6Ly90aGVoaWxsLmNvbS9wb2xpY3kvaW50ZXJuYXRpb25hbC80NjYxNzIzLWlyYW5pYW4tZmlsbW1ha2VyLWZsZWVzLWhpcy1jb3VudHJ5LWFmdGVyLWZsb2dnaW5nLXByaXNvbi1zZW50ZW5jZS9hbXAv?hl=en-US&gl=US&ceid=US%3Aen",
            "og": "https://encrypted-tbn1.gstatic.com/images?q=tbn:ANd9GcS_WIABtqnkUgO-20vUAUA-0qg2-IZQZSiS4dBnrxvOwH-7FhwwDYYyxieNwmH7SJCjuqwxYfwZVk5yFmdobgis9LCcpaQuBU178kcXre9qBO0yaA",
            "source": "The Hill",
            "source_icon": "https://encrypted-tbn2.gstatic.com/faviconV2?url=https://thehill.com&client=NEWS_360&size=96&type=FAVICON&fallback_opts=TYPE,SIZE,URL",
            "title": "Iranian filmmaker flees his country after flogging, prison sentence"
        },
        {
            "link": "https://news.google.com/articles/CBMicWh0dHBzOi8vd3d3LmluZGVwZW5kZW50LmNvLnVrL2FydHMtZW50ZXJ0YWlubWVudC9ldXJvdmlzaW9uL2V1cm92aXNpb24tMjAyNC13aW5uZXItbmVtby1zd2l0emVybGFuZC1iMjU0NDU2NC5odG1s0gEA?hl=en-US&gl=US&ceid=US%3Aen",
            "og": "https://encrypted-tbn3.gstatic.com/images?q=tbn:ANd9GcR_4TOFeMX5Zm2hxizLofPNN1NWOQWL7T96B_3605xCoomsyTDYKoYTZ3bYSpAuXYFfHkJn-FNzPY8wNmy-e8pzcAp6ygCKFwqhLSdyJYNfQVoxbw",
            "source": "The Independent",
            "source_icon": "https://encrypted-tbn1.gstatic.com/faviconV2?url=https://www.independent.co.uk&client=NEWS_360&size=96&type=FAVICON&fallback_opts=TYPE,SIZE,URL",
            "title": "Eurovision winner Nemo hits out at organisers over 'unbelievable double standard'"
        },
        {
            "link": "https://news.google.com/articles/CBMiUGh0dHBzOi8vd3d3LnZvZ3VlLmNvbS9hcnRpY2xlL21lZ2hhbi1tYXJrbGUtbmlnZXJpYS10b3VyLXdhcmRyb2JlLWRlZXBlci1tZWFuaW5n0gEA?hl=en-US&gl=US&ceid=US%3Aen",
            "og": "https://encrypted-tbn0.gstatic.com/images?q=tbn:ANd9GcSfgR3Rk7dMPzyPICrEJo-MIP5pAGpWFH80M-V_jOPwnPFj8IqYlHgObr0_of-cefRWIv5BH2PT0332J-ReoipimrfSrjDJ60NBqXhks58IcaoB5A",
            "source": "Vogue",
            "source_icon": "https://encrypted-tbn3.gstatic.com/faviconV2?url=https://www.vogue.com&client=NEWS_360&size=96&type=FAVICON&fallback_opts=TYPE,SIZE,URL",
            "title": "The Deeper Meaning Behind Meghan Markle's Embrace of Her Former Royal Wardrobe"
        },
        {
            "link": "https://news.google.com/articles/CBMiRWh0dHBzOi8vd3d3Lm55dGltZXMuY29tLzIwMjQvMDUvMTMvYXJ0cy9tdXNpYy9kYXZpZC1zYW5ib3JuLWRlYWQuaHRtbNIBAA?hl=en-US&gl=US&ceid=US%3Aen",
            "og": "https://encrypted-tbn3.gstatic.com/images?q=tbn:ANd9GcSi3h0a-FC0639nKgDW3u9t_I1SuW_D9-8saCXMV2SL5vr1P7eve_43XkOpUFTz1sJsNV6tk4cAojSeN5ndD36Cv2Iuj3Iq5RAewPsu9OKTpfWc0w",
            "source": "The New York Times",
            "source_icon": "https://encrypted-tbn2.gstatic.com/faviconV2?url=https://www.nytimes.com&client=NEWS_360&size=96&type=FAVICON&fallback_opts=TYPE,SIZE,URL",
            "title": "David Sanborn, Saxophonist Who Defied Pigeonholing, Dies at 78"
        },
        {
            "link": "https://news.google.com/articles/CBMie2h0dHBzOi8vd3d3Lm5iY25ld3MuY29tL3BvcC1jdWx0dXJlL3BvcC1jdWx0dXJlLW5ld3Mva2VuZHJpY2stbGFtYXItZHJha2Utbm90LWxpa2UtdXMtbnVtYmVyLW9uZS1iaWxsYm9hcmQtY2hhcnQtcmNuYTE1MjA1MtIBK2h0dHBzOi8vd3d3Lm5iY25ld3MuY29tL25ld3MvYW1wL3JjbmExNTIwNTI?hl=en-US&gl=US&ceid=US%3Aen",
            "og": "https://encrypted-tbn2.gstatic.com/images?q=tbn:ANd9GcTJuZa2IP84JSxWVH1XOyscXAckSv2AeS4p5v3gwKsIQqOZs6kCWPUznwz_8qhv39k6ogJ5K4HAh9eegx7VTT1Rvy-T37klw-H1N4YJSzRvIOybvA",
            "source": "NBC News",
            "source_icon": "https://encrypted-tbn1.gstatic.com/faviconV2?url=https://www.nbcnews.com&client=NEWS_360&size=96&type=FAVICON&fallback_opts=TYPE,SIZE,URL",
            "title": "Kendrick Lamar nabs No. 1 spot on Billboard Hot 100 after Drake feud"
        },
        {
            "link": "https://news.google.com/articles/CBMiX2h0dHBzOi8vd3d3LnJvbGxpbmdzdG9uZS5jb20vbXVzaWMvbXVzaWMtbmV3cy9jaGlsZGlzaC1nYW1iaW5vLWRyb3BzLWF0YXZpc3RhLWFsYnVtLTEyMzUwMTg3Nzgv0gEA?hl=en-US&gl=US&ceid=US%3Aen",
            "og": "https://encrypted-tbn1.gstatic.com/images?q=tbn:ANd9GcSYIWyq75vC5ZaMAS--I3rTh_P5sCV4VY7uYGHPo4ru9qMAEJ95_Mus90jLrXR77OrlMrY0Hs3Sck7hmFi0HQvat7cSpewai3546fhVpQhhA_wfrA",
            "source": "Rolling Stone",
            "source_icon": "https://encrypted-tbn2.gstatic.com/faviconV2?url=https://www.rollingstone.com&client=NEWS_360&size=96&type=FAVICON&fallback_opts=TYPE,SIZE,URL",
            "title": "Childish Gambino Surprise-Drops New Album 'Atavista'"
        },
        {
            "link": "https://news.google.com/articles/CBMiZ2h0dHBzOi8vd3d3LmhvbGx5d29vZHJlcG9ydGVyLmNvbS9tb3ZpZXMvbW92aWUtbmV3cy9hbnlhLXRheWxvci1qb3ktaW50ZW5zZS1mdXJpb3NhLWZpbG1pbmctMTIzNTg5ODMxNy_SAWtodHRwczovL3d3dy5ob2xseXdvb2RyZXBvcnRlci5jb20vbW92aWVzL21vdmllLW5ld3MvYW55YS10YXlsb3Itam95LWludGVuc2UtZnVyaW9zYS1maWxtaW5nLTEyMzU4OTgzMTcvYW1wLw?hl=en-US&gl=US&ceid=US%3Aen",
            "og": "https://encrypted-tbn3.gstatic.com/images?q=tbn:ANd9GcQTB2u7s6BYFEvjPzgdSMUdAH3cqZi_jLNd-rqCl1xZs6a0Tqs3zDDRDm20_MUmE-HHyddULpCaAYZVfp9dD81M4H3ly30qQVL6MPFdIx3TdD76WQ",
            "source": "Hollywood Reporter",
            "source_icon": "https://encrypted-tbn1.gstatic.com/faviconV2?url=https://www.hollywoodreporter.com&client=NEWS_360&size=96&type=FAVICON&fallback_opts=TYPE,SIZE,URL",
            "title": "Anya Taylor-Joy Reflects on Intense ‘Furiosa’ Filming: “I’ve Never Been More Alone”"
        },
        {
            "link": "https://news.google.com/articles/CBMicGh0dHBzOi8vd2R3bnQuY29tLzIwMjQvMDUvbmV3LTUwLWZvb3QtcGx1bmdlLWFoZWFkLXNpZ25zLWFkZGVkLXRvLXRpYW5hcy1iYXlvdS1hZHZlbnR1cmUtcXVldWUtaW4tbWFnaWMta2luZ2RvbS_SAQA?hl=en-US&gl=US&ceid=US%3Aen",
            "og": "https://encrypted-tbn1.gstatic.com/images?q=tbn:ANd9GcQVAYY8ZO5nFiDOHHTLUHCuzcNTPu81BNabYHJ2QEp-1UG97bTrf5qHq4MMJHL-nMXLQaQ3NCYcJOlcVSSGy7qHfPQAljOgCdoT-dJwgfDxj0b49A",
            "source": "WDW News Today",
            "source_icon": "https://encrypted-tbn3.gstatic.com/faviconV2?url=https://wdwnt.com&client=NEWS_360&size=96&type=FAVICON&fallback_opts=TYPE,SIZE,URL",
            "title": "New '50 Foot Plunge Ahead' Signs Added to Tiana's Bayou Adventure Queue in Magic Kingdom"
        },
        {
            "link": "https://news.google.com/articles/CBMidGh0dHBzOi8vd3d3LmluZGVwZW5kZW50LmNvLnVrL25ld3Mvd29ybGQvYW1lcmljYXMvaGFycnktbWVnaGFuLWNoYXJpdHktYXJjaGV3ZWxsLWZvdW5kYXRpb24tZGVsaW5xdWVudC1iMjU0NDU2OS5odG1s0gEA?hl=en-US&gl=US&ceid=US%3Aen",
            "og": "https://encrypted-tbn1.gstatic.com/images?q=tbn:ANd9GcSTCQkq0k8QXybh07qYlcHr6E7K0hIJQPFuITktg40Nep1LJFSX9bCkIkAxwa8zn_TjODFLDofsIBdJnB0vn8Gp2npwReIYLlrh9REQnYglThpiLw",
            "source": "The Independent",
            "source_icon": "https://encrypted-tbn1.gstatic.com/faviconV2?url=https://www.independent.co.uk&client=NEWS_360&size=96&type=FAVICON&fallback_opts=TYPE,SIZE,URL",
            "title": "Harry and Meghan's Archewell charity found delinquent and unable to fundraise"
        },
        {
            "link": "https://news.google.com/articles/CBMiJ2h0dHA6Ly93d3cud3dlLmNvbS9zaG93cy9yYXcvMjAyNC0wNS0xM9IBAA?hl=en-US&gl=US&ceid=US%3Aen",
            "og": "https://encrypted-tbn1.gstatic.com/images?q=tbn:ANd9GcQByhMKfZtXTjucga1GWjMPhDD6de51H80WoWkiDUiQQiqeYXbaYP__cU0iAkDuDWkxx_h8OwGiNx06n7kHsIz9Asdmh1ORMPd3lAZD",
            "source": "WWE",
            "source_icon": "https://encrypted-tbn0.gstatic.com/faviconV2?url=http://www.wwe.com&client=NEWS_360&size=96&type=FAVICON&fallback_opts=TYPE,SIZE,URL",
            "title": "Raw: May 13, 2024"
        },
        {
            "link": "https://news.google.com/articles/CBMiUmh0dHBzOi8vd3d3LnlhaG9vLmNvbS9lbnRlcnRhaW5tZW50L2thdGUtZ29zc2VsaW4tc2hhcmVzLXJhcmUtcGhvdG8tMTg1MzU3MjM5Lmh0bWzSAQA?hl=en-US&gl=US&ceid=US%3Aen",
            "og": "https://encrypted-tbn0.gstatic.com/images?q=tbn:ANd9GcSpaEV4zmY7ev9pdoFTB8Cye86EL5KJcLeXsMVkp4gD8W0mHkyd59n1u_r7CBlk71s3PHCvL1HCHWKeaReyY-_KCwBPyrHYl_RhuA-1uc_pFNBfkA",
            "source": "Yahoo Entertainment",
            "source_icon": "https://encrypted-tbn1.gstatic.com/faviconV2?url=https://www.yahoo.com&client=NEWS_360&size=96&type=FAVICON&fallback_opts=TYPE,SIZE,URL",
            "title": "Kate Gosselin shares rare photo of grown up sextuplets after years of family drama in the spotlight"
        },
        {
            "link": "https://news.google.com/articles/CBMibmh0dHBzOi8vd3d3LmFsamF6ZWVyYS5jb20vbmV3cy8yMDI0LzUvMTMvd2h5LWFyZS1zb2NpYWwtbWVkaWEtdXNlcnMtYmxvY2tpbmctY2VsZWJyaXRpZXMtb3Zlci1pc3JhZWxzLWdhemEtd2Fy0gFyaHR0cHM6Ly93d3cuYWxqYXplZXJhLmNvbS9hbXAvbmV3cy8yMDI0LzUvMTMvd2h5LWFyZS1zb2NpYWwtbWVkaWEtdXNlcnMtYmxvY2tpbmctY2VsZWJyaXRpZXMtb3Zlci1pc3JhZWxzLWdhemEtd2Fy?hl=en-US&gl=US&ceid=US%3Aen",
            "og": "https://encrypted-tbn2.gstatic.com/images?q=tbn:ANd9GcS3LF1bLz3Di1jeVsEDShv3RQUrhrPFJZg4qKDnrWJTV5QDtvYLwNVclfFD_TMeq1A-Yvu55eXSTA7UEH0kWEtdvgG5KMjQ35iCsYIxrWMp-9b7JQ",
            "source": "Al Jazeera English",
            "source_icon": "https://encrypted-tbn0.gstatic.com/faviconV2?url=https://www.aljazeera.com&client=NEWS_360&size=96&type=FAVICON&fallback_opts=TYPE,SIZE,URL",
            "title": "Why are social media users blocking celebrities over Israel’s Gaza war?"
        },
        {
            "link": "https://news.google.com/articles/CBMiVmh0dHBzOi8vZ2l6bW9kby5jb20va2luZ2RvbS1vZi1wbGFuZXQtb2YtYXBlcy1zcG9pbGVycy1lbmRpbmctc2VxdWVscy1jYWVzYS0xODUxNDYyMjcz0gEA?hl=en-US&gl=US&ceid=US%3Aen",
            "og": "https://encrypted-tbn1.gstatic.com/images?q=tbn:ANd9GcTxB2P0ZFdZRUUSSKsvGnQ7SL6JRtPGTwSnd69WyWwp7eC-TeEmtAv2HqBwXSqlPVjXlUkTYwDaN4A00vSlYP1rbVqNV-YA1uYjZREv",
            "source": "Gizmodo",
            "source_icon": "https://encrypted-tbn1.gstatic.com/faviconV2?url=https://gizmodo.com&client=NEWS_360&size=96&type=FAVICON&fallback_opts=TYPE,SIZE,URL",
            "title": "Wes Ball Talks Kingdom of the Planet of the Apes Spoilers"
        },
        {
            "link": "https://news.google.com/articles/CBMiU2h0dHBzOi8vdmFyaWV0eS5jb20vMjAyNC90di9uZXdzL3dpY2tlZC1uYmN1LXVwZnJvbnQtMjAyNC1kb25uYS1sYW5nbGV5LTEyMzYwMDA3MDgv0gFXaHR0cHM6Ly92YXJpZXR5LmNvbS8yMDI0L3R2L25ld3Mvd2lja2VkLW5iY3UtdXBmcm9udC0yMDI0LWRvbm5hLWxhbmdsZXktMTIzNjAwMDcwOC9hbXAv?hl=en-US&gl=US&ceid=US%3Aen",
            "og": "https://encrypted-tbn2.gstatic.com/images?q=tbn:ANd9GcSwVQ05mrIJnexfQP93ewaNDcTjH160n4LEPYJgjAuQ8eM3RVCdQa52WWlGC1NkAph8eQIS9dq0U00E8h180jxeggugfPQJycM6zRm3-WlKX1sY8A",
            "source": "Variety",
            "source_icon": "https://encrypted-tbn1.gstatic.com/faviconV2?url=https://variety.com&client=NEWS_360&size=96&type=FAVICON&fallback_opts=TYPE,SIZE,URL",
            "title": "‘Wicked’ Movie Gets Big Push at NBCU Upfront as Donna Langley Takes Over the Show"
        },
        {
            "link": "https://news.google.com/articles/CBMiOWh0dHBzOi8vZGVmZWN0b3IuY29tL3RoZS1teXRoLW9mLWFuLWFwb2xpdGljYWwtZXVyb3Zpc2lvbtIBAA?hl=en-US&gl=US&ceid=US%3Aen",
            "og": "https://encrypted-tbn0.gstatic.com/images?q=tbn:ANd9GcTjZORG6fbU8QoXb0xZKwzrYmCnzXPdDpA_6d6qPxexig5ytYnDzLpXsW12R23eThAsI1lRwUfhhoW1qxoQ-B_E",
            "source": "Defector",
            "source_icon": "https://encrypted-tbn0.gstatic.com/faviconV2?url=https://defector.com&client=NEWS_360&size=96&type=FAVICON&fallback_opts=TYPE,SIZE,URL",
            "title": "The Myth Of An Apolitical Eurovision"
        },
        {
            "link": "https://news.google.com/articles/CBMiYmh0dHBzOi8vdmFyaWV0eS5jb20vMjAyNC9maWxtL2dsb2JhbC90aGllcnJ5LWZyZW1hdXgtbWV0b28tY2FubmVzLWZpbG0tZmVzdGl2YWwtcnVtb3JzLTEyMzYwMDA2MDkv0gFmaHR0cHM6Ly92YXJpZXR5LmNvbS8yMDI0L2ZpbG0vZ2xvYmFsL3RoaWVycnktZnJlbWF1eC1tZXRvby1jYW5uZXMtZmlsbS1mZXN0aXZhbC1ydW1vcnMtMTIzNjAwMDYwOS9hbXAv?hl=en-US&gl=US&ceid=US%3Aen",
            "og": "https://encrypted-tbn2.gstatic.com/images?q=tbn:ANd9GcTqa4y5jf7kcJV0u8N0ZBMbnaIhcco1ayKQ3DvMjX2LSiuvG1UMtajL8Q-w_1N1Efj9PLm9h3-OFrB7Ro0bTqHAg134BkkQJXG-po9XPukAFIF7mg",
            "source": "Variety",
            "source_icon": "https://encrypted-tbn1.gstatic.com/faviconV2?url=https://variety.com&client=NEWS_360&size=96&type=FAVICON&fallback_opts=TYPE,SIZE,URL",
            "title": "Thierry Fremaux Responds to Rumors of #MeToo Reckoning at Cannes: These ‘Polemics Don’t Concern’ the Festival"
        },
        {
            "link": "https://news.google.com/articles/CBMiSWh0dHBzOi8vd3d3Lm55dGltZXMuY29tLzIwMjQvMDUvMTAvc3R5bGUvbGFjdGF0aW9uLWNvb2tpZXMtYmlsbGJvYXJkLmh0bWzSAQA?hl=en-US&gl=US&ceid=US%3Aen",
            "og": "https://encrypted-tbn0.gstatic.com/images?q=tbn:ANd9GcTqzA4YwMKXa6LbDabKLlQ117ZiLasVmYdwbyIfo_GyJND7h6VHJX3eBUzepaTeVNWcrGXyScrOIk6NABZYUatzt76tpUdDPfLGnC8coIlub7DWQg",
            "source": "The New York Times",
            "source_icon": "https://encrypted-tbn2.gstatic.com/faviconV2?url=https://www.nytimes.com&client=NEWS_360&size=96&type=FAVICON&fallback_opts=TYPE,SIZE,URL",
            "title": "Molly Baz’s Lactation Cookie Ad Banned From Times Square"
        },
        {
            "link": "https://news.google.com/articles/CBMiW2h0dHBzOi8vYmxvb2R5LWRpc2d1c3RpbmcuY29tL21vdmllLzM4MTE4OTYvcm9nZXItY29ybWFuLWhvcnJvci1tb3ZpZXMtdG8tc3RyZWFtLXRoaXMtd2Vlay_SAQA?hl=en-US&gl=US&ceid=US%3Aen",
            "og": "https://encrypted-tbn2.gstatic.com/images?q=tbn:ANd9GcTnACmdo-uq8Zu4ySOhjb243PpBhWhSEqkwe5Tf1cMX-M-ITqh8mkKziphbt403AXfTJx270SdvSnS9fjbvVt-WRejeqjkmR1BQ-R-_UCCr54TksQ",
            "source": "Bloody Disgusting",
            "source_icon": "https://encrypted-tbn0.gstatic.com/faviconV2?url=https://bloody-disgusting.com&client=NEWS_360&size=96&type=FAVICON&fallback_opts=TYPE,SIZE,URL",
            "title": "Five Roger Corman Horror Movies to Stream This Week"
        },
        {
            "link": "https://news.google.com/articles/CBMic2h0dHBzOi8vd3d3LmhvbGx5d29vZHJlcG9ydGVyLmNvbS9saWZlc3R5bGUvYXJ0cy9nZW9yZ2UtY2xvb25leS1icm9hZHdheS1kZWJ1dC1nb29kLW5pZ2h0LWFuZC1nb29kLWx1Y2stMTIzNTg5NzY0MC_SAXdodHRwczovL3d3dy5ob2xseXdvb2RyZXBvcnRlci5jb20vbGlmZXN0eWxlL2FydHMvZ2VvcmdlLWNsb29uZXktYnJvYWR3YXktZGVidXQtZ29vZC1uaWdodC1hbmQtZ29vZC1sdWNrLTEyMzU4OTc2NDAvYW1wLw?hl=en-US&gl=US&ceid=US%3Aen",
            "og": "https://encrypted-tbn1.gstatic.com/images?q=tbn:ANd9GcR9H7DxXOA8cB_l3_RAdlICCdAlBlLl_Ik1AR0lIkQlbcb9O3t67F9mjhzf2S2oYaKU8B8OSZVuiPfmpVweYaSEhkdISWUtc8Osua12lF8szxOuMg",
            "source": "Hollywood Reporter",
            "source_icon": "https://encrypted-tbn1.gstatic.com/faviconV2?url=https://www.hollywoodreporter.com&client=NEWS_360&size=96&type=FAVICON&fallback_opts=TYPE,SIZE,URL",
            "title": "George Clooney to Make Broadway Debut in ‘Good Night, and Good Luck’"
        },
        {
            "link": "https://news.google.com/articles/CBMic2h0dHBzOi8vd3d3Lmh1ZmZwb3N0LmNvbS9lbnRyeS9vbGl2aWEtbXVubi1oeXN0ZXJlY3RvbXktYmVzdC1kZWNpc2lvbi1mb3ItaGVyLWFuZC1mYW1pbHlfbl82NjQyMjkyMWU0YjA4NjZhNWIyY2MxZmLSAXdodHRwczovL3d3dy5odWZmcG9zdC5jb20vZW50cnkvb2xpdmlhLW11bm4taHlzdGVyZWN0b215LWJlc3QtZGVjaXNpb24tZm9yLWhlci1hbmQtZmFtaWx5X25fNjY0MjI5MjFlNGIwODY2YTViMmNjMWZiL2FtcA?hl=en-US&gl=US&ceid=US%3Aen",
            "og": "https://encrypted-tbn0.gstatic.com/images?q=tbn:ANd9GcSL_8wkykS8MlKcN0nHD17rclC_IUoE-awZvMAhOh_z_op53hvh83Jre7BpuA_NUuEeQUPRzmaPtfRQ85iLv_Wogxs2_Op8q6lQXzhJHEGWjOg0bw",
            "source": "HuffPost",
            "source_icon": "https://encrypted-tbn3.gstatic.com/faviconV2?url=https://www.huffpost.com&client=NEWS_360&size=96&type=FAVICON&fallback_opts=TYPE,SIZE,URL",
            "title": "Olivia Munn Calls Her Hysterectomy The 'Best Decision' For Her And Her Family"
        },
        {
            "link": "https://news.google.com/articles/CBMiT2h0dHBzOi8vd3d3Lm5wci5vcmcvMjAyNC8wNS8xMy8xMjUwNTA3OTAwL2Jpa2luaS1raWxsLWthdGhsZWVuLWhhbm5hLXJlYmVsLWdpcmzSAQA?hl=en-US&gl=US&ceid=US%3Aen",
            "og": "https://encrypted-tbn0.gstatic.com/images?q=tbn:ANd9GcS34I4EwQxOHLakZkFifN76HrAzEkkZMte_Q6lOXQ5ekD_blP_rV7ppz15hZtmC4a1rajKu-ntoM-aTBF_6ctRVz3eFMSXA6GttJjrhA4Z-mQ8P_Q",
            "source": "NPR",
            "source_icon": "https://encrypted-tbn1.gstatic.com/faviconV2?url=https://www.npr.org&client=NEWS_360&size=96&type=FAVICON&fallback_opts=TYPE,SIZE,URL",
            "title": "Bikini Kill frontwoman Kathleen Hanna looks back in the memoir 'Rebel Girl'"
        },
        {
            "link": "https://news.google.com/articles/CBMiY2h0dHBzOi8vdmFyaWV0eS5jb20vMjAyNC90di9uZXdzL3NldGgtbWV5ZXJzLW5iYy11cGZyb250cy1wZWFjb2NrLWZveC1uZXdzLXRvbS1zYW5kb3ZhbC0xMjM2MDAwODQ2L9IBZ2h0dHBzOi8vdmFyaWV0eS5jb20vMjAyNC90di9uZXdzL3NldGgtbWV5ZXJzLW5iYy11cGZyb250cy1wZWFjb2NrLWZveC1uZXdzLXRvbS1zYW5kb3ZhbC0xMjM2MDAwODQ2L2FtcC8?hl=en-US&gl=US&ceid=US%3Aen",
            "og": "https://encrypted-tbn3.gstatic.com/images?q=tbn:ANd9GcSaVK6eWHsu0U29Mtm9ojDRvKv8Xz63kSgO7G-D4XX9ZPwxMbC21XH5lHc3GZWwWktMaSLcxeBndBRjavH0dZOKysGrN5hO-ui1D0Q7KRinc8J52Q",
            "source": "Variety",
            "source_icon": "https://encrypted-tbn1.gstatic.com/faviconV2?url=https://variety.com&client=NEWS_360&size=96&type=FAVICON&fallback_opts=TYPE,SIZE,URL",
            "title": "Seth Meyers Skewers Tom Sandoval, Peacock, Fox News, Linda Yaccarino and More at NBCUniversal Upfronts"
        },
        {
            "link": "https://news.google.com/articles/CBMihQFodHRwczovL255cG9zdC5jb20vMjAyNC8wNS8xMy9lbnRlcnRhaW5tZW50L3ByaW5jZS1oYXJyeS1mb3JjZWQta2luZy1jaGFybGVzLXRvLWNob29zZS1iZXR3ZWVuLWhpbS1hbmQtcXVlZW4tY2FtaWxsYS1zYXlzLWNvbmZpZGFudGUv0gGJAWh0dHBzOi8vbnlwb3N0LmNvbS8yMDI0LzA1LzEzL2VudGVydGFpbm1lbnQvcHJpbmNlLWhhcnJ5LWZvcmNlZC1raW5nLWNoYXJsZXMtdG8tY2hvb3NlLWJldHdlZW4taGltLWFuZC1xdWVlbi1jYW1pbGxhLXNheXMtY29uZmlkYW50ZS9hbXAv?hl=en-US&gl=US&ceid=US%3Aen",
            "og": "https://encrypted-tbn1.gstatic.com/images?q=tbn:ANd9GcSeBMyls9uEAZM7LN3R5-Z0uL95VOvMtu5i54XR1cO-rUwTSsLPRfkoJmRqyl8sWLenSLIPy0zTvzHzpWDFcfwWHZzXIgQ1ZoCvEtGnJyu-vhlKTA",
            "source": "New York Post",
            "source_icon": "https://encrypted-tbn3.gstatic.com/faviconV2?url=https://nypost.com&client=NEWS_360&size=96&type=FAVICON&fallback_opts=TYPE,SIZE,URL",
            "title": "Prince Harry 'forced' King Charles 'to choose' between him and 'villain' Queen Camilla, says confidante"
        },
        {
            "link": "https://news.google.com/articles/CBMiTmh0dHBzOi8vd3d3LnlhaG9vLmNvbS9uZXdzL2tpbmctY2hhcmxlcy1naXZlcy11bnNldHRsaW5nLWhlYWx0aC0xNjA0NDExNjEuaHRtbNIBAA?hl=en-US&gl=US&ceid=US%3Aen",
            "og": "https://encrypted-tbn1.gstatic.com/images?q=tbn:ANd9GcRM1Y48Qb9ILGHqOrln_ia0rBKJmgHcQKDfKJejUllm0Q3yCDJzn1O-SKkfDQxbmLtHt9t9jWtrhfIQvxfW0-D-d-ozs8nTaIlRvv8yL1iw7PcW6w",
            "source": "Yahoo! Voices",
            "source_icon": "https://encrypted-tbn1.gstatic.com/faviconV2?url=https://www.yahoo.com&client=NEWS_360&size=96&type=FAVICON&fallback_opts=TYPE,SIZE,URL",
            "title": "King Charles Gives Unsettling Health Update Amid Cancer Battle"
        },
        {
            "link": "https://news.google.com/articles/CBMiRGh0dHBzOi8vdmFyaWV0eS5jb20vMjAyNC90di9uZXdzL2R1bmUtcHJvcGhlY3ktY2FzdC10YWJ1LTEyMzYwMDA5MDcv0gFIaHR0cHM6Ly92YXJpZXR5LmNvbS8yMDI0L3R2L25ld3MvZHVuZS1wcm9waGVjeS1jYXN0LXRhYnUtMTIzNjAwMDkwNy9hbXAv?hl=en-US&gl=US&ceid=US%3Aen",
            "og": "https://encrypted-tbn1.gstatic.com/images?q=tbn:ANd9GcTOpu2IeFe94FNdgW7gKvxirL4pI1oTwdwmlJ549dDvdA7PcZayJoEIeZBIrhEsfr5kDZr70oyekWMn-eY0epcvGFvmKJ_OdB2O5cdA1jWsrAHUAg",
            "source": "Variety",
            "source_icon": "https://encrypted-tbn1.gstatic.com/faviconV2?url=https://variety.com&client=NEWS_360&size=96&type=FAVICON&fallback_opts=TYPE,SIZE,URL",
            "title": "‘Dune: Prophecy’ Casts Indian Superstar Tabu (EXCLUSIVE)"
        },
        {
            "link": "https://news.google.com/articles/CBMidGh0dHBzOi8vd3d3Lm5iY25ld3MuY29tL25ld3Mvd29ybGQvM3JkLXRyZXNwYXNzaW5nLXJlcG9ydGVkLWRyYWtlcy1tYW5zaW9uLW1hbi1wcmV2aW91cy1pbmNpZGVudC1jYW1lLWJhYy1yY25hMTUxOTUz0gEraHR0cHM6Ly93d3cubmJjbmV3cy5jb20vbmV3cy9hbXAvcmNuYTE1MTk1Mw?hl=en-US&gl=US&ceid=US%3Aen",
            "og": "https://encrypted-tbn0.gstatic.com/images?q=tbn:ANd9GcR-K54J4hREQFqB6T4WBIsKAEgJutq8bzCdMu6yQqfKxk2UnxfngVdxtOlH-GuIjZJYAbiO0X205XaWTswLKdqYeNcAURythar8-n7fRuRsC7Fb-g",
            "source": "NBC News",
            "source_icon": "https://encrypted-tbn1.gstatic.com/faviconV2?url=https://www.nbcnews.com&client=NEWS_360&size=96&type=FAVICON&fallback_opts=TYPE,SIZE,URL",
            "title": "3rd trespassing reported at Drake's mansion as man from previous incident comes back for bike"
        },
        {
            "link": "https://news.google.com/articles/CBMiU2h0dHBzOi8vd3d3LnlhaG9vLmNvbS9lbnRlcnRhaW5tZW50L3Zhbi1odW50LWFjY2lkZW50YWxseS1wb3N0cy1udWRlLTIwNDQwNjg4Mi5odG1s0gEA?hl=en-US&gl=US&ceid=US%3Aen",
            "og": "https://encrypted-tbn3.gstatic.com/images?q=tbn:ANd9GcSnm6FGfmPOeQ7CZb8bZqPE5FhO8B2m9eGWgyE3j6T7mtBZPOd2IB2W3Gflxhywb-OlZprm6WbchaJv5ypXeJ96Anb6uF9NWT8-agIefECneQLQCQ",
            "source": "Yahoo Entertainment",
            "source_icon": "https://encrypted-tbn1.gstatic.com/faviconV2?url=https://www.yahoo.com&client=NEWS_360&size=96&type=FAVICON&fallback_opts=TYPE,SIZE,URL",
            "title": "Van Hunt 'accidentally' posts nude photo of Halle Berry in honour of Mother's Day"
        },
        {
            "link": "https://news.google.com/articles/CBMiRGh0dHBzOi8vd3d3LnRlZW52b2d1ZS5jb20vc3RvcnkvanVzdGluLWhhaWxleS1iaWViZXItZmlyc3QtYmFieS1uYW1l0gEA?hl=en-US&gl=US&ceid=US%3Aen",
            "og": "https://encrypted-tbn2.gstatic.com/images?q=tbn:ANd9GcQHBIDolUfZJlzo_f1tMjwf7AdVcl-j_LvHRwLWMvF6fOmmsiiufHiaQOoEp2dZp9gHIBiIAszOot5hFRE_ywjcWUS0qRiu_qZmWLlJeT5GqcQ7LQ",
            "source": "Teen Vogue",
            "source_icon": "https://encrypted-tbn0.gstatic.com/faviconV2?url=https://www.teenvogue.com&client=NEWS_360&size=96&type=FAVICON&fallback_opts=TYPE,SIZE,URL",
            "title": "Justin & Hailey Bieber Already Have a Name for Their Baby"
        },
        {
            "link": "https://news.google.com/articles/CBMiZGh0dHBzOi8vd3d3LmhvbGx5d29vZHJlcG9ydGVyLmNvbS90di90di1uZXdzL3N0ZXZlLWNhcmVsbC13b250LWFwcGVhci10aGUtb2ZmaWNlLXNwaW5vZmYtMTIzNTg5ODIzNi_SAWhodHRwczovL3d3dy5ob2xseXdvb2RyZXBvcnRlci5jb20vdHYvdHYtbmV3cy9zdGV2ZS1jYXJlbGwtd29udC1hcHBlYXItdGhlLW9mZmljZS1zcGlub2ZmLTEyMzU4OTgyMzYvYW1wLw?hl=en-US&gl=US&ceid=US%3Aen",
            "og": "https://encrypted-tbn2.gstatic.com/images?q=tbn:ANd9GcTHNL_jupSpVJjDy1lQwn3kF8kT5eWJfqeyuPuABCw3H9S0OBFs7q8Y-xYJnjtSYqmtGeD0W6DWoa1AsyLsNCqDu9yJpiPSaf6ERGRfPyQ03TP0gg",
            "source": "Hollywood Reporter",
            "source_icon": "https://encrypted-tbn1.gstatic.com/faviconV2?url=https://www.hollywoodreporter.com&client=NEWS_360&size=96&type=FAVICON&fallback_opts=TYPE,SIZE,URL",
            "title": "Steve Carell Weighs in on New ‘The Office’ Series: “I Will Be Watching But I Will Not Be Showing Up”"
        },
        {
            "link": "https://news.google.com/articles/CBMiiQFodHRwczovL3BhZ2VzaXguY29tLzIwMjQvMDUvMTMvZW50ZXJ0YWlubWVudC9raGxvZS1rYXJkYXNoaWFuLWJyaW5ncy1raWRzLXRvLXNlZS1kYWQtdHJpc3Rhbi10aG9tcHNvbi1wbGF5LXByb2Zlc3Npb25hbGx5LWZvci1maXJzdC10aW1lL9IBjQFodHRwczovL3BhZ2VzaXguY29tLzIwMjQvMDUvMTMvZW50ZXJ0YWlubWVudC9raGxvZS1rYXJkYXNoaWFuLWJyaW5ncy1raWRzLXRvLXNlZS1kYWQtdHJpc3Rhbi10aG9tcHNvbi1wbGF5LXByb2Zlc3Npb25hbGx5LWZvci1maXJzdC10aW1lL2FtcC8?hl=en-US&gl=US&ceid=US%3Aen",
            "og": "https://encrypted-tbn1.gstatic.com/images?q=tbn:ANd9GcS2pF2elREIRi1cYoW2ywqiMN48PwaT3Bg_eU2S2dgK-c_rbNJFdGIKmiAXps6Zg4d_adqTDtnAOEWWpvvEZ19E81qX9_Cbt162u-AXGSI6veZ-pg",
            "source": "Page Six",
            "source_icon": "https://encrypted-tbn1.gstatic.com/faviconV2?url=https://pagesix.com&client=NEWS_360&size=96&type=FAVICON&fallback_opts=TYPE,SIZE,URL",
            "title": "Khloé Kardashian brings kids to see dad Tristan Thompson play professionally for first time"
        }
    ],
    "Health": [
        {
            "link": "https://news.google.com/articles/CBMid2h0dHBzOi8vYXJzdGVjaG5pY2EuY29tL3NjaWVuY2UvMjAyNC8wNS9hbnRpLXBhc3RldXJpemF0aW9uLWNyb3dkLXJlYWZmaXJtcy1sb3ZlLW9mLXJhdy1taWxrLWRlc3BpdGUtYmlyZC1mbHUtb3V0YnJlYWsv0gEA?hl=en-US&gl=US&ceid=US%3Aen",
            "og": "https://encrypted-tbn2.gstatic.com/images?q=tbn:ANd9GcR9A3N6umz6_65KSIFNh8u8G6nqH795NkVpkyhehBuBfjhO2IlsUA2L9oDXNwQ5Njp_2rXWy0PnGVCesCb8hI4_VE7GLgnVMNWN-tCQy6zqM4XS9w",
            "source": "Ars Technica",
            "source_icon": "https://encrypted-tbn0.gstatic.com/faviconV2?url=https://arstechnica.com&client=NEWS_360&size=96&type=FAVICON&fallback_opts=TYPE,SIZE,URL",
            "title": "Raw milk fans plan to drink up as experts warn of high levels of H5N1 virus"
        },
        {
            "link": "https://news.google.com/articles/CBMihwFodHRwczovL3d3dy5yZXV0ZXJzLmNvbS9idXNpbmVzcy9oZWFsdGhjYXJlLXBoYXJtYWNldXRpY2Fscy93ZWdvdnktd2VpZ2h0LWxvc3Mtc3VzdGFpbmVkLWZvdXIteWVhcnMtdHJpYWwtbm92by1ub3JkaXNrLXNheXMtMjAyNC0wNS0xMy_SAQA?hl=en-US&gl=US&ceid=US%3Aen",
            "og": "https://encrypted-tbn2.gstatic.com/images?q=tbn:ANd9GcQN-AK2JjGlOfJ4pA68qOsMErsu1AbT2VQXtvMO41AymTuojVWOx426FQgUaYz3sdAmDOSWy0obUTsm7K44HDmCdLDmUla9RF0pNJ6u_65CgYsDBw",
            "source": "Reuters",
            "source_icon": "https://encrypted-tbn2.gstatic.com/faviconV2?url=https://www.reuters.com&client=NEWS_360&size=96&type=FAVICON&fallback_opts=TYPE,SIZE,URL",
            "title": "Wegovy weight loss sustained for four years in trial, Novo Nordisk says"
        },
        {
            "link": "https://news.google.com/articles/CBMiYGh0dHBzOi8vd3d3LndpcmVkLmNvbS9zdG9yeS9waWcta2lkbmV5LWRlYXRoLXJpY2stc2xheW1hbi10cmFuc3BsYW50LWFuaW1hbC14ZW5vdHJhbnNwbGFudGF0aW9uL9IBAA?hl=en-US&gl=US&ceid=US%3Aen",
            "og": "https://encrypted-tbn1.gstatic.com/images?q=tbn:ANd9GcSh1MGouVvBbZ4re3baZ4WlxYGINU9gxUfHBTs6tT3vrTicz-nJ217S3Llhwf3o10F1I0bDIM0-2viDjpXEuV8ga7v33-eQ5uEcU58a",
            "source": "WIRED",
            "source_icon": "https://encrypted-tbn2.gstatic.com/faviconV2?url=https://www.wired.com&client=NEWS_360&size=96&type=FAVICON&fallback_opts=TYPE,SIZE,URL",
            "title": "The First Person to Receive a Pig Kidney Transplant Has Died"
        },
        {
            "link": "https://news.google.com/articles/CBMiT2h0dHBzOi8vd3d3LmtzYncuY29tL2FydGljbGUvMS1pbi04LWFkdWx0cy1pbi10aGUtdXMtaGFzLXRha2VuLW96ZW1waWMvNjA3NTI5MjHSAQA?hl=en-US&gl=US&ceid=US%3Aen",
            "og": "https://encrypted-tbn1.gstatic.com/images?q=tbn:ANd9GcQqgse7BKOCgyNj124qo0H65Wk0jceAFKvdD8PhVUAU9z5kR4VzO4yIzDMMYWto5v8",
            "source": "KSBW Monterey",
            "source_icon": "https://encrypted-tbn3.gstatic.com/faviconV2?url=https://www.ksbw.com&client=NEWS_360&size=96&type=FAVICON&fallback_opts=TYPE,SIZE,URL",
            "title": "1 in 8 adults in the US has taken Ozempic or another GLP-1 drug, KFF survey finds"
        },
        {
            "link": "https://news.google.com/articles/CBMiYWh0dHBzOi8vYWJjbmV3cy5nby5jb20vSGVhbHRoL2twMi1ub3ctZG9taW5hbnQtY292aWQtdmFyaWFudC1leHBlcnRzLXVzLXN1bW1lci9zdG9yeT9pZD0xMTAxNjYxODfSAWVodHRwczovL2FiY25ld3MuZ28uY29tL2FtcC9IZWFsdGgva3AyLW5vdy1kb21pbmFudC1jb3ZpZC12YXJpYW50LWV4cGVydHMtdXMtc3VtbWVyL3N0b3J5P2lkPTExMDE2NjE4Nw?hl=en-US&gl=US&ceid=US%3Aen",
            "og": "https://encrypted-tbn2.gstatic.com/images?q=tbn:ANd9GcT8caOIWc1XfzS3lvo047ECVgQvWZqLMYgOPpOPre9UGPWhp0UifG2BdvfGmP9w_d85MTNxwths4KopVSzrp9ZIYLVTjvHVKUQza5VBigZp-_eyCQ",
            "source": "ABC News",
            "source_icon": "https://encrypted-tbn3.gstatic.com/faviconV2?url=https://abcnews.go.com&client=NEWS_360&size=96&type=FAVICON&fallback_opts=TYPE,SIZE,URL",
            "title": "KP.2 is now the dominant COVID variant. Experts say US may see a summer increase in cases"
        },
        {
            "link": "https://news.google.com/articles/CBMiamh0dHBzOi8vd3d3LmNpZHJhcC51bW4uZWR1L2F2aWFuLWluZmx1ZW56YS1iaXJkLWZsdS93YXN0ZXdhdGVyLXRlc3RpbmctZmluZHMtaDVuMS1hdmlhbi1mbHUtOS10ZXhhcy1jaXRpZXPSAQA?hl=en-US&gl=US&ceid=US%3Aen",
            "og": "https://encrypted-tbn2.gstatic.com/images?q=tbn:ANd9GcQGlzJYYRXdBs7_bEKDEnUkGoGtglbDnau7-tr0z8lbvH5-hVuh51w1bAHWqbgeOIU",
            "source": "University of Minnesota Twin Cities",
            "source_icon": "https://encrypted-tbn0.gstatic.com/faviconV2?url=https://www.cidrap.umn.edu&client=NEWS_360&size=96&type=FAVICON&fallback_opts=TYPE,SIZE,URL",
            "title": "Wastewater testing finds H5N1 avian flu in 9 Texas cities"
        },
        {
            "link": "https://news.google.com/articles/CBMiUWh0dHBzOi8vc2NpdGVjaGRhaWx5LmNvbS9hbGNvaG9scy1hbnRpZG90ZS1uZXctZ2VsLW5ldXRyYWxpemVzLWJvb3plLWluLXRoZS1ib2R5L9IBAA?hl=en-US&gl=US&ceid=US%3Aen",
            "og": "https://encrypted-tbn1.gstatic.com/images?q=tbn:ANd9GcT5LR_oshjXc2MFB1Ws0qTFuiKmuTBbJoOf1Qd6mKDVHW16I6Yysa9GMaazr2_Zo-ncsE6nfaJrVle0tMfBM_Uw7BetBLi_EweUiFMryJaX6y2G8g",
            "source": "SciTechDaily",
            "source_icon": "https://encrypted-tbn2.gstatic.com/faviconV2?url=https://scitechdaily.com&client=NEWS_360&size=96&type=FAVICON&fallback_opts=TYPE,SIZE,URL",
            "title": "Alcohol's Antidote: New Gel Neutralizes Booze in the Body"
        },
        {
            "link": "https://news.google.com/articles/CBMiQmh0dHBzOi8vbmV1cm9zY2llbmNlbmV3cy5jb20vcHN5Y2hvc2lzLXRoYy1uZXVyb2RldmVsb3BtZW50LTI2MDk0L9IBAA?hl=en-US&gl=US&ceid=US%3Aen",
            "og": "https://encrypted-tbn2.gstatic.com/images?q=tbn:ANd9GcSEGGaplRfWyNwYAGkjwDhYzcA0fx9fQU9cXe_eEWJVtAUaUtijZAE4BPLve2M6l7kZiAd275_cwk89Cazjae4QXiCz-IXB6Eancc14XDoYjnfWWQ",
            "source": "Neuroscience News",
            "source_icon": "https://encrypted-tbn2.gstatic.com/faviconV2?url=https://neurosciencenews.com&client=NEWS_360&size=96&type=FAVICON&fallback_opts=TYPE,SIZE,URL",
            "title": "High-Potency Cannabis Linked to Youth Psychosis"
        },
        {
            "link": "https://news.google.com/articles/CBMifmh0dHBzOi8vd3d3Lm5wci5vcmcvc2VjdGlvbnMvaGVhbHRoLXNob3RzLzIwMjQvMDUvMTMvMTI1MDU1NTYzOS9raWRzLWV5ZXNpZ2h0LW15b3BpYS1uZWFyLXNpZ2h0ZWQtbmVhcnNpZ2h0ZWRuZXNzLW91dGRvb3ItcGxhedIBAA?hl=en-US&gl=US&ceid=US%3Aen",
            "og": "https://encrypted-tbn2.gstatic.com/images?q=tbn:ANd9GcQ2WOMJVez52WW5iMCUZabBIxg73GQmL8WlddW-NVECRgnaqGsCOEu4Wmz1AEOOx1JGPOEylu3-OssFUPr2PmDn6EmGoZr9zBvwi9BatF3KFREhKQ",
            "source": "NPR",
            "source_icon": "https://encrypted-tbn1.gstatic.com/faviconV2?url=https://www.npr.org&client=NEWS_360&size=96&type=FAVICON&fallback_opts=TYPE,SIZE,URL",
            "title": "Outdoor time is good for your kids' eyesight. It protects against myopia : Shots - Health News"
        },
        {
            "link": "https://news.google.com/articles/CBMimAFodHRwczovL3d3dy5yZXV0ZXJzLmNvbS9idXNpbmVzcy9oZWFsdGhjYXJlLXBoYXJtYWNldXRpY2Fscy9uZXctYnJlYXN0LWNhbmNlci1nZW5lcy1mb3VuZC13b21lbi1hZnJpY2FuLWFuY2VzdHJ5LW1heS1pbXByb3ZlLXJpc2stYXNzZXNzbWVudC0yMDI0LTA1LTEzL9IBAA?hl=en-US&gl=US&ceid=US%3Aen",
            "og": "https://encrypted-tbn1.gstatic.com/images?q=tbn:ANd9GcRtXk1NntnPA78UuM2byAndjcGvEUHKML45urQEvEw5C3rpZvUoolV3UnTPKjWlLaZJqoHwH_e2wOQWgeG2RQek8YTmnqGa3scfFyxSN9D484DH_g",
            "source": "Reuters",
            "source_icon": "https://encrypted-tbn2.gstatic.com/faviconV2?url=https://www.reuters.com&client=NEWS_360&size=96&type=FAVICON&fallback_opts=TYPE,SIZE,URL",
            "title": "New breast cancer genes found in women of African ancestry, may improve risk assessment"
        },
        {
            "link": "https://news.google.com/articles/CBMiX2h0dHBzOi8vd3d3LmJ1c2luZXNzaW5zaWRlci5jb20vbG93LXRlc3Rvc3Rlcm9uZS1sZXZlbHMtaGlnaGVyLXJpc2stb2YtZWFybHktZGVhdGgtc3R1ZHktMjAyNC010gFjaHR0cHM6Ly93d3cuYnVzaW5lc3NpbnNpZGVyLmNvbS9sb3ctdGVzdG9zdGVyb25lLWxldmVscy1oaWdoZXItcmlzay1vZi1lYXJseS1kZWF0aC1zdHVkeS0yMDI0LTU_YW1w?hl=en-US&gl=US&ceid=US%3Aen",
            "og": "https://encrypted-tbn0.gstatic.com/images?q=tbn:ANd9GcTV2p-Syx1SZ9UJ9poPTYW2a3Z2c6tJhpX1M54Ml6ouHacq5iyT8dihNSDqvXAGbD1iMm6lVxletm9y1aJx2z0UHee66vzywc6P8C5ySOWgq2RFIQ",
            "source": "Business Insider",
            "source_icon": "https://encrypted-tbn3.gstatic.com/faviconV2?url=https://www.businessinsider.com&client=NEWS_360&size=96&type=FAVICON&fallback_opts=TYPE,SIZE,URL",
            "title": "Low testosterone levels linked to higher risk of early death: study"
        },
        {
            "link": "https://news.google.com/articles/CBMiRWh0dHBzOi8vd3d3LmVhdGluZ3dlbGwuY29tL3N1cHBsZW1lbnRzLW5vdC10YWtlLWZvci1tZW5vcGF1c2UtODY0NjEwNdIBAA?hl=en-US&gl=US&ceid=US%3Aen",
            "og": "https://encrypted-tbn3.gstatic.com/images?q=tbn:ANd9GcTIcChSfFb0QjjCSt5I9c-ZkEJug-GnZ9qdqtTPYiOG57xGXIh2ZBH1EYbMOuVPqSAKtIvBwl-q0v5V0CCJ7qGORNQNKLhC7yRGzB-zpNeXdYf-Ig",
            "source": "EatingWell",
            "source_icon": "https://encrypted-tbn3.gstatic.com/faviconV2?url=https://www.eatingwell.com&client=NEWS_360&size=96&type=FAVICON&fallback_opts=TYPE,SIZE,URL",
            "title": "5 Supplements You Shouldn't Take for Menopause, According to Dietitians"
        },
        {
            "link": "https://news.google.com/articles/CBMiMWh0dHBzOi8vd3d3LmJiYy5jb20vbmV3cy93b3JsZC1hdXN0cmFsaWEtNjkwMDY3MTPSATVodHRwczovL3d3dy5iYmMuY29tL25ld3Mvd29ybGQtYXVzdHJhbGlhLTY5MDA2NzEzLmFtcA?hl=en-US&gl=US&ceid=US%3Aen",
            "og": "https://encrypted-tbn0.gstatic.com/images?q=tbn:ANd9GcSkfBNY960ipvGDflSjWpoEBBqZjM0aK8fmJRwcg6R35efd-kqrpLGAEf_6ZNObAg-HQMs9o3PabrpO_3fNL8eFEFU43kDOPCqPe5Yj2wsvdv3q5w",
            "source": "BBC.com",
            "source_icon": "https://encrypted-tbn2.gstatic.com/faviconV2?url=https://www.bbc.com&client=NEWS_360&size=96&type=FAVICON&fallback_opts=TYPE,SIZE,URL",
            "title": "Richard Scolyer: Top doctor remains brain cancer-free after a year"
        },
        {
            "link": "https://news.google.com/articles/CBMie2h0dHBzOi8vd3d3LnVzYXRvZGF5LmNvbS9zdG9yeS9uZXdzL2hlYWx0aC8yMDI0LzA1LzEyL21lYXNsZXMtcG9saW8tY292aWQtMTktYW50aS12YWNjaW5lLW1vdmVtZW50LXRoZS1leGNlcnB0LzczNjM4NTQ2MDA3L9IBAA?hl=en-US&gl=US&ceid=US%3Aen",
            "og": "https://encrypted-tbn3.gstatic.com/images?q=tbn:ANd9GcQwI4wifK1VXeilCJAcRyWUndgzqWNvyGC083m6tpYwQ7gwB9PUw_ShvSvmHP-mqzsmTzHkrDYuv5hgjL4gs8MxFvmKGQSmxfTa7H4xqnSVpD60Hg",
            "source": "USA TODAY",
            "source_icon": "https://encrypted-tbn0.gstatic.com/faviconV2?url=https://www.usatoday.com&client=NEWS_360&size=96&type=FAVICON&fallback_opts=TYPE,SIZE,URL",
            "title": "What's driving the anti-vax movement? | The Excerpt"
        },
        {
            "link": "https://news.google.com/articles/CBMid2h0dHBzOi8vbnlwb3N0LmNvbS8yMDI0LzA1LzEzL2xpZmVzdHlsZS93ZWlnaHQtdHJhaW5pbmctc3RyZW5ndGhlbnMtbW9yZS10aGFuLW11c2NsZXMtaXQtYWxzby1wdW1wcy11cC10aGUtYnJhaW4tc3R1ZHkv0gF7aHR0cHM6Ly9ueXBvc3QuY29tLzIwMjQvMDUvMTMvbGlmZXN0eWxlL3dlaWdodC10cmFpbmluZy1zdHJlbmd0aGVucy1tb3JlLXRoYW4tbXVzY2xlcy1pdC1hbHNvLXB1bXBzLXVwLXRoZS1icmFpbi1zdHVkeS9hbXAv?hl=en-US&gl=US&ceid=US%3Aen",
            "og": "https://encrypted-tbn0.gstatic.com/images?q=tbn:ANd9GcQvxIQwS067VN1sEaBNi4Lwn0PbiVDmL7o_UksPA8o5gDkz127bpYxV40hDTAyNSz83nueyogZS-rrdwME6GjcjfEF8fR4SGU4yfR5842tdI2397w",
            "source": "New York Post",
            "source_icon": "https://encrypted-tbn3.gstatic.com/faviconV2?url=https://nypost.com&client=NEWS_360&size=96&type=FAVICON&fallback_opts=TYPE,SIZE,URL",
            "title": "Weight training strengthens more than muscles — it also pumps up the brain, study says"
        },
        {
            "link": "https://news.google.com/articles/CBMiiAFodHRwczovL3d3dy5mcmVlcC5jb20vc3RvcnkvbmV3cy9sb2NhbC9taWNoaWdhbi8yMDI0LzA1LzEzL3NlYXNvbmFsLWFsbGVyZ2llcy1hbGxlcmd5LXNlYXNvbi0yMDI0LXNwcmluZy1leWVzLXBvbGxlbi1wbGFudHMvNzMzNjEzNzIwMDcv0gEA?hl=en-US&gl=US&ceid=US%3Aen",
            "og": "https://encrypted-tbn3.gstatic.com/images?q=tbn:ANd9GcRh5mkwSeOumkke8n9sWwUglf-Q3y_SsI37L1w-EFAQONsj9vGGbPV8WwPdaY_h06Jteyr5AbLuv9BdascM1k5RkkHQMtQNUvKuWoYALsX5HvmVKg",
            "source": "Detroit Free Press",
            "source_icon": "https://encrypted-tbn1.gstatic.com/faviconV2?url=https://www.freep.com&client=NEWS_360&size=96&type=FAVICON&fallback_opts=TYPE,SIZE,URL",
            "title": "Seasonal allergies are getting worse: What to do, how to check pollen counts"
        },
        {
            "link": "https://news.google.com/articles/CBMiZWh0dHBzOi8va3RsYS5jb20vbmV3cy9sb2NhbC1uZXdzL2xvcy1hbmdlbGVzLWNvdW50eS1wdWJsaWMtaGVhbHRoLWludmVzdGlnYXRpbmctaGVwYXRpdGlzLWEtb3V0YnJlYWsv0gFpaHR0cHM6Ly9rdGxhLmNvbS9uZXdzL2xvY2FsLW5ld3MvbG9zLWFuZ2VsZXMtY291bnR5LXB1YmxpYy1oZWFsdGgtaW52ZXN0aWdhdGluZy1oZXBhdGl0aXMtYS1vdXRicmVhay9hbXAv?hl=en-US&gl=US&ceid=US%3Aen",
            "og": "https://encrypted-tbn3.gstatic.com/images?q=tbn:ANd9GcRpIJ57NtfMQncPy8dlOYyo3XP4Y4lb-7OKAKh9lpOafJcCJKP3x9xhc2zNWWVfxytUTXUX3SeR2OIvfqSKhFUq_fIrqyeA0Whfw-hOh09gO1U8Xw",
            "source": "KTLA Los Angeles",
            "source_icon": "https://encrypted-tbn2.gstatic.com/faviconV2?url=https://ktla.com&client=NEWS_360&size=96&type=FAVICON&fallback_opts=TYPE,SIZE,URL",
            "title": "Los Angeles County Public Health investigating Hepatitis A outbreak"
        },
        {
            "link": "https://news.google.com/articles/CBMiWmh0dHBzOi8vbGVhcm5pbmdlbmdsaXNoLnZvYW5ld3MuY29tL2EvbGVzcy1vci1uby1hbGNvaG9sLWlzLWJldHRlci1mb3ItaGVhbHRoLzc1OTczMzQuaHRtbNIBXGh0dHBzOi8vbGVhcm5pbmdlbmdsaXNoLnZvYW5ld3MuY29tL2FtcC9sZXNzLW9yLW5vLWFsY29ob2wtaXMtYmV0dGVyLWZvci1oZWFsdGgvNzU5NzMzNC5odG1s?hl=en-US&gl=US&ceid=US%3Aen",
            "og": "https://encrypted-tbn1.gstatic.com/images?q=tbn:ANd9GcR6M4EDiV6nPyNbyKT2GCp0YqvqUIZGLhqCmjdfu2djBTGGfnnxScDbhpRdEBMG9K6p-_WR1g2wNDqhOkA10EEzQFdkbEMZKKXDVkGDgZIYaZma7Q",
            "source": "VOA Learning English",
            "source_icon": "https://encrypted-tbn3.gstatic.com/faviconV2?url=https://learningenglish.voanews.com&client=NEWS_360&size=96&type=FAVICON&fallback_opts=TYPE,SIZE,URL",
            "title": "Less or No Alcohol Is Better for Health"
        },
        {
            "link": "https://news.google.com/articles/CBMiVGh0dHBzOi8vd3d3LnVwaS5jb20vSGVhbHRoX05ld3MvMjAyNC8wNS8xMy9saWZlLXN1cHBvcnQtZW5kZWQtcmVjb3Zlci8yMjgxNzE1NTU1ODg0L9IBAA?hl=en-US&gl=US&ceid=US%3Aen",
            "og": "https://encrypted-tbn2.gstatic.com/images?q=tbn:ANd9GcREV1hwpM8odzfqIqN0-38tl8CjDTyeZ-5GXEXY0SfF4Nt50c9u6WusHaBTUOZa90wwuU3O0mUAw0yX-KqTVTnD27GiF7K3M9mHxrAK4t8KN12WyA",
            "source": "UPI News",
            "source_icon": "https://encrypted-tbn3.gstatic.com/faviconV2?url=https://www.upi.com&client=NEWS_360&size=96&type=FAVICON&fallback_opts=TYPE,SIZE,URL",
            "title": "Study: Brain-injured patients who died after life support ended may have recovered"
        },
        {
            "link": "https://news.google.com/articles/CBMiUmh0dHBzOi8vbWVkaWNhbHhwcmVzcy5jb20vbmV3cy8yMDI0LTA1LWdlbmV0aWMtdmFyaWFudC1jb21tb24tYmxhY2stYW1lcmljYW5zLmh0bWzSAVFodHRwczovL21lZGljYWx4cHJlc3MuY29tL25ld3MvMjAyNC0wNS1nZW5ldGljLXZhcmlhbnQtY29tbW9uLWJsYWNrLWFtZXJpY2Fucy5hbXA?hl=en-US&gl=US&ceid=US%3Aen",
            "og": "https://encrypted-tbn0.gstatic.com/images?q=tbn:ANd9GcTh46Ts7eK6p6zszrf7M88vZGHhIhAMG7zyh85BBeydkAac3yJWoqnYBg53Wo0uoZPmlQpaajpXvux0dogdPB0J8HnavXTxQRDDf3DP2t1kegUHnQ",
            "source": "Medical Xpress",
            "source_icon": "https://encrypted-tbn0.gstatic.com/faviconV2?url=https://medicalxpress.com&client=NEWS_360&size=96&type=FAVICON&fallback_opts=TYPE,SIZE,URL",
            "title": "Researchers show genetic variant common among Black Americans contributes to large cardiovascular disease burden"
        },
        {
            "link": "https://news.google.com/articles/CBMitwFodHRwczovL3d3dy50aGVndWFyZGlhbi5jb20vbGlmZWFuZHN0eWxlL2FydGljbGUvMjAyNC9tYXkvMTMvd2hhdC1pZi1ocnQtaXNudC1yaWdodC1mb3ItbWUtYW5kLWlzLWNvbGQtd2F0ZXItc3dpbW1pbmctcmVhbGx5LXRoZS1hbnN3ZXItdG8tZXZlcnl0aGluZy15b3VyLW1lbm9wYXVzZS1xdWVzdGlvbnMtYW5zd2VyZWTSAbcBaHR0cHM6Ly9hbXAudGhlZ3VhcmRpYW4uY29tL2xpZmVhbmRzdHlsZS9hcnRpY2xlLzIwMjQvbWF5LzEzL3doYXQtaWYtaHJ0LWlzbnQtcmlnaHQtZm9yLW1lLWFuZC1pcy1jb2xkLXdhdGVyLXN3aW1taW5nLXJlYWxseS10aGUtYW5zd2VyLXRvLWV2ZXJ5dGhpbmcteW91ci1tZW5vcGF1c2UtcXVlc3Rpb25zLWFuc3dlcmVk?hl=en-US&gl=US&ceid=US%3Aen",
            "og": "https://encrypted-tbn3.gstatic.com/images?q=tbn:ANd9GcTBMTIiWr-h5OISSDVaXfcRpqx4X7be9wYxDFclWSAzitDG1r2nHxL3cN9uLp2woYy4wXXiNVJjIjeSwT56nvAXH91Cmat1dMs7GSqs2Udv8ltwWA",
            "source": "The Guardian",
            "source_icon": "https://encrypted-tbn0.gstatic.com/faviconV2?url=https://www.theguardian.com&client=NEWS_360&size=96&type=FAVICON&fallback_opts=TYPE,SIZE,URL",
            "title": "What if HRT isn’t right for me? And is cold-water swimming really the answer to everything? Your menopause questions answered"
        },
        {
            "link": "https://news.google.com/articles/CBMiUGh0dHBzOi8vd3d3Lndhc2hpbmd0b25wb3N0LmNvbS9ib29rcy8yMDI0LzA1LzEyL2EtZmF0YWwtaW5oZXJpdGFuY2UtYm9vay1yZXZpZXcv0gEA?hl=en-US&gl=US&ceid=US%3Aen",
            "og": "https://encrypted-tbn0.gstatic.com/images?q=tbn:ANd9GcTvT-20pJ5WqNxu1KAjGACW7eah4ygLME-u8vIhTcvSmFS2dVlBIKR4whEoFkS62AY3wjMNhzigQorJ-f_45JxuGQn6dEAqiAC0BAnxFGSqMvSntw",
            "source": "The Washington Post",
            "source_icon": "https://encrypted-tbn3.gstatic.com/faviconV2?url=https://www.washingtonpost.com&client=NEWS_360&size=96&type=FAVICON&fallback_opts=TYPE,SIZE,URL",
            "title": "‘A Fatal Inheritance,’ by Lawrence Ingrassia book review"
        },
        {
            "link": "https://news.google.com/articles/CBMiXmh0dHBzOi8vd3d3LmRhaWx5bWFpbC5jby51ay9oZWFsdGgvYXJ0aWNsZS0xMzQxMjIzNS9yYWJpZXMtdmFjY2luZS1iYXQtd2lzY29uc2luLXN1cnZpdmFsLmh0bWzSAWJodHRwczovL3d3dy5kYWlseW1haWwuY28udWsvaGVhbHRoL2FydGljbGUtMTM0MTIyMzUvYW1wL3JhYmllcy12YWNjaW5lLWJhdC13aXNjb25zaW4tc3Vydml2YWwuaHRtbA?hl=en-US&gl=US&ceid=US%3Aen",
            "og": "https://encrypted-tbn2.gstatic.com/images?q=tbn:ANd9GcT3GkLZrUuSX2YlO3-LY8qKJ4kWkjHqULSai7p4Q0TP4hvmVVtfFBgV7WKsFuCeVt1L1JuXlPkpcli2Hy5IwB-PCQAXYaPYKt8xQY5RSNCv2QT5fQ",
            "source": "Daily Mail",
            "source_icon": "https://encrypted-tbn1.gstatic.com/faviconV2?url=https://www.dailymail.co.uk&client=NEWS_360&size=96&type=FAVICON&fallback_opts=TYPE,SIZE,URL",
            "title": "I was the first person in the world to survive RABIES without a vaccine - after I got bitten by a bat in a Wis"
        },
        {
            "link": "https://news.google.com/articles/CBMiX2h0dHBzOi8vd3d3Lnd5ZmY0LmNvbS9hcnRpY2xlLzExLXllYXItb2xkLW5ldy1nZW5lLWVkaXRpbmctdHJlYXRtZW50LXRvLXJlc3RvcmUtdmlzaW9uLzYwNzY5MTQz0gEA?hl=en-US&gl=US&ceid=US%3Aen",
            "og": "https://encrypted-tbn2.gstatic.com/images?q=tbn:ANd9GcS6ZmnpUZqMfHLEKczmJoT6_tIfYveFoPikPz0voy2pxtzRwnraeW4I5-mzQuqmuk_ipVNKdEc2j9NbgvRadFJ2",
            "source": "WYFF4 Greenville",
            "source_icon": "https://encrypted-tbn0.gstatic.com/faviconV2?url=https://www.wyff4.com&client=NEWS_360&size=96&type=FAVICON&fallback_opts=TYPE,SIZE,URL",
            "title": "Video: 11-year-old boy receives gene-editing treatment to restore vision"
        },
        {
            "link": "https://news.google.com/articles/CBMifGh0dHBzOi8vdHJpbmlkYWRleHByZXNzLmNvbS9mZWF0dXJlcy9sb2NhbC9vemVtcGljLXdhcm5pbmctZm9yLXdlaWdodC1sb3NzL2FydGljbGVfOGRmNGZiN2MtMTBiOC0xMWVmLTk3YTktMGZlMjg0N2M1NWQ3Lmh0bWzSAYABaHR0cHM6Ly90cmluaWRhZGV4cHJlc3MuY29tL2ZlYXR1cmVzL2xvY2FsL296ZW1waWMtd2FybmluZy1mb3Itd2VpZ2h0LWxvc3MvYXJ0aWNsZV84ZGY0ZmI3Yy0xMGI4LTExZWYtOTdhOS0wZmUyODQ3YzU1ZDcuYW1wLmh0bWw?hl=en-US&gl=US&ceid=US%3Aen",
            "og": "https://encrypted-tbn3.gstatic.com/images?q=tbn:ANd9GcQwsSa80dvbfyNrGxSTNn24jrk17l2atkQPDZddexKQuWZx5Hy1vuMsGZYf5IVK2zFMOr7l_1Wk1Q1jmDZcs6p7sdLSIBUCuPvjF8lZmhjlFnqNhg",
            "source": "Trinidad & Tobago Express Newspapers",
            "source_icon": "https://encrypted-tbn2.gstatic.com/faviconV2?url=https://trinidadexpress.com&client=NEWS_360&size=96&type=FAVICON&fallback_opts=TYPE,SIZE,URL",
            "title": "Ozempic warning for weight loss"
        },
        {
            "link": "https://news.google.com/articles/CBMingFodHRwczovL3RoZWNvbnZlcnNhdGlvbi5jb20vYmluZ2UtZHJpbmtpbmctaXMtYS1ncm93aW5nLXB1YmxpYy1oZWFsdGgtY3Jpc2lzLWEtbmV1cm9iaW9sb2dpc3QtZXhwbGFpbnMtaG93LXJlc2VhcmNoLW9uLWFsY29ob2wtdXNlLWRpc29yZGVyLWhhcy1zaGlmdGVkLTIyNzMxM9IBAA?hl=en-US&gl=US&ceid=US%3Aen",
            "og": "https://encrypted-tbn2.gstatic.com/images?q=tbn:ANd9GcSuvF6zpgndBwFBzCuasc7VCpohr8fht1nbAhLKBsYAcNEWaslfauvf3niD89nUraQYjb-fBnLHZm6_i8cAdPXr",
            "source": "The Conversation Indonesia",
            "source_icon": "https://encrypted-tbn0.gstatic.com/faviconV2?url=https://theconversation.com&client=NEWS_360&size=96&type=FAVICON&fallback_opts=TYPE,SIZE,URL",
            "title": "Binge drinking is a growing public health crisis − a neurobiologist explains how research on alcohol use disorder has shifted"
        },
        {
            "link": "https://news.google.com/articles/CBMimQFodHRwczovL3d3dy50aGVndWFyZGlhbi5jb20vZ2xvYmFsLWRldmVsb3BtZW50L2FydGljbGUvMjAyNC9tYXkvMTMvc3VwZXJidWdzLWFudGliaW90aWNzLWRydWdzLWFudGltaWNyb2JpYWwtcmVzaXN0YW5jZS1pbmZlY3Rpb25zLXBhbmRlbWljcy1zYWxseS1kYXZpZXPSAQA?hl=en-US&gl=US&ceid=US%3Aen",
            "og": "https://encrypted-tbn3.gstatic.com/images?q=tbn:ANd9GcRvkgsLAT-DBKcOHC-AMaz3rw8W9_jbttoOJ17T6fYQwa9ZsD_hLnusghzjGWZNBU--7jMzzMr3iPa0HjhiOO9iswiEAoRmfaAAG53tVzK2rWMg3g",
[...]
            "og": "https://encrypted-tbn0.gstatic.com/images?q=tbn:ANd9GcQ3sRZMZwYgSYr-83kZrs2Cpzea_3ntBO8341YqaMRMg1CzK_w6rxI-Bc4R6APizOI",
            "source": "Deseret News",
            "source_icon": "https://encrypted-tbn1.gstatic.com/faviconV2?url=https://www.deseret.com&client=NEWS_360&size=96&type=FAVICON&fallback_opts=TYPE,SIZE,URL",
            "title": "BYU, Utah golf teams begin play at NCAA regionals on Monday"
        },
        {
            "link": "https://news.google.com/articles/CBMiVWh0dHBzOi8vd3d3LmRlbnZlcmJyb25jb3MuY29tL25ld3MvYnJvbmNvcy1zaWduLXdyLXBoaWxsaXAtZG9yc2V0dC1jYi1xdWludG9uLW5ld3NvbWXSAQA?hl=en-US&gl=US&ceid=US%3Aen",
            "og": "https://encrypted-tbn2.gstatic.com/images?q=tbn:ANd9GcSdhecY5qys--LYTt5cq7BR6kEynQ16L3Lc3navirObyykIc3B4gf43-jLR1tYLZ8pxyXruCMkOBqTAWZUwGMAq",
            "source": "DenverBroncos.com",
            "source_icon": "https://encrypted-tbn1.gstatic.com/faviconV2?url=https://www.denverbroncos.com&client=NEWS_360&size=96&type=FAVICON&fallback_opts=TYPE,SIZE,URL",
            "title": "Broncos sign WR Phillip Dorsett, CB Quinton Newsome"
        },
        {
            "link": "https://news.google.com/articles/CBMie2h0dHBzOi8vd3d3Lm5iY3Nwb3J0cy5jb20vbmZsL3Byb2Zvb3RiYWxsdGFsay9ydW1vci1taWxsL25ld3MvYWxleC12YW4tcGVsdC13aWxsLWJlLXRoZS1sZWFkLWd1eS1pbi13b3JraW5nLXdpdGgtZHJha2UtbWF5ZdIBAA?hl=en-US&gl=US&ceid=US%3Aen",
            "og": "https://encrypted-tbn1.gstatic.com/images?q=tbn:ANd9GcStojEs1OOIM8qOZ80VADBCGKtVjINlVAe-ytjbVImrvRamKsLY09NguKxuuHp2K-68lqVeMwEdlzi5H04FaC43",
            "source": "NBC Sports",
            "source_icon": "https://encrypted-tbn1.gstatic.com/faviconV2?url=https://www.nbcsports.com&client=NEWS_360&size=96&type=FAVICON&fallback_opts=TYPE,SIZE,URL",
            "title": "Alex Van Pelt will be the \"lead guy\" in working with Drake Maye"
        },
        {
            "link": "https://news.google.com/articles/CBMiYmh0dHBzOi8vd3d3LmVzcG4uY29tL25obC9zdG9yeS9fL2lkLzQwMTQwNTg3L25obC1zdXNwZW5kcy1jYW51Y2tzLWNhcnNvbi1zb3VjeS1zaG90LWNvbm5vci1tY2Rhdmlk0gEA?hl=en-US&gl=US&ceid=US%3Aen",
            "og": "https://encrypted-tbn2.gstatic.com/images?q=tbn:ANd9GcQLoJaEDDws72PhvdlfQVOIjVIKSlS0fywO2OoUpP08C3KRvd633dfBKkRS1DhTpH_tw3MczqFWdV_Hbrs4e1F-",
            "source": "ESPN",
            "source_icon": "https://encrypted-tbn2.gstatic.com/faviconV2?url=https://www.espn.com&client=NEWS_360&size=96&type=FAVICON&fallback_opts=TYPE,SIZE,URL",
            "title": "NHL suspends Canucks' Carson Soucy for shot to Connor McDavid"
        },
        {
            "link": "https://news.google.com/articles/CBMicWh0dHBzOi8vd3d3Lm5hc2Nhci5jb20vbmV3cy1tZWRpYS8yMDI0LzA1LzEzL2N1cC1zZXJpZXMtMjAyNC1kYXJsaW5ndG9uLWFuYWx5c2lzLXJmay1yYWNpbmctZm9yZC1icmFkLWtlc2Vsb3dza2kv0gF1aHR0cHM6Ly93d3cubmFzY2FyLmNvbS9uZXdzLW1lZGlhLzIwMjQvMDUvMTMvY3VwLXNlcmllcy0yMDI0LWRhcmxpbmd0b24tYW5hbHlzaXMtcmZrLXJhY2luZy1mb3JkLWJyYWQta2VzZWxvd3NraS9hbXAv?hl=en-US&gl=US&ceid=US%3Aen",
            "og": "https://encrypted-tbn2.gstatic.com/images?q=tbn:ANd9GcSpVXW2UT-VUKhYDFi8LulFyLUZQRA_JjOHk_k19SH_KUjMpQOTs3SCTv_9YVDU6aYi35RxaZQOyAZQsgAqMN15ODlglJva9AZNfZ0eOYHnJK0Pnw",
            "source": "NASCAR",
            "source_icon": "https://encrypted-tbn0.gstatic.com/faviconV2?url=https://www.nascar.com&client=NEWS_360&size=96&type=FAVICON&fallback_opts=TYPE,SIZE,URL",
            "title": "Brad Keselowski, No. 6 pit crew fly the flag after streak-snapping triumph: ‘It’s a heck of a ride’"
        },
        {
            "link": "https://news.google.com/articles/CBMibGh0dHBzOi8vd3d3LmNsZXZlbGFuZC5jb20vY2F2cy8yMDI0LzA1L2Rvbm92YW4tbWl0Y2hlbGwtdG8tbWlzcy1nYW1lLTQtb2YtZWFzdGVybi1jb25mZXJlbmNlLXNlbWlmaW5hbHMuaHRtbNIBe2h0dHBzOi8vd3d3LmNsZXZlbGFuZC5jb20vY2F2cy8yMDI0LzA1L2Rvbm92YW4tbWl0Y2hlbGwtdG8tbWlzcy1nYW1lLTQtb2YtZWFzdGVybi1jb25mZXJlbmNlLXNlbWlmaW5hbHMuaHRtbD9vdXRwdXRUeXBlPWFtcA?hl=en-US&gl=US&ceid=US%3Aen",
            "og": "https://encrypted-tbn3.gstatic.com/images?q=tbn:ANd9GcS9FJf-Ouq3AB-bwWFFYoXCGM3dIF0lZnilkuPZ4XgvZR9gF4kuoX5fgqaNN-xlTy3BTHY_R2C-KQC-3Y3Za3oYaKBFx4DBoySNBZYoCqADbWGNgA",
            "source": "cleveland.com",
            "source_icon": "https://encrypted-tbn2.gstatic.com/faviconV2?url=https://www.cleveland.com&client=NEWS_360&size=96&type=FAVICON&fallback_opts=TYPE,SIZE,URL",
            "title": "Donovan Mitchell out for Game 4 of Eastern Conference semifinals"
        },
        {
            "link": "https://news.google.com/articles/CBMihAFodHRwczovL3Nwb3J0cy55YWhvby5jb20vbWxiLXBvd2VyLXJhbmtpbmdzLXBoaWxsaWVzLWxlYWQtZG9kZ2Vycy1icmF2ZXMtYXMtdHJpby1vZi1ubC1jb250ZW5kZXJzLXRvcC10aGlzLXdlZWtzLWxpc3QtMTk0MDQ5NzYyLmh0bWzSAQA?hl=en-US&gl=US&ceid=US%3Aen",
            "og": "https://encrypted-tbn0.gstatic.com/images?q=tbn:ANd9GcRRdtxsZJfPtMEbdCjGfJaANhX-yEB0iZkNcENVaMKBj8jERY5xoR__ES9DFZjD6TOBSBx02Cr2_Qx3kT2Vc7N3okcuU08q3FMeqglqJ87dc3pb6Q",
            "source": "Yahoo Sports",
            "source_icon": "https://encrypted-tbn3.gstatic.com/faviconV2?url=https://sports.yahoo.com&client=NEWS_360&size=96&type=FAVICON&fallback_opts=TYPE,SIZE,URL",
            "title": "MLB Power Rankings: Phillies lead Dodgers, Braves as trio of NL contenders top this week's list"
        },
        {
            "link": "https://news.google.com/articles/CBMiTWh0dHBzOi8vcmFjZXIuY29tLzIwMjQvMDUvMTMvd2hhdHMtaGFwcGVuaW5nLWFuZC13aGVuLWF0LXRoaXMteWVhcnMtaW5keS01MDAv0gEA?hl=en-US&gl=US&ceid=US%3Aen",
            "og": "https://encrypted-tbn1.gstatic.com/images?q=tbn:ANd9GcRSb4enpOQg7kK3FL_Nn8_elH77fNTaOyrrN21yJnbh8Z8gWvvSaNjh-VTNP-5AE10OI89dUWPl82hRb2xrJrLijLvuX_m34C1fwK7E_gBjRlgsjw",
            "source": "RACER",
            "source_icon": "https://encrypted-tbn2.gstatic.com/faviconV2?url=https://racer.com&client=NEWS_360&size=96&type=FAVICON&fallback_opts=TYPE,SIZE,URL",
            "title": "The Month of May is here. Here's how to follow the Indy 500"
        },
        {
            "link": "https://news.google.com/articles/CBMidGh0dHBzOi8vd3d3Lm5iY3Nwb3J0cy5jb20vbmZsL3Byb2Zvb3RiYWxsdGFsay9ydW1vci1taWxsL25ld3MvYmVhcnMtc2lnbi1mcmVkZGllLXN3YWluLXRvbW15LXN3ZWVuZXktYW5kLWZvdXItb3RoZXJz0gEA?hl=en-US&gl=US&ceid=US%3Aen",
            "og": "https://encrypted-tbn0.gstatic.com/images?q=tbn:ANd9GcTwPif-Hu8zU07M2aG8qbNOLDrIKFGYivvTj8HyzTJaEMuIurWeZDlME9Ym-nkqOV7ZlOg2S63vfbtAkRTbnU_P",
            "source": "NBC Sports",
            "source_icon": "https://encrypted-tbn1.gstatic.com/faviconV2?url=https://www.nbcsports.com&client=NEWS_360&size=96&type=FAVICON&fallback_opts=TYPE,SIZE,URL",
            "title": "Bears sign Freddie Swain, Tommy Sweeney and four others"
        },
        {
            "link": "https://news.google.com/articles/CBMiSWh0dHBzOi8vd3d3Lm5obC5jb20vYnJ1aW5zL25ld3MvYnJ1aW5zLWFubm91bmNlLXJvc3Rlci10cmFuc2FjdGlvbnMteDY0NzTSAQA?hl=en-US&gl=US&ceid=US%3Aen",
            "og": "https://encrypted-tbn3.gstatic.com/images?q=tbn:ANd9GcSU2l6YsriRNKgkUKkqUmJDUNvVM_DrDtjh6fDmBTvx2qXyeQrKUxX2NRkgMF4BhaDwHOb4eSs72PBZX7vO42I_",
            "source": "NHL.com",
            "source_icon": "https://encrypted-tbn1.gstatic.com/faviconV2?url=https://www.nhl.com&client=NEWS_360&size=96&type=FAVICON&fallback_opts=TYPE,SIZE,URL",
            "title": "Bruins Announce Roster Transactions | Boston Bruins"
        },
        {
            "link": "https://news.google.com/articles/CBMiY2h0dHBzOi8vd3d3Lm5iY3Nwb3J0cy5jb20vZmFudGFzeS9iYXNlYmFsbC9uZXdzL2JhdC1zcGVlZC1sZWFkZXJib2FyZC13aGF0LWlzLWl0LWFuZC13aHktZG8td2UtY2FyZdIBAA?hl=en-US&gl=US&ceid=US%3Aen",
            "og": "https://encrypted-tbn0.gstatic.com/images?q=tbn:ANd9GcSMFCfOanhzs3iRCfnsGyV56dq-11URg27WIFnCXz0lrehc-q-52y0XRwSvkL4u0rb3-PazzYdf1lHYAIvBcdHZ",
            "source": "NBC Sports",
            "source_icon": "https://encrypted-tbn1.gstatic.com/faviconV2?url=https://www.nbcsports.com&client=NEWS_360&size=96&type=FAVICON&fallback_opts=TYPE,SIZE,URL",
            "title": "Bat speed leaderboard: What is it and who stands out?"
        },
        {
            "link": "https://news.google.com/articles/CBMiaGh0dHBzOi8vd3d3LmZveHNwb3J0cy5jb20vc3Rvcmllcy9uYXNjYXIvYnViYmxlLWRyaXZlcnMtZGlzY3Vzcy1wbGF5b2ZmLXB1c2gtbWlkd2F5LXBvaW50LXJlZ3VsYXItc2Vhc29u0gFoaHR0cHM6Ly9hbXAuZm94c3BvcnRzLmNvbS9zdG9yaWVzL25hc2Nhci9idWJibGUtZHJpdmVycy1kaXNjdXNzLXBsYXlvZmYtcHVzaC1taWR3YXktcG9pbnQtcmVndWxhci1zZWFzb24?hl=en-US&gl=US&ceid=US%3Aen",
            "og": "https://encrypted-tbn2.gstatic.com/images?q=tbn:ANd9GcRlb1quKnuS7rWDd7TlM6nbds8s5seYfum2bE0uNO9aBJCKfJ8XBsf-F9H9TSWa8tdfbco1ow2Ln3ZhnccInRHciJGZDEj_HVrAFyc7O0pgC906xA",
            "source": "FOX Sports",
            "source_icon": "https://encrypted-tbn3.gstatic.com/faviconV2?url=https://www.foxsports.com&client=NEWS_360&size=96&type=FAVICON&fallback_opts=TYPE,SIZE,URL",
            "title": "Bubble drivers discuss playoff push at midway point of regular season"
        },
        {
            "link": "https://news.google.com/articles/CBMifGh0dHBzOi8vd3d3LmVzcG4uY29tL25iYS9zdG9yeS9fL2lkLzQwMTQyMTI0L2NlbHRpY3MtdGFrZS1jb250cm9sLWVhc3Qtc2VtaWZpbmFsLXNlcmllcy1nYW1lLTQtd2luLXZzLXNob3J0LWhhbmRlZC1jYXZhbGllcnPSAQA?hl=en-US&gl=US&ceid=US%3Aen",
            "og": "https://encrypted-tbn3.gstatic.com/images?q=tbn:ANd9GcTgWV3Y3hc3hLljGpjgZUg-auHDw9qZsxDi-1mUweI6edcTPxrFr9QCyTJOKaFYBEAC_JouiCAE84HXrODE1YYj",
            "source": "ESPN",
            "source_icon": "https://encrypted-tbn2.gstatic.com/faviconV2?url=https://www.espn.com&client=NEWS_360&size=96&type=FAVICON&fallback_opts=TYPE,SIZE,URL",
            "title": "Celtics outlast hobbled Cavaliers to take 3-1 series lead"
        }
    ],
    "Technology": [
        {
            "link": "https://news.google.com/articles/CBMiXWh0dHBzOi8vd3d3LmJ1c2luZXNzaW5zaWRlci5jb20vY2hhdGdwdC00by1zYW0tYWx0bWFuLWFwcGxlLXNpcmktdGltLWNvb2stY29tcGFyZWQtaG93LTIwMjQtNdIBYWh0dHBzOi8vd3d3LmJ1c2luZXNzaW5zaWRlci5jb20vY2hhdGdwdC00by1zYW0tYWx0bWFuLWFwcGxlLXNpcmktdGltLWNvb2stY29tcGFyZWQtaG93LTIwMjQtNT9hbXA?hl=en-US&gl=US&ceid=US%3Aen",
            "og": "https://encrypted-tbn0.gstatic.com/images?q=tbn:ANd9GcTiV0yg9c9-QSWHzSFrGYaUyePYlmf2Eh3hb62BWpHH_wwcdTq4EjsebOJ2iHenVdCQAoWxstUF1wTi2SvcItpB5GGhWh6WeWtLglqDs1prQZjBag",
            "source": "Business Insider",
            "source_icon": "https://encrypted-tbn3.gstatic.com/faviconV2?url=https://www.businessinsider.com&client=NEWS_360&size=96&type=FAVICON&fallback_opts=TYPE,SIZE,URL",
            "title": "OpenAI's new voice assistant ChatGPT-4o smokes Apple's Siri"
        },
        {
            "link": "https://news.google.com/articles/CBMiOWh0dHBzOi8vOXRvNW1hYy5jb20vMjAyNC8wNS8xMy9maXJzdC1tMi1pcGFkLWFpci1yZXZpZXdzL9IBAA?hl=en-US&gl=US&ceid=US%3Aen",
            "og": "https://encrypted-tbn0.gstatic.com/images?q=tbn:ANd9GcT3YahoAJlpfdg2an2CnVW-le6geeb0iP_qvxV2gA5B85-kV6ylGWZza2tbGjFdkPmflH1wGKLW2nDeToNdPj8e_W4c_cBF24884RJPZX-5H3CucA",
            "source": "9to5Mac",
            "source_icon": "https://encrypted-tbn0.gstatic.com/faviconV2?url=https://9to5mac.com&client=NEWS_360&size=96&type=FAVICON&fallback_opts=TYPE,SIZE,URL",
            "title": "First M2 iPad Air reviews call it 'the iPad to get'"
        },
        {
            "link": "https://news.google.com/articles/CBMiTWh0dHBzOi8vdGhlaGFja2VybmV3cy5jb20vMjAyNC8wNS9hcHBsZS1hbmQtZ29vZ2xlLWxhdW5jaC1jcm9zcy1wbGF0Zm9ybS5odG1s0gEA?hl=en-US&gl=US&ceid=US%3Aen",
            "og": "https://encrypted-tbn2.gstatic.com/images?q=tbn:ANd9GcSngJzQmib1fjB_4HG5Co6_zEvWb66dTZNusVncrOUzyUOakWOLm935Ydic6OQM5aPUCmLJCRUP3yS5b1IvFrRRcOU94j_o0-3i5CJLCUg26Xe4Og",
            "source": "The Hacker News",
            "source_icon": "https://encrypted-tbn3.gstatic.com/faviconV2?url=https://thehackernews.com&client=NEWS_360&size=96&type=FAVICON&fallback_opts=TYPE,SIZE,URL",
            "title": "Apple and Google Launch Cross-Platform Feature to Detect Unwanted Bluetooth Tracking Devices"
        },
        {
            "link": "https://news.google.com/articles/CBMiYGh0dHBzOi8vd3d3LnRoZXZlcmdlLmNvbS8yMDI0LzUvMTMvMjQxNTU5ODIvc29ueS1wbGF5c3RhdGlvbi1jby1jZW8taGVybWVuLWh1bHN0LWhpZGVha2ktbmlzaGlub9IBAA?hl=en-US&gl=US&ceid=US%3Aen",
            "og": "https://encrypted-tbn1.gstatic.com/images?q=tbn:ANd9GcQsZKKfrfopysKK88LxRTYeEPDSe8tNgTug5UveMXUsIL-rE45lESZIEg6qq_MLaOohfQYlizd_9IgyxXENcYn0R0vRI4u4M4PwEk5mYd-oOaDbdQ",
            "source": "The Verge",
            "source_icon": "https://encrypted-tbn2.gstatic.com/faviconV2?url=https://www.theverge.com&client=NEWS_360&size=96&type=FAVICON&fallback_opts=TYPE,SIZE,URL",
            "title": "Sony names new PlayStation leaders following Jim Ryan's retirement"
        },
        {
            "link": "https://news.google.com/articles/CBMiSWh0dHBzOi8vOXRvNWdvb2dsZS5jb20vMjAyNC8wNS8xMy9nb29nbGUtcGl4ZWwtOC1hbmRyb2lkLWNocm9tZW9zLXJlcG9ydC_SAQA?hl=en-US&gl=US&ceid=US%3Aen",
            "og": "https://encrypted-tbn0.gstatic.com/images?q=tbn:ANd9GcT-TQ6jkSDvEnbARcgtx2MQ821SoKu3nykB4SuLzXnfDDYahjko9RTocMCXxf-gxROw9OJnFWVFXBWw43q0u_5qLfN7KuvDMXapacFpazRQSEJPsA",
            "source": "9to5Google",
            "source_icon": "https://encrypted-tbn3.gstatic.com/faviconV2?url=https://9to5google.com&client=NEWS_360&size=96&type=FAVICON&fallback_opts=TYPE,SIZE,URL",
            "title": "Google may have shown off a Pixel 8 running ChromeOS"
        },
        {
            "link": "https://news.google.com/articles/CBMiO2h0dHBzOi8vOXRvNWdvb2dsZS5jb20vMjAyNC8wNS8xMy9waXhlbC04YS1zbmFwc2hvdC13aWRnZXQv0gEA?hl=en-US&gl=US&ceid=US%3Aen",
            "og": "https://encrypted-tbn2.gstatic.com/images?q=tbn:ANd9GcQOfVef_A6hQJz2J5P1lpUCVqzercfjLmykGH2658kxrdCwUPttU8oXCR8DMh0T9WPcXQw1H-FVISxY__h2z8EOJmnTnQE2Y6vQwdec84i1KB9vCQ",
            "source": "9to5Google",
            "source_icon": "https://encrypted-tbn3.gstatic.com/faviconV2?url=https://9to5google.com&client=NEWS_360&size=96&type=FAVICON&fallback_opts=TYPE,SIZE,URL",
            "title": "The Pixel 8a has a 'Snapshot' widget and 'Inside Out' wallpapers"
        },
        {
            "link": "https://news.google.com/articles/CBMigAFodHRwczovL3d3dy50b21zZ3VpZGUuY29tL2FpL2dvb2dsZS1nZW1pbmkvZ29vZ2xlLWp1c3QtYW5zd2VyZWQtZ3B0LTRvLXdpdGgtZ2VtaW5pLXByb3RvdHlwZS10aGF0cy1jb252ZXJzYXRpb25hbC1hbmQtdXNlcy12aWRlb9IBAA?hl=en-US&gl=US&ceid=US%3Aen",
            "og": "https://encrypted-tbn1.gstatic.com/images?q=tbn:ANd9GcQFciIwLl2et-0v-mF9Q8EAB6sRfnPVoYDXg3yCzkCx-OkH9P-EfgpnKc6Z5bfjTgXf9IwWKFz39-mkUZSF9YDJ5j43z_REV_aj9cmnrD2L_5-sxQ",
            "source": "Tom's Guide",
            "source_icon": "https://encrypted-tbn0.gstatic.com/faviconV2?url=https://www.tomsguide.com&client=NEWS_360&size=96&type=FAVICON&fallback_opts=TYPE,SIZE,URL",
            "title": "Google just answered GPT-4o with Gemini demo that's conversational and uses video"
        },
        {
            "link": "https://news.google.com/articles/CBMibWh0dHBzOi8vd3d3LmVuZ2FkZ2V0LmNvbS9nb29nbGVzLXByb2plY3Qtc3RhcmxpbmUtdmlkZW8tY29uZmVyZW5jaW5nLXRlY2gtaXMtY29taW5nLXRvLW9mZmljZXMtMTcxNjIyOTgwLmh0bWzSAQA?hl=en-US&gl=US&ceid=US%3Aen",
            "og": "https://encrypted-tbn0.gstatic.com/images?q=tbn:ANd9GcRPccMxs_cJ3HiyBdJLg6fK3fPXBCccDJCCIpQbWl5iNFlapyhbaSX7pR1J72CjTaH3xTdV72GgWih-4WntAP1MXomn1eQi8yJfRkkVBb2EbGC0iA",
            "source": "Engadget",
            "source_icon": "https://encrypted-tbn1.gstatic.com/faviconV2?url=https://www.engadget.com&client=NEWS_360&size=96&type=FAVICON&fallback_opts=TYPE,SIZE,URL",
            "title": "Google's Project Starline video conferencing tech is coming to offices"
        },
        {
            "link": "https://news.google.com/articles/CBMiZGh0dHBzOi8vd3d3LnpkbmV0LmNvbS9hcnRpY2xlL3doYXQtdG8tZXhwZWN0LWZyb20tZ29vZ2xlLWlvLTIwMjQtYW5kcm9pZC0xNS1nZW1pbmktd2Vhci1vcy1hbmQtbW9yZS_SAQA?hl=en-US&gl=US&ceid=US%3Aen",
            "og": "https://encrypted-tbn3.gstatic.com/images?q=tbn:ANd9GcSTZg6OfOUCjMZ23-NhN-_3VeC-qilxzCoNmr5svEihNcPg_d-4Y6VRQxsEnaQBuwM8flZwNQGQ7Shl-W4wS02uzFuy78EYD7-5h09-cr_JsT45Qg",
            "source": "ZDNet",
            "source_icon": "https://encrypted-tbn3.gstatic.com/faviconV2?url=https://www.zdnet.com&client=NEWS_360&size=96&type=FAVICON&fallback_opts=TYPE,SIZE,URL",
            "title": "What to expect from Google I/O 2024: Android 15, Gemini, Wear OS, and more"
        },
        {
            "link": "https://news.google.com/articles/CBMiXWh0dHBzOi8vd3d3LmludmVzdG9ycy5jb20vbmV3cy90ZWNobm9sb2d5L2FwcGxlLXN0b2NrLWlwaG9uZS1tYWtlci1jbG9zZS10by1kZWFsLXdpdGgtb3BlbmFpL9IBAA?hl=en-US&gl=US&ceid=US%3Aen",
            "og": "https://encrypted-tbn1.gstatic.com/images?q=tbn:ANd9GcRGFxxh-z0VOcptLT5nCZlvSAqaV8hQJA5znMe0uSCw3AoqyPG5Rq1ERvpjH0xvlIXTIMO9UYN6cuupTqVDOLAYPxHJiYQcyRiUYX9VdFH3wDmGcQ",
            "source": "Investor's Business Daily",
            "source_icon": "https://encrypted-tbn0.gstatic.com/faviconV2?url=https://www.investors.com&client=NEWS_360&size=96&type=FAVICON&fallback_opts=TYPE,SIZE,URL",
            "title": "Apple Stock: iPhone Maker Close To Deal With OpenAI"
        },
        {
            "link": "https://news.google.com/articles/CBMiZWh0dHBzOi8vcGV0YXBpeGVsLmNvbS8yMDI0LzA1LzEzL2FwcGxlLWFwb2xvZ2l6ZXMtZm9yLWNydXNoaW5nLWNhbWVyYS1nZWFyLWNyZWF0aXZlLXRvb2xzLWluLWlwYWQtYWQv0gEA?hl=en-US&gl=US&ceid=US%3Aen",
            "og": "https://encrypted-tbn0.gstatic.com/images?q=tbn:ANd9GcQrBlZ6puQK6toHI5BV3_pS_NWc_JehUC37AdCFejNT31EOwq3MCu1pv-V4y3QVA8i5SCZR41rWwyIko-I-XUAZFK1YiB4FfpbkTHTblyytEvT8jw",
            "source": "PetaPixel",
            "source_icon": "https://encrypted-tbn2.gstatic.com/faviconV2?url=https://petapixel.com&client=NEWS_360&size=96&type=FAVICON&fallback_opts=TYPE,SIZE,URL",
            "title": "Apple Apologizes for Crushing Camera Gear, Creative Tools in iPad Ad"
        },
        {
            "link": "https://news.google.com/articles/CBMiTWh0dHBzOi8vd3d3Lndhc2hpbmd0b25wb3N0LmNvbS90ZWNobm9sb2d5LzIwMjQvMDUvMTMvZ29vZ2xlLWFpLXNlYXJjaC1pby1zZ2Uv0gEA?hl=en-US&gl=US&ceid=US%3Aen",
            "og": "https://encrypted-tbn0.gstatic.com/images?q=tbn:ANd9GcQ93aH5np6oWTlCQ6vSW9GPD9hSmV2oMaZspWIxrnMS4WqXtRZJ-XRs6FS_goLqJtNvtKELAJLg5gRugWi22lHDC5iNDQaoBm6grJqOGGaPdkZFEQ",
            "source": "The Washington Post",
            "source_icon": "https://encrypted-tbn3.gstatic.com/faviconV2?url=https://www.washingtonpost.com&client=NEWS_360&size=96&type=FAVICON&fallback_opts=TYPE,SIZE,URL",
            "title": "As Google AI search rolls out to more people, websites brace for carnage"
        },
        {
            "link": "https://news.google.com/articles/CBMidmh0dHBzOi8vd3d3LmJsb29tYmVyZy5jb20vbmV3cy9hcnRpY2xlcy8yMDI0LTA1LTEzL2FwcGxlLXNldC10by1zZWxsLXZpc2lvbi1wcm8taGVhZHNldC1pbnRlcm5hdGlvbmFsbHktZm9yLWZpcnN0LXRpbWXSAQA?hl=en-US&gl=US&ceid=US%3Aen",
            "og": "https://encrypted-tbn2.gstatic.com/images?q=tbn:ANd9GcRO4QDZMxjDp6AicqfmXQuAV2Mg6KXfCYwywXH6dHS1qqBZ11X8dvvgkSmzg9cz8F2uevG7_2XbMs0Mw-ZGJllN",
            "source": "Bloomberg",
            "source_icon": "https://encrypted-tbn1.gstatic.com/faviconV2?url=https://www.bloomberg.com&client=NEWS_360&size=96&type=FAVICON&fallback_opts=TYPE,SIZE,URL",
            "title": "Apple Prepares to Sell Vision Pro Outside US for the First Time"
        },
        {
            "link": "https://news.google.com/articles/CBMiU2h0dHBzOi8vd3d3LnRoZXZlcmdlLmNvbS8yMDI0LzUvMTMvMjQxNTU2MDQvc3F1YXJlLWVuaXgtbXVsdGlwbGF0Zm9ybS1nYW1lcy14Ym94LXBj0gEA?hl=en-US&gl=US&ceid=US%3Aen",
            "og": "https://encrypted-tbn3.gstatic.com/images?q=tbn:ANd9GcR-P_CkReQwIGuPGordan5uaJD2hV98vQOMYX1BInjKowZk6tLmC0P1LvrVZUVt0jaWhZGEY8MXI2R24WGwRCcdWMgDvYthQiqV8CdbLf_56BgbRQ",
            "source": "The Verge",
            "source_icon": "https://encrypted-tbn2.gstatic.com/faviconV2?url=https://www.theverge.com&client=NEWS_360&size=96&type=FAVICON&fallback_opts=TYPE,SIZE,URL",
            "title": "Square Enix plans to “aggressively pursue” multiplatform game releases"
        }
    ]
}
]]></system-out>
  <system-err><![CDATA[]]></system-err>
</testsuite>
