<?xml version="1.0" encoding="UTF-8"?>
<testsuite name="tests.NegativeStatusCodeTests" tests="3" skipped="0" failures="3" errors="0" timestamp="2024-05-13T12:51:53" hostname="MacBook-Pro.local" time="5.472">
  <properties/>
  <testcase name="checkCorsNewsFeedNegativeStatusCode()" classname="tests.NegativeStatusCodeTests" time="3.721">
    <failure message="java.lang.AssertionError: 1 expectation failed.&#10;Expected status code &lt;400&gt; but was &lt;200&gt;.&#10;" type="java.lang.AssertionError">java.lang.AssertionError: 1 expectation failed.
Expected status code &lt;400&gt; but was &lt;200&gt;.

	at java.base/jdk.internal.reflect.DirectConstructorHandleAccessor.newInstance(DirectConstructorHandleAccessor.java:67)
	at java.base/java.lang.reflect.Constructor.newInstanceWithCaller(Constructor.java:499)
	at java.base/java.lang.reflect.Constructor.newInstance(Constructor.java:483)
	at org.codehaus.groovy.reflection.CachedConstructor.invoke(CachedConstructor.java:73)
	at org.codehaus.groovy.runtime.callsite.ConstructorSite$ConstructorSiteNoUnwrapNoCoerce.callConstructor(ConstructorSite.java:108)
	at org.codehaus.groovy.runtime.callsite.CallSiteArray.defaultCallConstructor(CallSiteArray.java:57)
	at org.codehaus.groovy.runtime.callsite.AbstractCallSite.callConstructor(AbstractCallSite.java:263)
	at org.codehaus.groovy.runtime.callsite.AbstractCallSite.callConstructor(AbstractCallSite.java:277)
	at io.restassured.internal.ResponseSpecificationImpl$HamcrestAssertionClosure.validate(ResponseSpecificationImpl.groovy:512)
	at io.restassured.internal.ResponseSpecificationImpl$HamcrestAssertionClosure$validate$1.call(Unknown Source)
	at org.codehaus.groovy.runtime.callsite.CallSiteArray.defaultCall(CallSiteArray.java:45)
	at org.codehaus.groovy.runtime.callsite.AbstractCallSite.call(AbstractCallSite.java:125)
	at org.codehaus.groovy.runtime.callsite.AbstractCallSite.call(AbstractCallSite.java:139)
	at io.restassured.internal.ResponseSpecificationImpl.validateResponseIfRequired(ResponseSpecificationImpl.groovy:696)
	at io.restassured.internal.ResponseSpecificationImpl.this$2$validateResponseIfRequired(ResponseSpecificationImpl.groovy)
	at java.base/jdk.internal.reflect.DirectMethodHandleAccessor.invoke(DirectMethodHandleAccessor.java:104)
	at java.base/java.lang.reflect.Method.invoke(Method.java:577)
	at org.codehaus.groovy.runtime.callsite.PlainObjectMetaMethodSite.doInvoke(PlainObjectMetaMethodSite.java:43)
	at org.codehaus.groovy.runtime.callsite.PogoMetaMethodSite$PogoCachedMethodSiteNoUnwrapNoCoerce.invoke(PogoMetaMethodSite.java:198)
	at org.codehaus.groovy.runtime.callsite.PogoMetaMethodSite.callCurrent(PogoMetaMethodSite.java:62)
	at org.codehaus.groovy.runtime.callsite.CallSiteArray.defaultCallCurrent(CallSiteArray.java:49)
	at org.codehaus.groovy.runtime.callsite.AbstractCallSite.callCurrent(AbstractCallSite.java:171)
	at org.codehaus.groovy.runtime.callsite.AbstractCallSite.callCurrent(AbstractCallSite.java:185)
	at io.restassured.internal.ResponseSpecificationImpl.statusCode(ResponseSpecificationImpl.groovy:135)
	at io.restassured.specification.ResponseSpecification$statusCode$0.callCurrent(Unknown Source)
	at org.codehaus.groovy.runtime.callsite.CallSiteArray.defaultCallCurrent(CallSiteArray.java:49)
	at org.codehaus.groovy.runtime.callsite.AbstractCallSite.callCurrent(AbstractCallSite.java:171)
	at org.codehaus.groovy.runtime.callsite.AbstractCallSite.callCurrent(AbstractCallSite.java:185)
	at io.restassured.internal.ResponseSpecificationImpl.statusCode(ResponseSpecificationImpl.groovy:143)
	at io.restassured.internal.ValidatableResponseOptionsImpl.statusCode(ValidatableResponseOptionsImpl.java:89)
	at tests.NegativeStatusCodeTests.checkCorsNewsFeedNegativeStatusCode(NegativeStatusCodeTests.java:17)
	at java.base/jdk.internal.reflect.DirectMethodHandleAccessor.invoke(DirectMethodHandleAccessor.java:104)
	at java.base/java.lang.reflect.Method.invoke(Method.java:577)
	at org.junit.platform.commons.util.ReflectionUtils.invokeMethod(ReflectionUtils.java:727)
	at org.junit.jupiter.engine.execution.MethodInvocation.proceed(MethodInvocation.java:60)
	at org.junit.jupiter.engine.execution.InvocationInterceptorChain$ValidatingInvocation.proceed(InvocationInterceptorChain.java:131)
	at org.junit.jupiter.api.extension.InvocationInterceptor.interceptTestMethod(InvocationInterceptor.java:118)
	at org.junit.jupiter.engine.execution.InterceptingExecutableInvoker$ReflectiveInterceptorCall.lambda$ofVoidMethod$0(InterceptingExecutableInvoker.java:103)
	at org.junit.jupiter.engine.execution.InterceptingExecutableInvoker.lambda$invoke$0(InterceptingExecutableInvoker.java:93)
	at org.junit.jupiter.engine.execution.InvocationInterceptorChain$InterceptedInvocation.proceed(InvocationInterceptorChain.java:106)
	at org.junit.jupiter.engine.extension.TimeoutExtension.intercept(TimeoutExtension.java:156)
	at org.junit.jupiter.engine.extension.TimeoutExtension.interceptTestableMethod(TimeoutExtension.java:147)
	at org.junit.jupiter.engine.extension.TimeoutExtension.interceptTestMethod(TimeoutExtension.java:86)
	at org.junit.jupiter.engine.execution.InterceptingExecutableInvoker$ReflectiveInterceptorCall.lambda$ofVoidMethod$0(InterceptingExecutableInvoker.java:103)
	at org.junit.jupiter.engine.execution.InterceptingExecutableInvoker.lambda$invoke$0(InterceptingExecutableInvoker.java:93)
	at org.junit.jupiter.engine.execution.InvocationInterceptorChain$InterceptedInvocation.proceed(InvocationInterceptorChain.java:106)
	at org.junit.jupiter.engine.execution.InvocationInterceptorChain.proceed(InvocationInterceptorChain.java:64)
	at org.junit.jupiter.engine.execution.InvocationInterceptorChain.chainAndInvoke(InvocationInterceptorChain.java:45)
	at org.junit.jupiter.engine.execution.InvocationInterceptorChain.invoke(InvocationInterceptorChain.java:37)
	at org.junit.jupiter.engine.execution.InterceptingExecutableInvoker.invoke(InterceptingExecutableInvoker.java:92)
	at org.junit.jupiter.engine.execution.InterceptingExecutableInvoker.invoke(InterceptingExecutableInvoker.java:86)
	at org.junit.jupiter.engine.descriptor.TestMethodTestDescriptor.lambda$invokeTestMethod$7(TestMethodTestDescriptor.java:217)
	at org.junit.platform.engine.support.hierarchical.ThrowableCollector.execute(ThrowableCollector.java:73)
	at org.junit.jupiter.engine.descriptor.TestMethodTestDescriptor.invokeTestMethod(TestMethodTestDescriptor.java:213)
	at org.junit.jupiter.engine.descriptor.TestMethodTestDescriptor.execute(TestMethodTestDescriptor.java:138)
	at org.junit.jupiter.engine.descriptor.TestMethodTestDescriptor.execute(TestMethodTestDescriptor.java:68)
	at org.junit.platform.engine.support.hierarchical.NodeTestTask.lambda$executeRecursively$6(NodeTestTask.java:151)
	at org.junit.platform.engine.support.hierarchical.ThrowableCollector.execute(ThrowableCollector.java:73)
	at org.junit.platform.engine.support.hierarchical.NodeTestTask.lambda$executeRecursively$8(NodeTestTask.java:141)
	at org.junit.platform.engine.support.hierarchical.Node.around(Node.java:137)
	at org.junit.platform.engine.support.hierarchical.NodeTestTask.lambda$executeRecursively$9(NodeTestTask.java:139)
	at org.junit.platform.engine.support.hierarchical.ThrowableCollector.execute(ThrowableCollector.java:73)
	at org.junit.platform.engine.support.hierarchical.NodeTestTask.executeRecursively(NodeTestTask.java:138)
	at org.junit.platform.engine.support.hierarchical.NodeTestTask.execute(NodeTestTask.java:95)
	at java.base/java.util.ArrayList.forEach(ArrayList.java:1511)
	at org.junit.platform.engine.support.hierarchical.SameThreadHierarchicalTestExecutorService.invokeAll(SameThreadHierarchicalTestExecutorService.java:41)
	at org.junit.platform.engine.support.hierarchical.NodeTestTask.lambda$executeRecursively$6(NodeTestTask.java:155)
	at org.junit.platform.engine.support.hierarchical.ThrowableCollector.execute(ThrowableCollector.java:73)
	at org.junit.platform.engine.support.hierarchical.NodeTestTask.lambda$executeRecursively$8(NodeTestTask.java:141)
	at org.junit.platform.engine.support.hierarchical.Node.around(Node.java:137)
	at org.junit.platform.engine.support.hierarchical.NodeTestTask.lambda$executeRecursively$9(NodeTestTask.java:139)
	at org.junit.platform.engine.support.hierarchical.ThrowableCollector.execute(ThrowableCollector.java:73)
	at org.junit.platform.engine.support.hierarchical.NodeTestTask.executeRecursively(NodeTestTask.java:138)
	at org.junit.platform.engine.support.hierarchical.NodeTestTask.execute(NodeTestTask.java:95)
	at java.base/java.util.ArrayList.forEach(ArrayList.java:1511)
	at org.junit.platform.engine.support.hierarchical.SameThreadHierarchicalTestExecutorService.invokeAll(SameThreadHierarchicalTestExecutorService.java:41)
	at org.junit.platform.engine.support.hierarchical.NodeTestTask.lambda$executeRecursively$6(NodeTestTask.java:155)
	at org.junit.platform.engine.support.hierarchical.ThrowableCollector.execute(ThrowableCollector.java:73)
	at org.junit.platform.engine.support.hierarchical.NodeTestTask.lambda$executeRecursively$8(NodeTestTask.java:141)
	at org.junit.platform.engine.support.hierarchical.Node.around(Node.java:137)
	at org.junit.platform.engine.support.hierarchical.NodeTestTask.lambda$executeRecursively$9(NodeTestTask.java:139)
	at org.junit.platform.engine.support.hierarchical.ThrowableCollector.execute(ThrowableCollector.java:73)
	at org.junit.platform.engine.support.hierarchical.NodeTestTask.executeRecursively(NodeTestTask.java:138)
	at org.junit.platform.engine.support.hierarchical.NodeTestTask.execute(NodeTestTask.java:95)
	at org.junit.platform.engine.support.hierarchical.SameThreadHierarchicalTestExecutorService.submit(SameThreadHierarchicalTestExecutorService.java:35)
	at org.junit.platform.engine.support.hierarchical.HierarchicalTestExecutor.execute(HierarchicalTestExecutor.java:57)
	at org.junit.platform.engine.support.hierarchical.HierarchicalTestEngine.execute(HierarchicalTestEngine.java:54)
	at org.junit.platform.launcher.core.EngineExecutionOrchestrator.execute(EngineExecutionOrchestrator.java:147)
	at org.junit.platform.launcher.core.EngineExecutionOrchestrator.execute(EngineExecutionOrchestrator.java:127)
	at org.junit.platform.launcher.core.EngineExecutionOrchestrator.execute(EngineExecutionOrchestrator.java:90)
	at org.junit.platform.launcher.core.EngineExecutionOrchestrator.lambda$execute$0(EngineExecutionOrchestrator.java:55)
	at org.junit.platform.launcher.core.EngineExecutionOrchestrator.withInterceptedStreams(EngineExecutionOrchestrator.java:102)
	at org.junit.platform.launcher.core.EngineExecutionOrchestrator.execute(EngineExecutionOrchestrator.java:54)
	at org.junit.platform.launcher.core.DefaultLauncher.execute(DefaultLauncher.java:114)
	at org.junit.platform.launcher.core.DefaultLauncher.execute(DefaultLauncher.java:86)
	at org.junit.platform.launcher.core.DefaultLauncherSession$DelegatingLauncher.execute(DefaultLauncherSession.java:86)
	at org.gradle.api.internal.tasks.testing.junitplatform.JUnitPlatformTestClassProcessor$CollectAllTestClassesExecutor.processAllTestClasses(JUnitPlatformTestClassProcessor.java:119)
	at org.gradle.api.internal.tasks.testing.junitplatform.JUnitPlatformTestClassProcessor$CollectAllTestClassesExecutor.access$000(JUnitPlatformTestClassProcessor.java:94)
	at org.gradle.api.internal.tasks.testing.junitplatform.JUnitPlatformTestClassProcessor.stop(JUnitPlatformTestClassProcessor.java:89)
	at org.gradle.api.internal.tasks.testing.SuiteTestClassProcessor.stop(SuiteTestClassProcessor.java:62)
	at java.base/jdk.internal.reflect.DirectMethodHandleAccessor.invoke(DirectMethodHandleAccessor.java:104)
	at java.base/java.lang.reflect.Method.invoke(Method.java:577)
	at org.gradle.internal.dispatch.ReflectionDispatch.dispatch(ReflectionDispatch.java:36)
	at org.gradle.internal.dispatch.ReflectionDispatch.dispatch(ReflectionDispatch.java:24)
	at org.gradle.internal.dispatch.ContextClassLoaderDispatch.dispatch(ContextClassLoaderDispatch.java:33)
	at org.gradle.internal.dispatch.ProxyDispatchAdapter$DispatchingInvocationHandler.invoke(ProxyDispatchAdapter.java:94)
	at jdk.proxy1/jdk.proxy1.$Proxy2.stop(Unknown Source)
	at org.gradle.api.internal.tasks.testing.worker.TestWorker$3.run(TestWorker.java:193)
	at org.gradle.api.internal.tasks.testing.worker.TestWorker.executeAndMaintainThreadName(TestWorker.java:129)
	at org.gradle.api.internal.tasks.testing.worker.TestWorker.execute(TestWorker.java:100)
	at org.gradle.api.internal.tasks.testing.worker.TestWorker.execute(TestWorker.java:60)
	at org.gradle.process.internal.worker.child.ActionExecutionWorker.execute(ActionExecutionWorker.java:56)
	at org.gradle.process.internal.worker.child.SystemApplicationClassLoaderWorker.call(SystemApplicationClassLoaderWorker.java:113)
	at org.gradle.process.internal.worker.child.SystemApplicationClassLoaderWorker.call(SystemApplicationClassLoaderWorker.java:65)
	at worker.org.gradle.process.internal.worker.GradleWorkerMain.run(GradleWorkerMain.java:69)
	at worker.org.gradle.process.internal.worker.GradleWorkerMain.main(GradleWorkerMain.java:74)
</failure>
  </testcase>
  <testcase name="checkNewsFeedNegativeStatusCode()" classname="tests.NegativeStatusCodeTests" time="1.037">
    <failure message="java.lang.AssertionError: 1 expectation failed.&#10;Expected status code &lt;400&gt; but was &lt;200&gt;.&#10;" type="java.lang.AssertionError">java.lang.AssertionError: 1 expectation failed.
Expected status code &lt;400&gt; but was &lt;200&gt;.

	at java.base/jdk.internal.reflect.DirectConstructorHandleAccessor.newInstance(DirectConstructorHandleAccessor.java:67)
	at java.base/java.lang.reflect.Constructor.newInstanceWithCaller(Constructor.java:499)
	at java.base/java.lang.reflect.Constructor.newInstance(Constructor.java:483)
	at org.codehaus.groovy.reflection.CachedConstructor.invoke(CachedConstructor.java:73)
	at org.codehaus.groovy.runtime.callsite.ConstructorSite$ConstructorSiteNoUnwrapNoCoerce.callConstructor(ConstructorSite.java:108)
	at org.codehaus.groovy.runtime.callsite.AbstractCallSite.callConstructor(AbstractCallSite.java:277)
	at io.restassured.internal.ResponseSpecificationImpl$HamcrestAssertionClosure.validate(ResponseSpecificationImpl.groovy:512)
	at io.restassured.internal.ResponseSpecificationImpl$HamcrestAssertionClosure$validate$1.call(Unknown Source)
	at io.restassured.internal.ResponseSpecificationImpl.validateResponseIfRequired(ResponseSpecificationImpl.groovy:696)
	at io.restassured.internal.ResponseSpecificationImpl.this$2$validateResponseIfRequired(ResponseSpecificationImpl.groovy)
	at java.base/jdk.internal.reflect.DirectMethodHandleAccessor.invoke(DirectMethodHandleAccessor.java:104)
	at java.base/java.lang.reflect.Method.invoke(Method.java:577)
	at org.codehaus.groovy.runtime.callsite.PlainObjectMetaMethodSite.doInvoke(PlainObjectMetaMethodSite.java:43)
	at org.codehaus.groovy.runtime.callsite.PogoMetaMethodSite$PogoCachedMethodSiteNoUnwrapNoCoerce.invoke(PogoMetaMethodSite.java:198)
	at org.codehaus.groovy.runtime.callsite.PogoMetaMethodSite.callCurrent(PogoMetaMethodSite.java:62)
	at org.codehaus.groovy.runtime.callsite.AbstractCallSite.callCurrent(AbstractCallSite.java:185)
	at io.restassured.internal.ResponseSpecificationImpl.statusCode(ResponseSpecificationImpl.groovy:135)
	at io.restassured.specification.ResponseSpecification$statusCode$0.callCurrent(Unknown Source)
	at io.restassured.internal.ResponseSpecificationImpl.statusCode(ResponseSpecificationImpl.groovy:143)
	at io.restassured.internal.ValidatableResponseOptionsImpl.statusCode(ValidatableResponseOptionsImpl.java:89)
	at tests.NegativeStatusCodeTests.checkNewsFeedNegativeStatusCode(NegativeStatusCodeTests.java:41)
	at java.base/jdk.internal.reflect.DirectMethodHandleAccessor.invoke(DirectMethodHandleAccessor.java:104)
	at java.base/java.lang.reflect.Method.invoke(Method.java:577)
	at org.junit.platform.commons.util.ReflectionUtils.invokeMethod(ReflectionUtils.java:727)
	at org.junit.jupiter.engine.execution.MethodInvocation.proceed(MethodInvocation.java:60)
	at org.junit.jupiter.engine.execution.InvocationInterceptorChain$ValidatingInvocation.proceed(InvocationInterceptorChain.java:131)
	at org.junit.jupiter.api.extension.InvocationInterceptor.interceptTestMethod(InvocationInterceptor.java:118)
	at org.junit.jupiter.engine.execution.InterceptingExecutableInvoker$ReflectiveInterceptorCall.lambda$ofVoidMethod$0(InterceptingExecutableInvoker.java:103)
	at org.junit.jupiter.engine.execution.InterceptingExecutableInvoker.lambda$invoke$0(InterceptingExecutableInvoker.java:93)
	at org.junit.jupiter.engine.execution.InvocationInterceptorChain$InterceptedInvocation.proceed(InvocationInterceptorChain.java:106)
	at org.junit.jupiter.engine.extension.TimeoutExtension.intercept(TimeoutExtension.java:156)
	at org.junit.jupiter.engine.extension.TimeoutExtension.interceptTestableMethod(TimeoutExtension.java:147)
	at org.junit.jupiter.engine.extension.TimeoutExtension.interceptTestMethod(TimeoutExtension.java:86)
	at org.junit.jupiter.engine.execution.InterceptingExecutableInvoker$ReflectiveInterceptorCall.lambda$ofVoidMethod$0(InterceptingExecutableInvoker.java:103)
	at org.junit.jupiter.engine.execution.InterceptingExecutableInvoker.lambda$invoke$0(InterceptingExecutableInvoker.java:93)
	at org.junit.jupiter.engine.execution.InvocationInterceptorChain$InterceptedInvocation.proceed(InvocationInterceptorChain.java:106)
	at org.junit.jupiter.engine.execution.InvocationInterceptorChain.proceed(InvocationInterceptorChain.java:64)
	at org.junit.jupiter.engine.execution.InvocationInterceptorChain.chainAndInvoke(InvocationInterceptorChain.java:45)
	at org.junit.jupiter.engine.execution.InvocationInterceptorChain.invoke(InvocationInterceptorChain.java:37)
	at org.junit.jupiter.engine.execution.InterceptingExecutableInvoker.invoke(InterceptingExecutableInvoker.java:92)
	at org.junit.jupiter.engine.execution.InterceptingExecutableInvoker.invoke(InterceptingExecutableInvoker.java:86)
	at org.junit.jupiter.engine.descriptor.TestMethodTestDescriptor.lambda$invokeTestMethod$7(TestMethodTestDescriptor.java:217)
	at org.junit.platform.engine.support.hierarchical.ThrowableCollector.execute(ThrowableCollector.java:73)
	at org.junit.jupiter.engine.descriptor.TestMethodTestDescriptor.invokeTestMethod(TestMethodTestDescriptor.java:213)
	at org.junit.jupiter.engine.descriptor.TestMethodTestDescriptor.execute(TestMethodTestDescriptor.java:138)
	at org.junit.jupiter.engine.descriptor.TestMethodTestDescriptor.execute(TestMethodTestDescriptor.java:68)
	at org.junit.platform.engine.support.hierarchical.NodeTestTask.lambda$executeRecursively$6(NodeTestTask.java:151)
	at org.junit.platform.engine.support.hierarchical.ThrowableCollector.execute(ThrowableCollector.java:73)
	at org.junit.platform.engine.support.hierarchical.NodeTestTask.lambda$executeRecursively$8(NodeTestTask.java:141)
	at org.junit.platform.engine.support.hierarchical.Node.around(Node.java:137)
	at org.junit.platform.engine.support.hierarchical.NodeTestTask.lambda$executeRecursively$9(NodeTestTask.java:139)
	at org.junit.platform.engine.support.hierarchical.ThrowableCollector.execute(ThrowableCollector.java:73)
	at org.junit.platform.engine.support.hierarchical.NodeTestTask.executeRecursively(NodeTestTask.java:138)
	at org.junit.platform.engine.support.hierarchical.NodeTestTask.execute(NodeTestTask.java:95)
	at java.base/java.util.ArrayList.forEach(ArrayList.java:1511)
	at org.junit.platform.engine.support.hierarchical.SameThreadHierarchicalTestExecutorService.invokeAll(SameThreadHierarchicalTestExecutorService.java:41)
	at org.junit.platform.engine.support.hierarchical.NodeTestTask.lambda$executeRecursively$6(NodeTestTask.java:155)
	at org.junit.platform.engine.support.hierarchical.ThrowableCollector.execute(ThrowableCollector.java:73)
	at org.junit.platform.engine.support.hierarchical.NodeTestTask.lambda$executeRecursively$8(NodeTestTask.java:141)
	at org.junit.platform.engine.support.hierarchical.Node.around(Node.java:137)
	at org.junit.platform.engine.support.hierarchical.NodeTestTask.lambda$executeRecursively$9(NodeTestTask.java:139)
	at org.junit.platform.engine.support.hierarchical.ThrowableCollector.execute(ThrowableCollector.java:73)
	at org.junit.platform.engine.support.hierarchical.NodeTestTask.executeRecursively(NodeTestTask.java:138)
	at org.junit.platform.engine.support.hierarchical.NodeTestTask.execute(NodeTestTask.java:95)
	at java.base/java.util.ArrayList.forEach(ArrayList.java:1511)
	at org.junit.platform.engine.support.hierarchical.SameThreadHierarchicalTestExecutorService.invokeAll(SameThreadHierarchicalTestExecutorService.java:41)
	at org.junit.platform.engine.support.hierarchical.NodeTestTask.lambda$executeRecursively$6(NodeTestTask.java:155)
	at org.junit.platform.engine.support.hierarchical.ThrowableCollector.execute(ThrowableCollector.java:73)
	at org.junit.platform.engine.support.hierarchical.NodeTestTask.lambda$executeRecursively$8(NodeTestTask.java:141)
	at org.junit.platform.engine.support.hierarchical.Node.around(Node.java:137)
	at org.junit.platform.engine.support.hierarchical.NodeTestTask.lambda$executeRecursively$9(NodeTestTask.java:139)
	at org.junit.platform.engine.support.hierarchical.ThrowableCollector.execute(ThrowableCollector.java:73)
	at org.junit.platform.engine.support.hierarchical.NodeTestTask.executeRecursively(NodeTestTask.java:138)
	at org.junit.platform.engine.support.hierarchical.NodeTestTask.execute(NodeTestTask.java:95)
	at org.junit.platform.engine.support.hierarchical.SameThreadHierarchicalTestExecutorService.submit(SameThreadHierarchicalTestExecutorService.java:35)
	at org.junit.platform.engine.support.hierarchical.HierarchicalTestExecutor.execute(HierarchicalTestExecutor.java:57)
	at org.junit.platform.engine.support.hierarchical.HierarchicalTestEngine.execute(HierarchicalTestEngine.java:54)
	at org.junit.platform.launcher.core.EngineExecutionOrchestrator.execute(EngineExecutionOrchestrator.java:147)
	at org.junit.platform.launcher.core.EngineExecutionOrchestrator.execute(EngineExecutionOrchestrator.java:127)
	at org.junit.platform.launcher.core.EngineExecutionOrchestrator.execute(EngineExecutionOrchestrator.java:90)
	at org.junit.platform.launcher.core.EngineExecutionOrchestrator.lambda$execute$0(EngineExecutionOrchestrator.java:55)
	at org.junit.platform.launcher.core.EngineExecutionOrchestrator.withInterceptedStreams(EngineExecutionOrchestrator.java:102)
	at org.junit.platform.launcher.core.EngineExecutionOrchestrator.execute(EngineExecutionOrchestrator.java:54)
	at org.junit.platform.launcher.core.DefaultLauncher.execute(DefaultLauncher.java:114)
	at org.junit.platform.launcher.core.DefaultLauncher.execute(DefaultLauncher.java:86)
	at org.junit.platform.launcher.core.DefaultLauncherSession$DelegatingLauncher.execute(DefaultLauncherSession.java:86)
	at org.gradle.api.internal.tasks.testing.junitplatform.JUnitPlatformTestClassProcessor$CollectAllTestClassesExecutor.processAllTestClasses(JUnitPlatformTestClassProcessor.java:119)
	at org.gradle.api.internal.tasks.testing.junitplatform.JUnitPlatformTestClassProcessor$CollectAllTestClassesExecutor.access$000(JUnitPlatformTestClassProcessor.java:94)
	at org.gradle.api.internal.tasks.testing.junitplatform.JUnitPlatformTestClassProcessor.stop(JUnitPlatformTestClassProcessor.java:89)
	at org.gradle.api.internal.tasks.testing.SuiteTestClassProcessor.stop(SuiteTestClassProcessor.java:62)
	at java.base/jdk.internal.reflect.DirectMethodHandleAccessor.invoke(DirectMethodHandleAccessor.java:104)
	at java.base/java.lang.reflect.Method.invoke(Method.java:577)
	at org.gradle.internal.dispatch.ReflectionDispatch.dispatch(ReflectionDispatch.java:36)
	at org.gradle.internal.dispatch.ReflectionDispatch.dispatch(ReflectionDispatch.java:24)
	at org.gradle.internal.dispatch.ContextClassLoaderDispatch.dispatch(ContextClassLoaderDispatch.java:33)
	at org.gradle.internal.dispatch.ProxyDispatchAdapter$DispatchingInvocationHandler.invoke(ProxyDispatchAdapter.java:94)
	at jdk.proxy1/jdk.proxy1.$Proxy2.stop(Unknown Source)
	at org.gradle.api.internal.tasks.testing.worker.TestWorker$3.run(TestWorker.java:193)
	at org.gradle.api.internal.tasks.testing.worker.TestWorker.executeAndMaintainThreadName(TestWorker.java:129)
	at org.gradle.api.internal.tasks.testing.worker.TestWorker.execute(TestWorker.java:100)
	at org.gradle.api.internal.tasks.testing.worker.TestWorker.execute(TestWorker.java:60)
	at org.gradle.process.internal.worker.child.ActionExecutionWorker.execute(ActionExecutionWorker.java:56)
	at org.gradle.process.internal.worker.child.SystemApplicationClassLoaderWorker.call(SystemApplicationClassLoaderWorker.java:113)
	at org.gradle.process.internal.worker.child.SystemApplicationClassLoaderWorker.call(SystemApplicationClassLoaderWorker.java:65)
	at worker.org.gradle.process.internal.worker.GradleWorkerMain.run(GradleWorkerMain.java:69)
	at worker.org.gradle.process.internal.worker.GradleWorkerMain.main(GradleWorkerMain.java:74)
</failure>
  </testcase>
  <testcase name="checkCorsNewsSectionNamesNegativeStatusCode()" classname="tests.NegativeStatusCodeTests" time="0.708">
    <failure message="java.lang.AssertionError: 1 expectation failed.&#10;Expected status code &lt;400&gt; but was &lt;200&gt;.&#10;" type="java.lang.AssertionError">java.lang.AssertionError: 1 expectation failed.
Expected status code &lt;400&gt; but was &lt;200&gt;.

	at java.base/jdk.internal.reflect.DirectConstructorHandleAccessor.newInstance(DirectConstructorHandleAccessor.java:67)
	at java.base/java.lang.reflect.Constructor.newInstanceWithCaller(Constructor.java:499)
	at java.base/java.lang.reflect.Constructor.newInstance(Constructor.java:483)
	at org.codehaus.groovy.reflection.CachedConstructor.invoke(CachedConstructor.java:73)
	at org.codehaus.groovy.runtime.callsite.ConstructorSite$ConstructorSiteNoUnwrapNoCoerce.callConstructor(ConstructorSite.java:108)
	at org.codehaus.groovy.runtime.callsite.AbstractCallSite.callConstructor(AbstractCallSite.java:277)
	at io.restassured.internal.ResponseSpecificationImpl$HamcrestAssertionClosure.validate(ResponseSpecificationImpl.groovy:512)
	at io.restassured.internal.ResponseSpecificationImpl$HamcrestAssertionClosure$validate$1.call(Unknown Source)
	at io.restassured.internal.ResponseSpecificationImpl.validateResponseIfRequired(ResponseSpecificationImpl.groovy:696)
	at io.restassured.internal.ResponseSpecificationImpl.this$2$validateResponseIfRequired(ResponseSpecificationImpl.groovy)
	at java.base/jdk.internal.reflect.DirectMethodHandleAccessor.invoke(DirectMethodHandleAccessor.java:104)
	at java.base/java.lang.reflect.Method.invoke(Method.java:577)
	at org.codehaus.groovy.runtime.callsite.PlainObjectMetaMethodSite.doInvoke(PlainObjectMetaMethodSite.java:43)
	at org.codehaus.groovy.runtime.callsite.PogoMetaMethodSite$PogoCachedMethodSiteNoUnwrapNoCoerce.invoke(PogoMetaMethodSite.java:198)
	at org.codehaus.groovy.runtime.callsite.PogoMetaMethodSite.callCurrent(PogoMetaMethodSite.java:62)
	at org.codehaus.groovy.runtime.callsite.AbstractCallSite.callCurrent(AbstractCallSite.java:185)
	at io.restassured.internal.ResponseSpecificationImpl.statusCode(ResponseSpecificationImpl.groovy:135)
	at io.restassured.specification.ResponseSpecification$statusCode$0.callCurrent(Unknown Source)
	at io.restassured.internal.ResponseSpecificationImpl.statusCode(ResponseSpecificationImpl.groovy:143)
	at io.restassured.internal.ValidatableResponseOptionsImpl.statusCode(ValidatableResponseOptionsImpl.java:89)
	at tests.NegativeStatusCodeTests.checkCorsNewsSectionNamesNegativeStatusCode(NegativeStatusCodeTests.java:29)
	at java.base/jdk.internal.reflect.DirectMethodHandleAccessor.invoke(DirectMethodHandleAccessor.java:104)
	at java.base/java.lang.reflect.Method.invoke(Method.java:577)
	at org.junit.platform.commons.util.ReflectionUtils.invokeMethod(ReflectionUtils.java:727)
	at org.junit.jupiter.engine.execution.MethodInvocation.proceed(MethodInvocation.java:60)
	at org.junit.jupiter.engine.execution.InvocationInterceptorChain$ValidatingInvocation.proceed(InvocationInterceptorChain.java:131)
	at org.junit.jupiter.api.extension.InvocationInterceptor.interceptTestMethod(InvocationInterceptor.java:118)
	at org.junit.jupiter.engine.execution.InterceptingExecutableInvoker$ReflectiveInterceptorCall.lambda$ofVoidMethod$0(InterceptingExecutableInvoker.java:103)
	at org.junit.jupiter.engine.execution.InterceptingExecutableInvoker.lambda$invoke$0(InterceptingExecutableInvoker.java:93)
	at org.junit.jupiter.engine.execution.InvocationInterceptorChain$InterceptedInvocation.proceed(InvocationInterceptorChain.java:106)
	at org.junit.jupiter.engine.extension.TimeoutExtension.intercept(TimeoutExtension.java:156)
	at org.junit.jupiter.engine.extension.TimeoutExtension.interceptTestableMethod(TimeoutExtension.java:147)
	at org.junit.jupiter.engine.extension.TimeoutExtension.interceptTestMethod(TimeoutExtension.java:86)
	at org.junit.jupiter.engine.execution.InterceptingExecutableInvoker$ReflectiveInterceptorCall.lambda$ofVoidMethod$0(InterceptingExecutableInvoker.java:103)
	at org.junit.jupiter.engine.execution.InterceptingExecutableInvoker.lambda$invoke$0(InterceptingExecutableInvoker.java:93)
	at org.junit.jupiter.engine.execution.InvocationInterceptorChain$InterceptedInvocation.proceed(InvocationInterceptorChain.java:106)
	at org.junit.jupiter.engine.execution.InvocationInterceptorChain.proceed(InvocationInterceptorChain.java:64)
	at org.junit.jupiter.engine.execution.InvocationInterceptorChain.chainAndInvoke(InvocationInterceptorChain.java:45)
	at org.junit.jupiter.engine.execution.InvocationInterceptorChain.invoke(InvocationInterceptorChain.java:37)
	at org.junit.jupiter.engine.execution.InterceptingExecutableInvoker.invoke(InterceptingExecutableInvoker.java:92)
	at org.junit.jupiter.engine.execution.InterceptingExecutableInvoker.invoke(InterceptingExecutableInvoker.java:86)
	at org.junit.jupiter.engine.descriptor.TestMethodTestDescriptor.lambda$invokeTestMethod$7(TestMethodTestDescriptor.java:217)
	at org.junit.platform.engine.support.hierarchical.ThrowableCollector.execute(ThrowableCollector.java:73)
	at org.junit.jupiter.engine.descriptor.TestMethodTestDescriptor.invokeTestMethod(TestMethodTestDescriptor.java:213)
	at org.junit.jupiter.engine.descriptor.TestMethodTestDescriptor.execute(TestMethodTestDescriptor.java:138)
	at org.junit.jupiter.engine.descriptor.TestMethodTestDescriptor.execute(TestMethodTestDescriptor.java:68)
	at org.junit.platform.engine.support.hierarchical.NodeTestTask.lambda$executeRecursively$6(NodeTestTask.java:151)
	at org.junit.platform.engine.support.hierarchical.ThrowableCollector.execute(ThrowableCollector.java:73)
	at org.junit.platform.engine.support.hierarchical.NodeTestTask.lambda$executeRecursively$8(NodeTestTask.java:141)
	at org.junit.platform.engine.support.hierarchical.Node.around(Node.java:137)
	at org.junit.platform.engine.support.hierarchical.NodeTestTask.lambda$executeRecursively$9(NodeTestTask.java:139)
	at org.junit.platform.engine.support.hierarchical.ThrowableCollector.execute(ThrowableCollector.java:73)
	at org.junit.platform.engine.support.hierarchical.NodeTestTask.executeRecursively(NodeTestTask.java:138)
	at org.junit.platform.engine.support.hierarchical.NodeTestTask.execute(NodeTestTask.java:95)
	at java.base/java.util.ArrayList.forEach(ArrayList.java:1511)
	at org.junit.platform.engine.support.hierarchical.SameThreadHierarchicalTestExecutorService.invokeAll(SameThreadHierarchicalTestExecutorService.java:41)
	at org.junit.platform.engine.support.hierarchical.NodeTestTask.lambda$executeRecursively$6(NodeTestTask.java:155)
	at org.junit.platform.engine.support.hierarchical.ThrowableCollector.execute(ThrowableCollector.java:73)
	at org.junit.platform.engine.support.hierarchical.NodeTestTask.lambda$executeRecursively$8(NodeTestTask.java:141)
	at org.junit.platform.engine.support.hierarchical.Node.around(Node.java:137)
	at org.junit.platform.engine.support.hierarchical.NodeTestTask.lambda$executeRecursively$9(NodeTestTask.java:139)
	at org.junit.platform.engine.support.hierarchical.ThrowableCollector.execute(ThrowableCollector.java:73)
	at org.junit.platform.engine.support.hierarchical.NodeTestTask.executeRecursively(NodeTestTask.java:138)
	at org.junit.platform.engine.support.hierarchical.NodeTestTask.execute(NodeTestTask.java:95)
	at java.base/java.util.ArrayList.forEach(ArrayList.java:1511)
	at org.junit.platform.engine.support.hierarchical.SameThreadHierarchicalTestExecutorService.invokeAll(SameThreadHierarchicalTestExecutorService.java:41)
	at org.junit.platform.engine.support.hierarchical.NodeTestTask.lambda$executeRecursively$6(NodeTestTask.java:155)
	at org.junit.platform.engine.support.hierarchical.ThrowableCollector.execute(ThrowableCollector.java:73)
	at org.junit.platform.engine.support.hierarchical.NodeTestTask.lambda$executeRecursively$8(NodeTestTask.java:141)
	at org.junit.platform.engine.support.hierarchical.Node.around(Node.java:137)
	at org.junit.platform.engine.support.hierarchical.NodeTestTask.lambda$executeRecursively$9(NodeTestTask.java:139)
	at org.junit.platform.engine.support.hierarchical.ThrowableCollector.execute(ThrowableCollector.java:73)
	at org.junit.platform.engine.support.hierarchical.NodeTestTask.executeRecursively(NodeTestTask.java:138)
	at org.junit.platform.engine.support.hierarchical.NodeTestTask.execute(NodeTestTask.java:95)
	at org.junit.platform.engine.support.hierarchical.SameThreadHierarchicalTestExecutorService.submit(SameThreadHierarchicalTestExecutorService.java:35)
	at org.junit.platform.engine.support.hierarchical.HierarchicalTestExecutor.execute(HierarchicalTestExecutor.java:57)
	at org.junit.platform.engine.support.hierarchical.HierarchicalTestEngine.execute(HierarchicalTestEngine.java:54)
	at org.junit.platform.launcher.core.EngineExecutionOrchestrator.execute(EngineExecutionOrchestrator.java:147)
	at org.junit.platform.launcher.core.EngineExecutionOrchestrator.execute(EngineExecutionOrchestrator.java:127)
	at org.junit.platform.launcher.core.EngineExecutionOrchestrator.execute(EngineExecutionOrchestrator.java:90)
	at org.junit.platform.launcher.core.EngineExecutionOrchestrator.lambda$execute$0(EngineExecutionOrchestrator.java:55)
	at org.junit.platform.launcher.core.EngineExecutionOrchestrator.withInterceptedStreams(EngineExecutionOrchestrator.java:102)
	at org.junit.platform.launcher.core.EngineExecutionOrchestrator.execute(EngineExecutionOrchestrator.java:54)
	at org.junit.platform.launcher.core.DefaultLauncher.execute(DefaultLauncher.java:114)
	at org.junit.platform.launcher.core.DefaultLauncher.execute(DefaultLauncher.java:86)
	at org.junit.platform.launcher.core.DefaultLauncherSession$DelegatingLauncher.execute(DefaultLauncherSession.java:86)
	at org.gradle.api.internal.tasks.testing.junitplatform.JUnitPlatformTestClassProcessor$CollectAllTestClassesExecutor.processAllTestClasses(JUnitPlatformTestClassProcessor.java:119)
	at org.gradle.api.internal.tasks.testing.junitplatform.JUnitPlatformTestClassProcessor$CollectAllTestClassesExecutor.access$000(JUnitPlatformTestClassProcessor.java:94)
	at org.gradle.api.internal.tasks.testing.junitplatform.JUnitPlatformTestClassProcessor.stop(JUnitPlatformTestClassProcessor.java:89)
	at org.gradle.api.internal.tasks.testing.SuiteTestClassProcessor.stop(SuiteTestClassProcessor.java:62)
	at java.base/jdk.internal.reflect.DirectMethodHandleAccessor.invoke(DirectMethodHandleAccessor.java:104)
	at java.base/java.lang.reflect.Method.invoke(Method.java:577)
	at org.gradle.internal.dispatch.ReflectionDispatch.dispatch(ReflectionDispatch.java:36)
	at org.gradle.internal.dispatch.ReflectionDispatch.dispatch(ReflectionDispatch.java:24)
	at org.gradle.internal.dispatch.ContextClassLoaderDispatch.dispatch(ContextClassLoaderDispatch.java:33)
	at org.gradle.internal.dispatch.ProxyDispatchAdapter$DispatchingInvocationHandler.invoke(ProxyDispatchAdapter.java:94)
	at jdk.proxy1/jdk.proxy1.$Proxy2.stop(Unknown Source)
	at org.gradle.api.internal.tasks.testing.worker.TestWorker$3.run(TestWorker.java:193)
	at org.gradle.api.internal.tasks.testing.worker.TestWorker.executeAndMaintainThreadName(TestWorker.java:129)
	at org.gradle.api.internal.tasks.testing.worker.TestWorker.execute(TestWorker.java:100)
	at org.gradle.api.internal.tasks.testing.worker.TestWorker.execute(TestWorker.java:60)
	at org.gradle.process.internal.worker.child.ActionExecutionWorker.execute(ActionExecutionWorker.java:56)
	at org.gradle.process.internal.worker.child.SystemApplicationClassLoaderWorker.call(SystemApplicationClassLoaderWorker.java:113)
	at org.gradle.process.internal.worker.child.SystemApplicationClassLoaderWorker.call(SystemApplicationClassLoaderWorker.java:65)
	at worker.org.gradle.process.internal.worker.GradleWorkerMain.run(GradleWorkerMain.java:69)
	at worker.org.gradle.process.internal.worker.GradleWorkerMain.main(GradleWorkerMain.java:74)
</failure>
  </testcase>
  <system-out><![CDATA[Request URI:	https://ok.surf/api/v1/cors/news-feed
HTTP/1.1 200 OK
{
    "Business": [
        {
            "link": "https://news.google.com/articles/CBMid2h0dHBzOi8vd3d3LmZvcmV4bGl2ZS5jb20vY2VudHJhbGJhbmsvdGhpcy13ZWVrLWJyaW5ncy10aGUtbW9zdC1jcnVjaWFsLWNwaS1yZWFkaW5nLW9mLTIwMjQtYS1taW5pLXN1cGVyLWJvd2wtMjAyNDA1MTMv0gF7aHR0cHM6Ly93d3cuZm9yZXhsaXZlLmNvbS9jZW50cmFsYmFuay90aGlzLXdlZWstYnJpbmdzLXRoZS1tb3N0LWNydWNpYWwtY3BpLXJlYWRpbmctb2YtMjAyNC1hLW1pbmktc3VwZXItYm93bC0yMDI0MDUxMy9hbXAv?hl=en-US&gl=US&ceid=US%3Aen",
            "og": "https://encrypted-tbn3.gstatic.com/images?q=tbn:ANd9GcQZQkF5mzde8dvD1IwhGRd4sa0r_vtN6x4X2UhphIpn7o4diIbzwQ_RSabWgo0AguwKI2qCXPBuL7CqroXAWIwiY-vPJ3e9TORGI6Yj3BbrlBxTQw",
            "source": "ForexLive",
            "source_icon": "https://encrypted-tbn2.gstatic.com/faviconV2?url=https://www.forexlive.com&client=NEWS_360&size=96&type=FAVICON&fallback_opts=TYPE,SIZE,URL",
            "title": "This week brings the 'most crucial CPI reading of 2024', a 'mini Super Bowl'"
        },
        {
            "link": "https://news.google.com/articles/CBMiaGh0dHBzOi8vZmluYW5jZS55YWhvby5jb20vbmV3cy9iaWRlbnMtY29taW5nLW5ldy10YXJpZmZzLW9uLWNoaW5hLXJlZmxlY3QtbGVzc29ucy1sZWFybmVkLTEzMDExNDgwNy5odG1s0gEA?hl=en-US&gl=US&ceid=US%3Aen",
            "og": "https://encrypted-tbn2.gstatic.com/images?q=tbn:ANd9GcQJeAWSW0XhcpCQbNXYYJHfTQfQf5heWV3WOjy_Pq_ScBJ-eGNTOyuGD5k13EVHm29mEbFbPaPntK4tNn2e_-3iHpXYuUMOmGWhFA6q7CwHvk1a1w",
            "source": "Yahoo Finance",
            "source_icon": "https://encrypted-tbn1.gstatic.com/faviconV2?url=https://finance.yahoo.com&client=NEWS_360&size=96&type=FAVICON&fallback_opts=TYPE,SIZE,URL",
            "title": "Biden's coming new tariffs on China reflect 'lessons learned'"
        },
        {
            "link": "https://news.google.com/articles/CBMiWmh0dHBzOi8vYXBuZXdzLmNvbS9hcnRpY2xlL2NoaW5hLWJ5ZC1hdXRvLXNlYWd1bGwtYXV0by1ldi1jYWUyMGM5MjQzMmI3NGU5NWMyMzRkOTNlYzFkZjQwMNIBAA?hl=en-US&gl=US&ceid=US%3Aen",
            "og": "https://encrypted-tbn3.gstatic.com/images?q=tbn:ANd9GcQNa9n5CXtJKc1zPkuvTl4weGZ28I1_ty_4rMHB46MtAASc5lmjoLInMjSFeerVb3KULiaV_bBtUCerPXEnuwQO9VGam6z_0k-k6Kg3P5cMFfX2kw",
            "source": "The Associated Press",
            "source_icon": "https://encrypted-tbn2.gstatic.com/faviconV2?url=https://apnews.com&client=NEWS_360&size=96&type=FAVICON&fallback_opts=TYPE,SIZE,URL",
            "title": "Small, well-built Chinese EV called the Seagull poses a big threat to the US auto industry"
        },
        {
            "link": "https://news.google.com/articles/CBMiVmh0dHBzOi8vd3d3LnJldXRlcnMuY29tL3RlY2hub2xvZ3kvbWljcm9zb2Z0LWludmVzdC00LWJpbGxpb24tZXVyb3MtZnJhbmNlLTIwMjQtMDUtMTMv0gEA?hl=en-US&gl=US&ceid=US%3Aen",
            "og": "https://encrypted-tbn0.gstatic.com/images?q=tbn:ANd9GcRlne9dcFgRk7oTfihCoZ_s_W2qb6wGwmeqrP3T0XTX99qFRLA-HbrkSfV1OieL6uESImxkWIfqM8J9Z2OvcP2L2QeAPyggESy19KbLSnrASzg3vA",
            "source": "Reuters",
            "source_icon": "https://encrypted-tbn2.gstatic.com/faviconV2?url=https://www.reuters.com&client=NEWS_360&size=96&type=FAVICON&fallback_opts=TYPE,SIZE,URL",
            "title": "Microsoft to invest 4 billion euros in France"
        },
        {
            "link": "https://news.google.com/articles/CBMiO2h0dHBzOi8vOXRvNW1hYy5jb20vMjAyNC8wNS8xMi9hcHBsZS1zdG9yZS1zdHJpa2UtbWFyeWxhbmQv0gEA?hl=en-US&gl=US&ceid=US%3Aen",
            "og": "https://encrypted-tbn2.gstatic.com/images?q=tbn:ANd9GcTxhI0DdamldBa0mbrxtOLQhkJw6kPZxNz66o4Qdre_ClZ4itk4UCjvs5ijfyH3k717N_awa1idMh2N-aXXei-UnlY_OaxuD8gbyMhXWzZZmCdV2A",
            "source": "9to5Mac",
            "source_icon": "https://encrypted-tbn0.gstatic.com/faviconV2?url=https://9to5mac.com&client=NEWS_360&size=96&type=FAVICON&fallback_opts=TYPE,SIZE,URL",
            "title": "Apple Store workers in Maryland vote in favor of a strike over working conditions"
        },
        {
            "link": "https://news.google.com/articles/CBMidGh0dHBzOi8vd3d3LmFsLmNvbS9uZXdzL3R1c2NhbG9vc2EvMjAyNC8wNS91bmlvbi1tZW1iZXJzLXJhbGx5LXRvLXNob3ctc3VwcG9ydC1mb3ItYXV0by13b3JrZXJzLWJlZm9yZS11YXctdm90ZS5odG1s0gGDAWh0dHBzOi8vd3d3LmFsLmNvbS9uZXdzL3R1c2NhbG9vc2EvMjAyNC8wNS91bmlvbi1tZW1iZXJzLXJhbGx5LXRvLXNob3ctc3VwcG9ydC1mb3ItYXV0by13b3JrZXJzLWJlZm9yZS11YXctdm90ZS5odG1sP291dHB1dFR5cGU9YW1w?hl=en-US&gl=US&ceid=US%3Aen",
            "og": "https://encrypted-tbn3.gstatic.com/images?q=tbn:ANd9GcSs5KDHZ6_H_8ImSR0bq2U-e_Rwk-7l83fcAZmbp7pStc5OlcRraIdVQoM59kNBDuzThsrBe8CidTj3HuzVRF8pwXscK4H1OPLYIAM9CDbZks7oyQ",
            "source": "AL.com",
            "source_icon": "https://encrypted-tbn0.gstatic.com/faviconV2?url=https://www.al.com&client=NEWS_360&size=96&type=FAVICON&fallback_opts=TYPE,SIZE,URL",
            "title": "Union rallies before Alabama Mercedes UAW vote: ‘Wages, working conditions and benefits improve’"
        },
        {
            "link": "https://news.google.com/articles/CBMiowFodHRwczovL3d3dy5tYXJrZXR3YXRjaC5jb20vc3RvcnkvaW5mbGF0aW9uLW1vdmluZy1hLWJhYnktc3RlcC1pbi10aGUtcmlnaHQtZGlyZWN0aW9uLWhlcmVzLXdoYXQtd2FsbC1zdHJlZXQtZWNvbm9taXN0cy1leHBlY3QtZnJvbS10aGlzLXdlZWtzLWJpZy1yZXBvcnRzLTA3NTM0ZmE20gGnAWh0dHBzOi8vd3d3Lm1hcmtldHdhdGNoLmNvbS9hbXAvc3RvcnkvaW5mbGF0aW9uLW1vdmluZy1hLWJhYnktc3RlcC1pbi10aGUtcmlnaHQtZGlyZWN0aW9uLWhlcmVzLXdoYXQtd2FsbC1zdHJlZXQtZWNvbm9taXN0cy1leHBlY3QtZnJvbS10aGlzLXdlZWtzLWJpZy1yZXBvcnRzLTA3NTM0ZmE2?hl=en-US&gl=US&ceid=US%3Aen",
            "og": "https://encrypted-tbn2.gstatic.com/images?q=tbn:ANd9GcQGD9YSkx_TQe4xZZEzVZugq9WKeku0zsYR_aA-to1t4sFFptHAFV0TdOwwayK9A_LjQ12oFY-M_kPwiVZWLJO96At486Fg5dgZr8sYd9JlSNzfjA",
            "source": "MarketWatch",
            "source_icon": "https://encrypted-tbn1.gstatic.com/faviconV2?url=https://www.marketwatch.com&client=NEWS_360&size=96&type=FAVICON&fallback_opts=TYPE,SIZE,URL",
            "title": "Inflation moving ‘a baby step’ in right direction? Here’s what economists expect"
        },
        {
            "link": "https://news.google.com/articles/CBMiP2h0dHBzOi8vd3d3LmZ0LmNvbS9jb250ZW50L2NkMzkzNDMzLTYwODgtNDhmZi05ODFmLWVlNWViNTE2YTY0YtIBAA?hl=en-US&gl=US&ceid=US%3Aen",
            "og": "https://encrypted-tbn2.gstatic.com/images?q=tbn:ANd9GcR2MMOvrdpIHeuR4xOPLXQkwnmKqCHS0USIVbW275Ekm2BI5QBVaEpZVQfh8uYrjgh95qCArywR79sSCzMkpguunZQL2GHiaHW-8fyzoURxFnLvrQ",
            "source": "Financial Times",
            "source_icon": "https://encrypted-tbn2.gstatic.com/faviconV2?url=https://www.ft.com&client=NEWS_360&size=96&type=FAVICON&fallback_opts=TYPE,SIZE,URL",
            "title": "China fires starting gun on $140bn debt sale to boost economy"
        },
        {
            "link": "https://news.google.com/articles/CBMiRmh0dHBzOi8vd3d3LmNuYmMuY29tLzIwMjQvMDUvMTIvc3RvY2stbWFya2V0LW5ld3MtZm9yLW1heS0xMi0yMDI0Lmh0bWzSAUpodHRwczovL3d3dy5jbmJjLmNvbS9hbXAvMjAyNC8wNS8xMi9zdG9jay1tYXJrZXQtbmV3cy1mb3ItbWF5LTEyLTIwMjQuaHRtbA?hl=en-US&gl=US&ceid=US%3Aen",
            "og": "https://encrypted-tbn0.gstatic.com/images?q=tbn:ANd9GcQxexGqdhMr-UXMgb8rEk69p-dROxyy6bRmm9gfZ3PQ-32OIjkPghCWBPO62wuPJON6Ids0W2DjIpyos60j7kURF-0fVjaaL-aY0v27XM9rcaGVrQ",
            "source": "CNBC",
            "source_icon": "https://encrypted-tbn0.gstatic.com/faviconV2?url=https://www.cnbc.com&client=NEWS_360&size=96&type=FAVICON&fallback_opts=TYPE,SIZE,URL",
            "title": "Stock futures rise slightly after Dow's best week of the year, investors look toward inflation data: Live updates"
        },
        {
            "link": "https://news.google.com/articles/CBMiSGh0dHBzOi8vZmluYW5jZS55YWhvby5jb20vbmV3cy9vaWwtZWRnZXMtbG93ZXItaXJhcS1taXhlZC0wMDI1MDU3NDEuaHRtbNIBAA?hl=en-US&gl=US&ceid=US%3Aen",
            "og": "https://encrypted-tbn1.gstatic.com/images?q=tbn:ANd9GcTLKrXSvZMIRyCsiqTTkr5IaKlUylY9pkE44doGwS3Ib-3nQpuuU3zsyJrPCf12mZu_zHm1OQyL2xYypjmWVwxRXF9jV91Bm7TcQhaYF7LZDsc07Q",
            "source": "Yahoo Finance",
            "source_icon": "https://encrypted-tbn1.gstatic.com/faviconV2?url=https://finance.yahoo.com&client=NEWS_360&size=96&type=FAVICON&fallback_opts=TYPE,SIZE,URL",
            "title": "Oil Steadies as Traders Assess Outlook for China and OPEC+ Curbs"
        },
        {
            "link": "https://news.google.com/articles/CBMicGh0dHBzOi8vd3d3LnJldXRlcnMuY29tL21hcmtldHMvY29tbW9kaXRpZXMvb2lsLWV4dGVuZHMtZGVjbGluZS1zaWducy13ZWFrLWZ1ZWwtZGVtYW5kLXN0cm9uZy1kb2xsYXItMjAyNC0wNS0xMy_SAQA?hl=en-US&gl=US&ceid=US%3Aen",
            "og": "https://encrypted-tbn3.gstatic.com/images?q=tbn:ANd9GcSKwnCRoVkiJETfu5hNWlPZ3WuOgZDaIbIHOEDU7GP8ZGgV5PjKgxHBlPagkAC-idosBgbK-SFXZJWUBj0bUunRxzlefk0jLnOv_ROV",
            "source": "Reuters",
            "source_icon": "https://encrypted-tbn2.gstatic.com/faviconV2?url=https://www.reuters.com&client=NEWS_360&size=96&type=FAVICON&fallback_opts=TYPE,SIZE,URL",
            "title": "Oil slips on signs of weak fuel demand, strong dollar"
        },
        {
            "link": "https://news.google.com/articles/CBMiY2h0dHBzOi8vd3d3LmNuYmMuY29tLzIwMjQvMDUvMTMvc29mdGJhbmtzLWFybS10by1sYXVuY2gtYWktY2hpcHMtYnktMjAyNS1hbWlkLWV4cGxvc2l2ZS1kZW1hbmQuaHRtbNIBZ2h0dHBzOi8vd3d3LmNuYmMuY29tL2FtcC8yMDI0LzA1LzEzL3NvZnRiYW5rcy1hcm0tdG8tbGF1bmNoLWFpLWNoaXBzLWJ5LTIwMjUtYW1pZC1leHBsb3NpdmUtZGVtYW5kLmh0bWw?hl=en-US&gl=US&ceid=US%3Aen",
            "og": "https://encrypted-tbn2.gstatic.com/images?q=tbn:ANd9GcTnHtNRyWsBeEa_-pY_AD215DP4_vB_Gz5FH1rQuMvgLIlsRSl-6SdzlG9GqQWkNpfKo3o3Eui918RSSV3dFldltwfuBrTcoIEoNWRDDqdw9bKQnQ",
            "source": "CNBC",
            "source_icon": "https://encrypted-tbn0.gstatic.com/faviconV2?url=https://www.cnbc.com&client=NEWS_360&size=96&type=FAVICON&fallback_opts=TYPE,SIZE,URL",
            "title": "SoftBank's Arm to reportedly launch AI chips by 2025 to capture explosive demand"
        },
        {
            "link": "https://news.google.com/articles/CBMiXWh0dHBzOi8vd3d3LnZvYW5ld3MuY29tL2EvY2hpbmVzZS1jb21wYW5pZXMtd2luLWJpZHMtdG8tZXhwbG9yZS1pcmFxLWZvci1vaWwtZ2FzLzc2MDgxODYuaHRtbNIBX2h0dHBzOi8vd3d3LnZvYW5ld3MuY29tL2FtcC9jaGluZXNlLWNvbXBhbmllcy13aW4tYmlkcy10by1leHBsb3JlLWlyYXEtZm9yLW9pbC1nYXMvNzYwODE4Ni5odG1s?hl=en-US&gl=US&ceid=US%3Aen",
            "og": "https://encrypted-tbn3.gstatic.com/images?q=tbn:ANd9GcRIcgVRkokB3LFxmqlIZuJu7tuFVa5XfHSdEmzQsYAM9Vq2PH6JfRcTQklxdNZpuYYi65OfR5rW3Qxr1k3ZuUeBwjFnU7eG3dHjkoTgdtQ8ubVtsg",
            "source": "Voice of America - VOA News",
            "source_icon": "https://encrypted-tbn0.gstatic.com/faviconV2?url=https://www.voanews.com&client=NEWS_360&size=96&type=FAVICON&fallback_opts=TYPE,SIZE,URL",
            "title": "Chinese companies win bids to explore Iraq for oil, gas"
        },
        {
            "link": "https://news.google.com/articles/CBMiU2h0dHBzOi8vd3d3LmZveGJ1c2luZXNzLmNvbS9wb2xpdGljcy9jYWxpZm9ybmlhcy1zZWNyZXQtZ2FzLXRheC1oaWtlLWNvbWluZy1pbi0yMDI10gFXaHR0cHM6Ly93d3cuZm94YnVzaW5lc3MuY29tL3BvbGl0aWNzL2NhbGlmb3JuaWFzLXNlY3JldC1nYXMtdGF4LWhpa2UtY29taW5nLWluLTIwMjUuYW1w?hl=en-US&gl=US&ceid=US%3Aen",
            "og": "https://encrypted-tbn3.gstatic.com/images?q=tbn:ANd9GcRanjqcRkfgL4FdZ-9qmf-nChAv0eni9hGEYtL75lbELZ-2cgISEaqjKw_H0Tky6f3iziAVDzIQelkss8Dg6d0DxpE4TdaIzeNFXlVPPgYYwl6ebg",
            "source": "Fox Business",
            "source_icon": "https://encrypted-tbn1.gstatic.com/faviconV2?url=https://www.foxbusiness.com&client=NEWS_360&size=96&type=FAVICON&fallback_opts=TYPE,SIZE,URL",
            "title": "California's 'secret' 50-cent gas tax hike coming in the next two years"
        },
        {
            "link": "https://news.google.com/articles/CBMiXWh0dHBzOi8vd3d3LmR3LmNvbS9lbi9iZXJsaW4tdGVzbGEtYWN0aXZpc3RzLXNheS1jaXZpbC1kaXNvYmVkaWVuY2UtaXMtb25seS1vcHRpb24vYS02OTA1NDAwN9IBXWh0dHBzOi8vYW1wLmR3LmNvbS9lbi9iZXJsaW4tdGVzbGEtYWN0aXZpc3RzLXNheS1jaXZpbC1kaXNvYmVkaWVuY2UtaXMtb25seS1vcHRpb24vYS02OTA1NDAwNw?hl=en-US&gl=US&ceid=US%3Aen",
            "og": "https://encrypted-tbn3.gstatic.com/images?q=tbn:ANd9GcSxo2lDC-m1WXNINgftx1JPDbdT7pho0B__GuiT66rNfZ4c5p5FTuQG791oJDi0yW87SVK0DJocgbzwmUByyyVZfzc1k_Eb9Osv-Y1gj0c_vXrtYA",
            "source": "DW (English)",
            "source_icon": "https://encrypted-tbn1.gstatic.com/faviconV2?url=https://www.dw.com&client=NEWS_360&size=96&type=FAVICON&fallback_opts=TYPE,SIZE,URL",
            "title": "Berlin Tesla activists say civil disobedience is only option"
        },
        {
            "link": "https://news.google.com/articles/CBMiWmh0dHBzOi8vd3d3Lm5ld3Nlci5jb20vc3RvcnkvMzUwMjA0L2luLXRoaXMtY2F0aG9saWMtaG9zcGl0YWwtc3lzdGVtLXVudXN1YWwtYWN0aXZpdHkuaHRtbNIBAA?hl=en-US&gl=US&ceid=US%3Aen",
            "og": "https://encrypted-tbn2.gstatic.com/images?q=tbn:ANd9GcT9ThZWozdfyc65HI3_tVbMOJCqniRpETN9SMThqXZAOXvG9bx1yHK9y85-KFQknqYXLtpqY20xjUAGvc0-7t0CqnYFntM2hNIExl_C6ibe4BZDfQ",
            "source": "Newser",
            "source_icon": "https://encrypted-tbn2.gstatic.com/faviconV2?url=https://www.newser.com&client=NEWS_360&size=96&type=FAVICON&fallback_opts=TYPE,SIZE,URL",
            "title": "In This Catholic Hospital System, 'Unusual Activity'"
        },
        {
            "link": "https://news.google.com/articles/CBMidmh0dHBzOi8vd3d3LnJldXRlcnMuY29tL3dvcmxkL2luZGlhL2JlZm9yZS1nbG9iYWwtc2NydXRpbnktaW5kaWFuLXNwaWNlLW1ha2VyLW1kaC1mYWNlZC1tYW55LXVzLXJlamVjdGlvbnMtMjAyNC0wNS0xMi_SAQA?hl=en-US&gl=US&ceid=US%3Aen",
            "og": "https://encrypted-tbn2.gstatic.com/images?q=tbn:ANd9GcQaPNoaegJed2n7GfuHBhThiU9zUOrniWxyeczlnFqabqaLOdEEhVVbYPUPLc_a9V-JlvqvPQJRpf8kB0MOXiHkkezAPgH_OV4drbDnqX2UJGAOKQ",
            "source": "Reuters India",
            "source_icon": "https://encrypted-tbn2.gstatic.com/faviconV2?url=https://www.reuters.com&client=NEWS_360&size=96&type=FAVICON&fallback_opts=TYPE,SIZE,URL",
            "title": "Before global scrutiny, Indian spice maker MDH faced many US rejections"
        },
        {
            "link": "https://news.google.com/articles/CBMif2h0dHBzOi8vd3d3LmZvcmV4bGl2ZS5jb20vY2VudHJhbGJhbmsvamFwYW5zLWthdG8tc2F5cy1pdHMtbmF0dXJhbC10aGF0LW1vbmV0YXJ5LXBvbGljeS13aWxsLXJldmVydC10by1wb3NpdGl2ZS1yYXRlcy0yMDI0MDUxMy_SAYMBaHR0cHM6Ly93d3cuZm9yZXhsaXZlLmNvbS9jZW50cmFsYmFuay9qYXBhbnMta2F0by1zYXlzLWl0cy1uYXR1cmFsLXRoYXQtbW9uZXRhcnktcG9saWN5LXdpbGwtcmV2ZXJ0LXRvLXBvc2l0aXZlLXJhdGVzLTIwMjQwNTEzL2FtcC8?hl=en-US&gl=US&ceid=US%3Aen",
            "og": "https://encrypted-tbn1.gstatic.com/images?q=tbn:ANd9GcTx0eetfP4G8lpvcMuns5wigI0o-xP1_QBl5f60O2fPZRX3_-AmdopkGh2HTnYspzn7UFGYVr4Se1pxkaTlYE-0fRQ6IfJV3RnRVNS918nqOF8s2A",
            "source": "ForexLive",
            "source_icon": "https://encrypted-tbn2.gstatic.com/faviconV2?url=https://www.forexlive.com&client=NEWS_360&size=96&type=FAVICON&fallback_opts=TYPE,SIZE,URL",
            "title": "Japan's Kato says its natural that monetary policy will revert to positive interest rates"
        },
        {
            "link": "https://news.google.com/articles/CBMiPmh0dHBzOi8vd3d3LmNvbW1vbmRyZWFtcy5vcmcvbmV3cy90cnVtcC1qdWRnZS1jcmVkaXQtY2FyZC1mZWVz0gEA?hl=en-US&gl=US&ceid=US%3Aen",
            "og": "https://encrypted-tbn3.gstatic.com/images?q=tbn:ANd9GcRsgMAZbeHtB6V3Qcjz1yaWb5RQnxq2McyLQiZPPOBpQi0RvSekjKCHcNvCsLq70vCWUtEAGdPHjjKosr1YYDYQW0zwfPoTmwyCC4Da",
            "source": "Common Dreams",
            "source_icon": "https://encrypted-tbn2.gstatic.com/faviconV2?url=https://www.commondreams.org&client=NEWS_360&size=96&type=FAVICON&fallback_opts=TYPE,SIZE,URL",
            "title": "Trump-Appointed Judge Halts Biden Rule Capping Credit Card Fees"
        },
        {
            "link": "https://news.google.com/articles/CBMibWh0dHBzOi8vd3d3LnJldXRlcnMuY29tL21hcmtldHMvY29tbW9kaXRpZXMvaXJhcS1pcy1jb21taXR0ZWQtb3BlY3Mtb2lsLW91dHB1dC1jdXRzLW1pbmlzdGVyLXNheXMtMjAyNC0wNS0xMi_SAQA?hl=en-US&gl=US&ceid=US%3Aen",
            "og": "https://encrypted-tbn2.gstatic.com/images?q=tbn:ANd9GcRlHKf_4idXBLUoepsESCYjQKcLk8IGUMItD1N3UZInwqKGXdT3YQ3pmRbujrKHPNhwgqGW3BhqSBUtgeYH28Y4CcpYIRRs9PCwyGKt7q8iWZjsYg",
            "source": "Reuters",
            "source_icon": "https://encrypted-tbn2.gstatic.com/faviconV2?url=https://www.reuters.com&client=NEWS_360&size=96&type=FAVICON&fallback_opts=TYPE,SIZE,URL",
            "title": "Iraq is committed to OPEC's oil output cuts, minister says"
        },
        {
            "link": "https://news.google.com/articles/CBMidmh0dHBzOi8vd3d3LnBicy5vcmcvbmV3c2hvdXIvc2hvdy90aGUtY29zdHMtYW5kLXBpdGZhbGxzLW9mLWVhcm5lZC13YWdlLWFjY2Vzcy1hcHBzLXRoYXQtb2ZmZXItbG9hbnMtYmV0d2Vlbi1wYXljaGVja3PSAXpodHRwczovL3d3dy5wYnMub3JnL25ld3Nob3VyL2FtcC9zaG93L3RoZS1jb3N0cy1hbmQtcGl0ZmFsbHMtb2YtZWFybmVkLXdhZ2UtYWNjZXNzLWFwcHMtdGhhdC1vZmZlci1sb2Fucy1iZXR3ZWVuLXBheWNoZWNrcw?hl=en-US&gl=US&ceid=US%3Aen",
            "og": "https://encrypted-tbn3.gstatic.com/images?q=tbn:ANd9GcSZS_2mddvVboATAk77CZ7e3Z7d063iUW8OkH3Z5GDBWJs3SQjN6k7DxGnlCEzjWU40BjOcy5VxNOc0cWfAd7GfqM0QqG74FDciEJMEkMZFHHZPsg",
            "source": "PBS NewsHour",
            "source_icon": "https://encrypted-tbn1.gstatic.com/faviconV2?url=https://www.pbs.org&client=NEWS_360&size=96&type=FAVICON&fallback_opts=TYPE,SIZE,URL",
            "title": "The costs and pitfalls of 'earned wage access' apps that offer loans between paychecks"
        },
        {
            "link": "https://news.google.com/articles/CBMicWh0dHBzOi8vZm9ydHVuZS5jb20vMjAyNC8wNS8xMS9qaW0tc2ltb25zLXJlbmFpc3NhbmNlLXRlY2hub2xvZ2llcy1xdWFudC1pbnZlc3RpbmctbWFuYWdlbWVudC1sZWFkZXJzaGlwLWxlc3NvbnMv0gEA?hl=en-US&gl=US&ceid=US%3Aen",
            "og": "https://encrypted-tbn1.gstatic.com/images?q=tbn:ANd9GcTuJt7pi98mGunUFuXtfPCP9PhoKdrLZp3ymsBIVquF5tEBWxq81GlJLz2MHtut64Kuby7fCRuEJ7Ch4Gkl5DXwqLeLiP4nQcHmUuBYzNjDfjXSjw",
            "source": "Fortune",
            "source_icon": "https://encrypted-tbn3.gstatic.com/faviconV2?url=https://fortune.com&client=NEWS_360&size=96&type=FAVICON&fallback_opts=TYPE,SIZE,URL",
            "title": "Jim Simons was a math and investing genius, but also a management wiz. Here are some of his lessons on leadership"
        },
        {
            "link": "https://news.google.com/articles/CBMiaGh0dHBzOi8vd3d3LmJsb29tYmVyZy5jb20vbmV3cy9hcnRpY2xlcy8yMDI0LTA1LTEyL2hvbmcta29uZy1jaGluYS1zdG9ja3MtYXJlLXJhbGx5aW5nLXNob3VsZC15b3UtaW52ZXN00gEA?hl=en-US&gl=US&ceid=US%3Aen",
            "og": "https://encrypted-tbn1.gstatic.com/images?q=tbn:ANd9GcS_ei1zT4ZInKZ3jabNog4L1SJHHVCIcaeFUB2CXeW6Yyi42aCWe7KQFZ8hi5PghxF-Bk3RBTXD_X74oFHJN7YIwOov3_UUm67qtYWHftI8btC_iA",
            "source": "Bloomberg",
            "source_icon": "https://encrypted-tbn1.gstatic.com/faviconV2?url=https://www.bloomberg.com&client=NEWS_360&size=96&type=FAVICON&fallback_opts=TYPE,SIZE,URL",
            "title": "Hong Kong and China Stocks Are on a Tear. Should You Invest?"
        },
        {
            "link": "https://news.google.com/articles/CBMiUmh0dHBzOi8vd3d3LmF4aW9zLmNvbS8yMDI0LzA1LzEyL21vdGhlcnMtZGF5LXdvbWVuLWVtcGxveW1lbnQtcGFuZGVtaWMtcmVtb3RlLXdvcmvSAQA?hl=en-US&gl=US&ceid=US%3Aen",
            "og": "https://encrypted-tbn3.gstatic.com/images?q=tbn:ANd9GcSb4QWeY9bL4iDph2NU30B4LsWc4x9JK1bAs4qKSWhc0nV08HjYnXHDGZ59K03t9FRB2Rf2D3XjrP489CSGTb6qDQmiRo4uh3wXFNzSqD7Gki58RQ",
            "source": "Axios",
            "source_icon": "https://encrypted-tbn0.gstatic.com/faviconV2?url=https://www.axios.com&client=NEWS_360&size=96&type=FAVICON&fallback_opts=TYPE,SIZE,URL",
            "title": "Mother's Day surprise: More women with children are working than ever before"
        },
        {
            "link": "https://news.google.com/articles/CBMiLmh0dHBzOi8vd3d3LmJiYy5jb20vbmV3cy9hcnRpY2xlcy9jNG4xeWpsbDg3d2_SATJodHRwczovL3d3dy5iYmMuY29tL25ld3MvYXJ0aWNsZXMvYzRuMXlqbGw4N3dvLmFtcA?hl=en-US&gl=US&ceid=US%3Aen",
            "og": "https://encrypted-tbn2.gstatic.com/images?q=tbn:ANd9GcQCsGAo7nxd-giDKW0x6w0lJRv5Y-Ecbweft37ryXNdMIo7wJkeYKBkUU0mBP0nb24Hsmpi0pTjUi1bdJSNRpnYMYv671PqbY8SocDa",
            "source": "BBC.com",
            "source_icon": "https://encrypted-tbn2.gstatic.com/faviconV2?url=https://www.bbc.com&client=NEWS_360&size=96&type=FAVICON&fallback_opts=TYPE,SIZE,URL",
            "title": "Mortgages: More face payments during retirement, data suggests"
        },
        {
            "link": "https://news.google.com/articles/CBMiZWh0dHBzOi8vdmFyaWV0eS5jb20vMjAyNC90di9uZXdzL3VwZnJvbnRzLTIwMjQtbmV0ZmxpeC1uYmN1bml2ZXJzYWwtZGlzbmV5LWFtYXpvbi15b3V0dWJlLTEyMzU5OTk2MDMv0gFpaHR0cHM6Ly92YXJpZXR5LmNvbS8yMDI0L3R2L25ld3MvdXBmcm9udHMtMjAyNC1uZXRmbGl4LW5iY3VuaXZlcnNhbC1kaXNuZXktYW1hem9uLXlvdXR1YmUtMTIzNTk5OTYwMy9hbXAv?hl=en-US&gl=US&ceid=US%3Aen",
            "og": "https://encrypted-tbn0.gstatic.com/images?q=tbn:ANd9GcTmorQO8355qUPlyEGC7datGfm4CFDa5QVevRaSX9Iz2LukRRJtEOEeD-LW0b0vLMgS-unW0Fxh99WhgrdD06J6jdG1nvNax9XcIFY4SJru9jgUfA",
            "source": "Variety",
            "source_icon": "https://encrypted-tbn1.gstatic.com/faviconV2?url=https://variety.com&client=NEWS_360&size=96&type=FAVICON&fallback_opts=TYPE,SIZE,URL",
            "title": "Upfronts 2024: TV Insiders Ready to ‘Sprint’ and Schmooze Again After 2023’s Strike Disruption (FULL CALENDAR)"
        },
        {
            "link": "https://news.google.com/articles/CBMiTGh0dHBzOi8vd3d3LmtjcmEuY29tL2FydGljbGUvc2FjcmFtZW50by1uaWdodGNsdWItYW5ub3VuY2VzLWNsb3N1cmUvNjA3NzAyNzbSAQA?hl=en-US&gl=US&ceid=US%3Aen",
            "og": "https://encrypted-tbn2.gstatic.com/images?q=tbn:ANd9GcRoGptSAyeWtWB3yttMBMXYR3UntsRP0tbUnEg65ujLAvyHToqY3tYbkZedHMd-l-o",
            "source": "KCRA Sacramento",
            "source_icon": "https://encrypted-tbn3.gstatic.com/faviconV2?url=https://www.kcra.com&client=NEWS_360&size=96&type=FAVICON&fallback_opts=TYPE,SIZE,URL",
            "title": "The Park Ultra Lounge in Sacramento announces closure"
        },
        {
            "link": "https://news.google.com/articles/CBMidmh0dHBzOi8vd3d3LmJ1c2luZXNzaW5zaWRlci5jb20vYW1lcmljYW5zLWxvc2luZy1mYWl0aC1lY29ub215LWluZmxhdGlvbi11bml2ZXJzaXR5LW1pY2hpZ2FuLWNvbnN1bWVyLXNlbnRpbWVudC0yMDI0LTXSAXpodHRwczovL3d3dy5idXNpbmVzc2luc2lkZXIuY29tL2FtZXJpY2Fucy1sb3NpbmctZmFpdGgtZWNvbm9teS1pbmZsYXRpb24tdW5pdmVyc2l0eS1taWNoaWdhbi1jb25zdW1lci1zZW50aW1lbnQtMjAyNC01P2FtcA?hl=en-US&gl=US&ceid=US%3Aen",
            "og": "https://encrypted-tbn0.gstatic.com/images?q=tbn:ANd9GcSliCzpsYNLBQOdtHEfU9S8afjwPidjEje0JY9OHNHLFnFinAbPTPH8zCsQfjmivPccSsgRBJMSwo_-DM5r2vT0ekPGSUsZytYkdkmsfTb0QYnXLA",
            "source": "Business Insider",
            "source_icon": "https://encrypted-tbn3.gstatic.com/faviconV2?url=https://www.businessinsider.com&client=NEWS_360&size=96&type=FAVICON&fallback_opts=TYPE,SIZE,URL",
            "title": "Charts: Americans are losing faith in the US economy"
        },
        {
            "link": "https://news.google.com/articles/CBMiZGh0dHBzOi8vd3d3LnBjbWFnLmNvbS9uZXdzL3QtbW9iaWxlLXZlcml6b24tYW5kLWF0dC1yZXF1aXJlZC10by1wYXktMTAyLW1pbGxpb24tb3Zlci1mYWxzZS11bmxpbWl0ZWTSAQA?hl=en-US&gl=US&ceid=US%3Aen",
            "og": "https://encrypted-tbn2.gstatic.com/images?q=tbn:ANd9GcQNIIW7aobEr_5wj-LdiVdV9PpmHAuqJ8ZlJAu-l5_XsSxGHCMPwaUPCn2Fcm-ddSeqe3LoQloovnhbPuEUsNuL61tAbeSHCoVFrhgkXPY1tgBD1g",
            "source": "PCMag",
            "source_icon": "https://encrypted-tbn0.gstatic.com/faviconV2?url=https://www.pcmag.com&client=NEWS_360&size=96&type=FAVICON&fallback_opts=TYPE,SIZE,URL",
            "title": "T-Mobile, Verizon, and AT&T Fined $10.2 Million Over False 'Unlimited' Plan Claims"
        },
        {
            "link": "https://news.google.com/articles/CBMiX2h0dHBzOi8vd3d3LmluZGVwZW5kZW50LmNvLnVrL25ld3Mvd29ybGQvYW1lcmljYXMvbWNkb25hbGRzLWZpdmUtZG9sbGFyLW1lYWwtZGVhbC1iMjU0MzQxOC5odG1s0gEA?hl=en-US&gl=US&ceid=US%3Aen",
            "og": "https://encrypted-tbn2.gstatic.com/images?q=tbn:ANd9GcQwWkso9dduoJiSMhO6p-ucOLOETKeBwED5sWqD0OmC82bKEt1k0sXu-PcwNtIVPrZyuxr3dEhcpsjQCW0jYxonwNMPlJt5007FMXDkgTRz_-KVkw",
            "source": "The Independent",
            "source_icon": "https://encrypted-tbn1.gstatic.com/faviconV2?url=https://www.independent.co.uk&client=NEWS_360&size=96&type=FAVICON&fallback_opts=TYPE,SIZE,URL",
            "title": "McDonald's launches a $5 Meal Deal as inflation-weary consumers ditch fast-food"
        },
        {
            "link": "https://news.google.com/articles/CBMiQ2h0dHBzOi8vZnV0dXJpc20uY29tL3RoZS1ieXRlL3dvcmxkcy1sYXJnZXN0LXN1Y2stY2FyYm9uLWF0bW9zcGhlcmXSAQA?hl=en-US&gl=US&ceid=US%3Aen",
            "og": "https://encrypted-tbn0.gstatic.com/images?q=tbn:ANd9GcTVwq0PCqxszSWoFo6xmMqUZBpb_6zW76_eW-5kEqqSVVT10M39pbV33DUqfhSvEjs-k9hACKyvpLTEjgvT4ziqdcTSfcyk6Ye2yYBBxGSY_fAi6w",
            "source": "Futurism",
            "source_icon": "https://encrypted-tbn3.gstatic.com/faviconV2?url=https://futurism.com&client=NEWS_360&size=96&type=FAVICON&fallback_opts=TYPE,SIZE,URL",
            "title": "World's Largest Vacuum to Suck Carbon From Atmosphere Turns On for First Time"
        },
        {
            "link": "https://news.google.com/articles/CBMiZGh0dHBzOi8vdGhlY3J5cHRvYmFzaWMuY29tLzIwMjQvMDUvMTMvY3VycmVudC14cnAtY3ljbGUtbWF5LXNlZS1wcmljZXMtcmVhY2gtYXMtaGlnaC1hcy0yNTAtYW5hbHlzdC_SAQA?hl=en-US&gl=US&ceid=US%3Aen",
            "og": "https://encrypted-tbn1.gstatic.com/images?q=tbn:ANd9GcQt14FRH2BflRJUI8Ql9aZrMzCjQs0dyWR16av9qqBAnyvcTpnPWL1ujC_AitSrZ9U",
            "source": "The Crypto Basic",
            "source_icon": "https://encrypted-tbn1.gstatic.com/faviconV2?url=https://thecryptobasic.com&client=NEWS_360&size=96&type=FAVICON&fallback_opts=TYPE,SIZE,URL",
            "title": "Current XRP Cycle May See Prices Reach as High as $250: Analyst"
        },
        {
            "link": "https://news.google.com/articles/CBMiXWh0dHBzOi8vd3d3LmJ1c2luZXNzaW5zaWRlci5jb20vZWxvbi1tdXNrLWVuY3J5cHRlZC1tZXNzZW5nZXItYXBwLXdhcnMtdGVsZWdyYW0tc2lnbmFsLTIwMjQtNdIBYWh0dHBzOi8vd3d3LmJ1c2luZXNzaW5zaWRlci5jb20vZWxvbi1tdXNrLWVuY3J5cHRlZC1tZXNzZW5nZXItYXBwLXdhcnMtdGVsZWdyYW0tc2lnbmFsLTIwMjQtNT9hbXA?hl=en-US&gl=US&ceid=US%3Aen",
            "og": "https://encrypted-tbn2.gstatic.com/images?q=tbn:ANd9GcR6z7p-JR--CxYTecrD7_4ked9PKt4tjUEGoVYa6vRfvuRYTnt-0DlF_Qw8lXizUShviFBSnAONQ_5KOrnQJgYFrG2zOX-dLF0ECnnRQAdh6F07vw",
            "source": "Business Insider",
            "source_icon": "https://encrypted-tbn3.gstatic.com/faviconV2?url=https://www.businessinsider.com&client=NEWS_360&size=96&type=FAVICON&fallback_opts=TYPE,SIZE,URL",
            "title": "Elon Musk weighs in on the encryption wars between Telegram and Signal"
        },
        {
            "link": "https://news.google.com/articles/CBMicmh0dHBzOi8vd3d3LnJldXRlcnMuY29tL3dvcmxkL2FzaWEtcGFjaWZpYy9laWdodC1tb3JlLWNoaW5lc2UtY2l0aWVzLWpvaW4taG9uZy1rb25nLXNvbG8tdHJhdmVsLXNjaGVtZS0yMDI0LTA1LTExL9IBAA?hl=en-US&gl=US&ceid=US%3Aen",
            "og": "https://encrypted-tbn3.gstatic.com/images?q=tbn:ANd9GcQmxwKyUO_hNxqSTeg4sL0Hc7xLeS1Jwr1ipeOQAeChF1LbP-WltcjL-EZ3Wr1bNrhiVfOlW4tJxzBkyPkyKo0DjGnru66CWz3w1E3ZeljWY8cygw",
            "source": "Reuters",
            "source_icon": "https://encrypted-tbn2.gstatic.com/faviconV2?url=https://www.reuters.com&client=NEWS_360&size=96&type=FAVICON&fallback_opts=TYPE,SIZE,URL",
            "title": "Eight more Chinese cities join Hong Kong solo travel scheme"
        },
        {
            "link": "https://news.google.com/articles/CBMiUmh0dHBzOi8vd3d3LmNuYmMuY29tLzIwMjQvMDUvMTEvbW90aGVycy1kYXktZm9vZC1mcmVlYmllcy1kaXNjb3VudHMtYW5kLWRlYWxzLmh0bWzSAVZodHRwczovL3d3dy5jbmJjLmNvbS9hbXAvMjAyNC8wNS8xMS9tb3RoZXJzLWRheS1mb29kLWZyZWViaWVzLWRpc2NvdW50cy1hbmQtZGVhbHMuaHRtbA?hl=en-US&gl=US&ceid=US%3Aen",
            "og": "https://encrypted-tbn0.gstatic.com/images?q=tbn:ANd9GcSwrsWCszKRjHDyc3mkntmiWp_RehPpNhMdakxOt1RkA7-O6sQFeIJeGAF06qEY_7wV5GUCZx43sTLFwcev3YfvWfNhgk3xr_oFlsholx--WFo5Sg",
            "source": "CNBC",
            "source_icon": "https://encrypted-tbn0.gstatic.com/faviconV2?url=https://www.cnbc.com&client=NEWS_360&size=96&type=FAVICON&fallback_opts=TYPE,SIZE,URL",
            "title": "From Burger King to Panda Express, 7 places you can get Mother’s Day freebies and discounts this weekend"
        },
        {
            "link": "https://news.google.com/articles/CBMiQGh0dHBzOi8vcGF5bWVudHdlZWsuY29tLzE0MDAtc3RpbXVsdXMtY2hlY2tzLWNvbWluZy1vbi10aGlzLWRheS_SAQA?hl=en-US&gl=US&ceid=US%3Aen",
            "og": "https://encrypted-tbn2.gstatic.com/images?q=tbn:ANd9GcQa7MiB8NjRfGQ5f_kmZ2JX4dB5UluspicKDAqBzEu3gwib25G_-PRvV7nFAUf2mgjv1HmXdIQZabVxRGLLFsetsnpYstY7z2V8wMClnFrnL6npOw",
            "source": "Payment Week",
            "source_icon": "https://encrypted-tbn1.gstatic.com/faviconV2?url=https://paymentweek.com&client=NEWS_360&size=96&type=FAVICON&fallback_opts=TYPE,SIZE,URL",
            "title": "$1400 Stimulus Checks Coming on this Day: Who is Eligible & Know USD 1400 Payment Date"
        },
        {
            "link": "https://news.google.com/articles/CBMicmh0dHBzOi8vd3d3LmJsb29tYmVyZy5jb20vbmV3cy9hcnRpY2xlcy8yMDI0LTA1LTEyL2NoaW5hLXRvLW51cnR1cmUtc3RvY2stcmFsbHktYnktbWFza2luZy1saXZlLWZvcmVpZ24tZmxvd3MtZGF0YdIBAA?hl=en-US&gl=US&ceid=US%3Aen",
            "og": "https://encrypted-tbn0.gstatic.com/images?q=tbn:ANd9GcSJMENBkhkx37WoD1DUp2R-55B_hMz7TwN94l2KpmTnTqCSNcD_xWMjlgkxtq6UeRqboZuzP3LwaPuMEdA1egjeEoVNxXhD6KuGXVFS7-h1crZi_Q",
            "source": "Bloomberg",
            "source_icon": "https://encrypted-tbn1.gstatic.com/faviconV2?url=https://www.bloomberg.com&client=NEWS_360&size=96&type=FAVICON&fallback_opts=TYPE,SIZE,URL",
            "title": "China to Nurture Stock Rally by Masking Live Foreign Flows Data"
        },
        {
            "link": "https://news.google.com/articles/CBMibmh0dHBzOi8vdGVjaGNydW5jaC5jb20vMjAyNC8wNS8xMS90ZXNsYXMtcHJvZml0YWJsZS1zdXBlcmNoYXJnZXItbmV0d29yay1pbi1saW1iby1hZnRlci1tdXNrLWF4ZWQtZW50aXJlLXRlYW0v0gEA?hl=en-US&gl=US&ceid=US%3Aen",
            "og": "https://encrypted-tbn0.gstatic.com/images?q=tbn:ANd9GcSODgWi6NHgYvBGkGyQ3euH8gjFmEPZw-SNe5mr5PODY7Zqf4fftEOizM6lSJ9dD4RVTN1aPxAW31nMbkfNGo4x2PTKhnD26xi2pk8lCmZyFLdUbg",
            "source": "TechCrunch",
            "source_icon": "https://encrypted-tbn1.gstatic.com/faviconV2?url=https://techcrunch.com&client=NEWS_360&size=96&type=FAVICON&fallback_opts=TYPE,SIZE,URL",
            "title": "Tesla’s profitable Supercharger network is in limbo after Musk axed the entire team"
        },
        {
            "link": "https://news.google.com/articles/CBMiaWh0dHBzOi8vc2Vla2luZ2FscGhhLmNvbS9hcnRpY2xlLzQ2OTI0NDMtNS1kaXZpZGVuZC1zdG9ja3MtdG8tYnVpbGQtYS1wb3J0Zm9saW8tZm9yLWNvbnNlcnZhdGl2ZS1yZXRpcmVlc9IBAA?hl=en-US&gl=US&ceid=US%3Aen",
            "og": "https://encrypted-tbn3.gstatic.com/images?q=tbn:ANd9GcRwwockgpPBOiLo03YVy1k7fJojw_mE7COqFbgobfKPFkD_XQzRlO8xw8KPa8QRFJRf5voyqhGtjQ3MM6wZvSkAlprSQ0_bU2dXOHugH7Oj_MP7Gg",
            "source": "Seeking Alpha",
            "source_icon": "https://encrypted-tbn3.gstatic.com/faviconV2?url=https://seekingalpha.com&client=NEWS_360&size=96&type=FAVICON&fallback_opts=TYPE,SIZE,URL",
            "title": "5 Dividend Stocks To Build A Portfolio For Conservative Retirees"
        },
        {
            "link": "https://news.google.com/articles/CBMiUGh0dHBzOi8vY25ldnBvc3QuY29tLzIwMjQvMDUvMTEvYXV0b21ha2VyLXNoYXJlLW9mLWNoaW5hLW5ldi1tYXJrZXQtaW4tYXByLTIwMjQv0gEA?hl=en-US&gl=US&ceid=US%3Aen",
            "og": "https://encrypted-tbn1.gstatic.com/images?q=tbn:ANd9GcRuEY85WDR4TNPWG379u--2FXgDXJI40zikJF1angczSd-VguXb2RVXRHF9kSgxgtBKf1d_1kWA1o36GOtTGTYa0D3Cw6BNDNSzwI0BvhUL-JW1MA",
            "source": "CnEVPost",
            "source_icon": "https://encrypted-tbn2.gstatic.com/faviconV2?url=https://cnevpost.com&client=NEWS_360&size=96&type=FAVICON&fallback_opts=TYPE,SIZE,URL",
            "title": "Automakers' share of China NEV market in Apr: BYD tops with 37.5%, Tesla 5th with 4.6%"
        },
        {
            "link": "https://news.google.com/articles/CBMiV2h0dHBzOi8vd3d3LmF4aW9zLmNvbS8yMDI0LzA1LzEzL2Vhcmx5LXJldGlyZW1lbnQtaG93LXJlYWxpc3RpYy1zdG9jay1tYXJrZXQtaW52ZXN0bWVudNIBAA?hl=en-US&gl=US&ceid=US%3Aen",
            "og": "https://encrypted-tbn2.gstatic.com/images?q=tbn:ANd9GcRg-JFAbtayoo98ZuyenVwv3IKE5RXmhriRptDTm4eMf8UzPolrTB3SiwwIVSqUOJs6QPKRZWmOM3a1mnwQZOzdkOi_-HaibX64zldSEq5ZP3wGEA",
            "source": "Axios",
            "source_icon": "https://encrypted-tbn0.gstatic.com/faviconV2?url=https://www.axios.com&client=NEWS_360&size=96&type=FAVICON&fallback_opts=TYPE,SIZE,URL",
            "title": "How early retirement became realistic after stock market booms"
        },
        {
            "link": "https://news.google.com/articles/CBMiP2h0dHBzOi8vd3d3LmZ0LmNvbS9jb250ZW50L2M3MzhlMjZjLWNlNWItNDA5Yy04NmIyLTM5MzM2Zjg5M2RkY9IBAA?hl=en-US&gl=US&ceid=US%3Aen",
            "og": "https://encrypted-tbn2.gstatic.com/images?q=tbn:ANd9GcSLgKS6sXPzmXvEgJGkrXOHJRQ7y82f5_84zbkJKfSkYbmQ-8NhipzFcHedBBit45_bPvIq4hmD68ZC07ljHRqILow5SsN9zQOJ3HGaSMEs9d0Biw",
            "source": "Financial Times",
            "source_icon": "https://encrypted-tbn2.gstatic.com/faviconV2?url=https://www.ft.com&client=NEWS_360&size=96&type=FAVICON&fallback_opts=TYPE,SIZE,URL",
            "title": "China's EV sector to test offshore markets after Zeekr's strong US IPO"
        },
        {
            "link": "https://news.google.com/articles/CBMiTmh0dHBzOi8vZmluYW5jZS55YWhvby5jb20vbmV3cy9hcHBsZS1qdXN0LWFubm91bmNlZC0xMTAtYmlsbGlvbi0yMzA5MDA5MTIuaHRtbNIBAA?hl=en-US&gl=US&ceid=US%3Aen",
            "og": "https://encrypted-tbn1.gstatic.com/images?q=tbn:ANd9GcSw9A3qBkqMI4gFwvZYcTKQB5WH1Epu_VAggNwWyN_UMSZzIx69wwo_VhpI34qRL9jPJwAvuCLnJMqb5M5_VgeIeRET179noOv4mSaEj-zMGZL5vA",
            "source": "Yahoo Finance",
            "source_icon": "https://encrypted-tbn1.gstatic.com/faviconV2?url=https://finance.yahoo.com&client=NEWS_360&size=96&type=FAVICON&fallback_opts=TYPE,SIZE,URL",
            "title": "Apple Just Announced a $110 Billion Stock Buyback. Here's Why I Still Wouldn't Buy the Stock."
        },
        {
            "link": "https://news.google.com/articles/CBMiNmh0dHBzOi8vcGF5bWVudHdlZWsuY29tLzQ1MDAtc29jaWFsLXNlY3VyaXR5LXBheW1lbnRzL9IBAA?hl=en-US&gl=US&ceid=US%3Aen",
            "og": "https://encrypted-tbn3.gstatic.com/images?q=tbn:ANd9GcSq12KyTa08wH8tW7sevJLNY12vZdJleeqxeMw0aj5qkf1DDc4XbhURIAjbf3JD0mh2hwAfC4I2xlOfrhAIuwN1uOTONdRvo_DvidV8rEURB8qt7Q",
            "source": "Payment Week",
            "source_icon": "https://encrypted-tbn1.gstatic.com/faviconV2?url=https://paymentweek.com&client=NEWS_360&size=96&type=FAVICON&fallback_opts=TYPE,SIZE,URL",
            "title": "$4500 Social Security Payments 2024: Who is Eligible and When Will You Get this Deposit?"
        },
        {
            "link": "https://news.google.com/articles/CBMicmh0dHBzOi8vd3d3LmJsb29tYmVyZy5jb20vbmV3cy9mZWF0dXJlcy8yMDI0LTA1LTEyL2NoaXAtdGVjaG5vbG9neS1zcGVuZGluZy1nZXRzLTgxLWJpbGxpb24tYm9vc3QtaW4tY2hpbmEtcml2YWxyedIBAA?hl=en-US&gl=US&ceid=US%3Aen",
            "og": "https://encrypted-tbn2.gstatic.com/images?q=tbn:ANd9GcRqDLe-SsN4fvMwb224ptfK4HOCSIkMw9GN3v9Me3ceX7ca7v0wYDjl1tH_ZqVKpqbqZRqR_p185zep5FsE-5RylTrrGzv2QmaOXPfFQhycMKZd-w",
            "source": "Bloomberg",
            "source_icon": "https://encrypted-tbn1.gstatic.com/faviconV2?url=https://www.bloomberg.com&client=NEWS_360&size=96&type=FAVICON&fallback_opts=TYPE,SIZE,URL",
            "title": "Chip Technology Spending Gets $81 Billion Boost in China Rivalry"
        },
        {
            "link": "https://news.google.com/articles/CBMiWmh0dHBzOi8vZm9ydHVuZS5jb20vMjAyNC8wNS8xMS9jaGluYS1lY29ub215LW91dGxvb2stZGVhZC1lbmQtZXhwb3J0cy1tYW51ZmFjdHVyaW5nLXRyYWRlL9IBAA?hl=en-US&gl=US&ceid=US%3Aen",
            "og": "https://encrypted-tbn2.gstatic.com/images?q=tbn:ANd9GcRe7GBhkZ28qGLI2_PxcfZzr32AvOXDX5NgmsiwLRhg29ps2grdHpIZQah0L-POhZwyhLKnurOG2m-ttHmfO30ybHsbrP1KaMXcoa0kEXWQxqQxKg",
            "source": "Fortune",
            "source_icon": "https://encrypted-tbn3.gstatic.com/faviconV2?url=https://fortune.com&client=NEWS_360&size=96&type=FAVICON&fallback_opts=TYPE,SIZE,URL",
            "title": "China's economy is headed for a 'dead-end,' and Beijing won't do anything to stop that, scholar says"
        },
        {
            "link": "https://news.google.com/articles/CBMicWh0dHBzOi8vd3d3LmJ1c2luZXNzaW5zaWRlci5jb20vd2FycmVuLWJ1ZmZldHQtYmVya3NoaXJlLWFwcGxlLXN0b2NrLXNhbGVzLWRpZXRyaWNoLW1hcmtldC1jcmFzaC1yZWNlc3Npb24tMjAyNC010gF1aHR0cHM6Ly93d3cuYnVzaW5lc3NpbnNpZGVyLmNvbS93YXJyZW4tYnVmZmV0dC1iZXJrc2hpcmUtYXBwbGUtc3RvY2stc2FsZXMtZGlldHJpY2gtbWFya2V0LWNyYXNoLXJlY2Vzc2lvbi0yMDI0LTU_YW1w?hl=en-US&gl=US&ceid=US%3Aen",
            "og": "https://encrypted-tbn3.gstatic.com/images?q=tbn:ANd9GcSXi2jggf1vF_UBhaLQrpH9igzWr0J_xFItLDhmFeWlr6ru1rQhcXRvdXnQIB7YhHVA5lNSYDGdItwVHW928lkct3r6bomIaUq0MgvmhOGXtbxj-Q",
            "source": "Business Insider",
            "source_icon": "https://encrypted-tbn3.gstatic.com/faviconV2?url=https://www.businessinsider.com&client=NEWS_360&size=96&type=FAVICON&fallback_opts=TYPE,SIZE,URL",
            "title": "Buffett sold stocks at high, will pounce in crash, recession: Dietrich"
        },
        {
            "link": "https://news.google.com/articles/CBMiNGh0dHBzOi8vd3d3LnRlc2xhcmF0aS5jb20vdGVzbGEtbGltaXRlZC1hcHItbW9kZWwteS_SAThodHRwczovL3d3dy50ZXNsYXJhdGkuY29tL3Rlc2xhLWxpbWl0ZWQtYXByLW1vZGVsLXkvYW1wLw?hl=en-US&gl=US&ceid=US%3Aen",
            "og": "https://encrypted-tbn3.gstatic.com/images?q=tbn:ANd9GcQtq8WxoVML8q4TKo8gDb9kub0Xia8dWEHwAYi3pIPhTytSA43XEYKFKuZ39VofjyxCzqmf0l4vJe7fAchz90rIEza907nsMod7v8AkXNjzSw50aw",
            "source": "TESLARATI",
            "source_icon": "https://encrypted-tbn2.gstatic.com/faviconV2?url=https://www.teslarati.com&client=NEWS_360&size=96&type=FAVICON&fallback_opts=TYPE,SIZE,URL",
            "title": "Tesla launches limited-time 0.99% APR loan rate on U.S. Model Y orders"
        },
        {
            "link": "https://news.google.com/articles/CBMicWh0dHBzOi8vZmluYW5jZS55YWhvby5jb20vbmV3cy91dGlsaXR5LXN0b2Nrcy1hcmUtb24tZmlyZS0taGVyZS1hcmUtd2FsbC1zdHJlZXQtYW5hbHlzdHMtdG9wLXBpY2tzLTE1MzgwODAyMC5odG1s0gEA?hl=en-US&gl=US&ceid=US%3Aen",
            "og": "https://encrypted-tbn0.gstatic.com/images?q=tbn:ANd9GcT8dg6dWuM38AKi_iIeOjLlBo4I6LQJpn2po3lKkFBEUwMU9iworKdGaWwRk2BTfqqCNHWEFJkbV9lUNrFfYsCOLc0_W8bkMI2r5U7ACB1wb_QMfg",
            "source": "Yahoo Finance",
            "source_icon": "https://encrypted-tbn1.gstatic.com/faviconV2?url=https://finance.yahoo.com&client=NEWS_360&size=96&type=FAVICON&fallback_opts=TYPE,SIZE,URL",
            "title": "Utility stocks are on fire — here are Wall Street analysts' top picks"
        },
        {
            "link": "https://news.google.com/articles/CBMiX2h0dHBzOi8vd3d3LmRhaWx5bWFpbC5jby51ay9uZXdzL2FydGljbGUtMTMzOTY1MjkvYW1lcmljYS1yZXN0YXVyYW50LWNsb3N1cmVzLW1pZHdlc3QtaW93YS5odG1s0gFjaHR0cHM6Ly93d3cuZGFpbHltYWlsLmNvLnVrL25ld3MvYXJ0aWNsZS0xMzM5NjUyOS9hbXAvYW1lcmljYS1yZXN0YXVyYW50LWNsb3N1cmVzLW1pZHdlc3QtaW93YS5odG1s?hl=en-US&gl=US&ceid=US%3Aen",
            "og": "https://encrypted-tbn0.gstatic.com/images?q=tbn:ANd9GcT2Jeu5_YRtS5Dhj_1D0umo3chZk0OZGZ0thj_HCJUKhAAhr9qvBaJqk4rd8bSBtOy55w2zs3w0cAWH5mCpIb9-ypQCUqdycImha1IGnCw23hPAIA",
            "source": "Daily Mail",
            "source_icon": "https://encrypted-tbn1.gstatic.com/faviconV2?url=https://www.dailymail.co.uk&client=NEWS_360&size=96&type=FAVICON&fallback_opts=TYPE,SIZE,URL",
            "title": "A 'perfect storm' is wiping out America's restaurants - here's why the Midwest is hardest hit by closures"
        },
        {
            "link": "https://news.google.com/articles/CBMiRWh0dHBzOi8vaW50ZXJlc3RpbmdlbmdpbmVlcmluZy5jb20vY3VsdHVyZS9haS1kZWNlaXZlLWh1bWFucy1yZXNlYXJjaNIBAA?hl=en-US&gl=US&ceid=US%3Aen",
            "og": "https://encrypted-tbn3.gstatic.com/images?q=tbn:ANd9GcTSCry3wAkIPFnUhyXMOczX3ZoCwYi_unuQPlDW8RvgXj2jAHAYWqTz6QhHgWix04jHgjg0zMC6__OFGTzWiDKY9jVXGdXABKUHolMRd3E7el5Lgw",
            "source": "Interesting Engineering",
            "source_icon": "https://encrypted-tbn3.gstatic.com/faviconV2?url=https://interestingengineering.com&client=NEWS_360&size=96&type=FAVICON&fallback_opts=TYPE,SIZE,URL",
            "title": "AI systems develop ability to deceive humans, finds research"
        },
        {
            "link": "https://news.google.com/articles/CBMiP2h0dHBzOi8vd3d3LmZ0LmNvbS9jb250ZW50L2Y2OWI0ZjMwLWViYjMtNDMwOC1hYTQ5LWIwN2ZiOGRjMWRjZNIBAA?hl=en-US&gl=US&ceid=US%3Aen",
            "og": "https://encrypted-tbn3.gstatic.com/images?q=tbn:ANd9GcSstsw58p1Ga9VAm1szH0VRu4Uc8dFRp7A-35fY7KxrK5oft_6Ol-oufeiL3U8wOlD8_ZDw2CPm5mZEaALeW5XiseQvjqsL2VqupqR0WqQwgauGoA",
            "source": "Financial Times",
            "source_icon": "https://encrypted-tbn2.gstatic.com/faviconV2?url=https://www.ft.com&client=NEWS_360&size=96&type=FAVICON&fallback_opts=TYPE,SIZE,URL",
            "title": "US shale companies accused of collusion over oil price"
        },
        {
            "link": "https://news.google.com/articles/CBMiW2h0dHBzOi8vd3d3LnRlc2xhcmF0aS5jb20vbmV3LXRlc2xhLW1vZGVsLTMtcGVyZm9ybWFuY2UtZGV0YWlscy1naWdhLXNoYW5naGFpLW1paXQtY2F0YWxvZy_SAV9odHRwczovL3d3dy50ZXNsYXJhdGkuY29tL25ldy10ZXNsYS1tb2RlbC0zLXBlcmZvcm1hbmNlLWRldGFpbHMtZ2lnYS1zaGFuZ2hhaS1taWl0LWNhdGFsb2cvYW1wLw?hl=en-US&gl=US&ceid=US%3Aen",
            "og": "https://encrypted-tbn1.gstatic.com/images?q=tbn:ANd9GcTi6LIG_HnrBXUksoZOUXEBBGYwOjw-oTgk9l2GlzA_wv_xKj_z_2nyQLLwl3Ys-5aD91nB6KjJJHOKutIUAnZGUyUL4g7I-CH_Li8pmbb_uuv9kQ",
            "source": "TESLARATI",
            "source_icon": "https://encrypted-tbn2.gstatic.com/faviconV2?url=https://www.teslarati.com&client=NEWS_360&size=96&type=FAVICON&fallback_opts=TYPE,SIZE,URL",
            "title": "New Tesla Model 3 Performance details from Giga Shanghai revealed in MIIT catalog"
        },
        {
            "link": "https://news.google.com/articles/CBMiigFodHRwczovL3d3dy5rZ3cuY29tL2FydGljbGUvbmV3cy9sb2NhbC9wb3J0bGFuLWZpcnN0LXNvbWFsaS1vd25lZC1sYXRlLW5pZ2h0LWNvZmZlZS1zaG9wLW9sZC10b3duLzI4My05M2QxZTRjMS1iN2Y4LTRlZDMtOGYzOS1kN2QyOGM5MDMxZGXSAQA?hl=en-US&gl=US&ceid=US%3Aen",
            "og": "https://encrypted-tbn1.gstatic.com/images?q=tbn:ANd9GcQZQsc-3sGUS7ABSq6FClncj587hRg0mz_aibMq1dOOiFclXXNi2B-cEO_XK-WAqGPpVU6NENkv8LVPF99fJjBG7IYiirNywOuF2mxvn5TjqGGuxA",
            "source": "KGW.com",
            "source_icon": "https://encrypted-tbn0.gstatic.com/faviconV2?url=https://www.kgw.com&client=NEWS_360&size=96&type=FAVICON&fallback_opts=TYPE,SIZE,URL",
            "title": "'Our space is open to all': Portland's first Somali-owned late night coffee shop in Old Town"
        },
        {
            "link": "https://news.google.com/articles/CBMigwFodHRwczovL3RoZWhpbGwuY29tL2J1c2luZXNzL3BlcnNvbmFsLWZpbmFuY2UvNDY1OTUzMy1nZW4tei1pcy1zdHJ1Z2dsaW5nLWZpbmFuY2lhbGx5LW1vcmUtdGhhbi1taWxsZW5uaWFscy1kaWQtYXQtdGhlaXItYWdlLXN0dWR5L9IBhwFodHRwczovL3RoZWhpbGwuY29tL2J1c2luZXNzL3BlcnNvbmFsLWZpbmFuY2UvNDY1OTUzMy1nZW4tei1pcy1zdHJ1Z2dsaW5nLWZpbmFuY2lhbGx5LW1vcmUtdGhhbi1taWxsZW5uaWFscy1kaWQtYXQtdGhlaXItYWdlLXN0dWR5L2FtcC8?hl=en-US&gl=US&ceid=US%3Aen",
            "og": "https://encrypted-tbn2.gstatic.com/images?q=tbn:ANd9GcQDRtwzs_4X1qQnefXZ3ktjY7NmNQQuXxNuNdCPqYGp8XiqkvmTa1g5fTS9J7FvzNaAV6I5x9MXAtcD_Hp5SV8ZEM-fV0i8vCwwY30nLRcslw55RQ",
            "source": "The Hill",
            "source_icon": "https://encrypted-tbn2.gstatic.com/faviconV2?url=https://thehill.com&client=NEWS_360&size=96&type=FAVICON&fallback_opts=TYPE,SIZE,URL",
            "title": "Gen Z is struggling financially more than Millennials did at their age: Study"
        },
        {
[...]
            "title": "Ukrainian airstrike kills at least 9 in one of Kyiv's own apartment blocks in Russian-controlled city, Kremlin claims"
        },
        {
            "link": "https://news.google.com/articles/CBMidGh0dHBzOi8vd3d3LnJldXRlcnMuY29tL3dvcmxkL2FzaWEtcGFjaWZpYy9hdXN0cmFsaWFuLWNvdXJ0LWxpZnRzLW9yZGVyLWJsb2NraW5nLXgtY2h1cmNoLXN0YWJiaW5nLXZpZGVvLTIwMjQtMDUtMTMv0gEA?hl=en-US&gl=US&ceid=US%3Aen",
            "og": "https://encrypted-tbn3.gstatic.com/images?q=tbn:ANd9GcR_CzzHAM-IHSlajM0Mn2R6leSq5RRX_RgMq4B2EK1wZxcVka_5qzOiKn8Qo90nu7jaHUHvYKhqWcDUi6AHxogD-ep92Ic4h4vR8hlC8rsav-v4VQ",
            "source": "Reuters",
            "source_icon": "https://encrypted-tbn2.gstatic.com/faviconV2?url=https://www.reuters.com&client=NEWS_360&size=96&type=FAVICON&fallback_opts=TYPE,SIZE,URL",
            "title": "Australian court lifts order blocking X on church stabbing video"
        },
        {
            "link": "https://news.google.com/articles/CBMiaGh0dHBzOi8vd3d3LmNubi5jb20vMjAyNC8wNS8xMi90cmF2ZWwvdWstbW91bnRhaW5lZXItbmVwYWxpLWxvZ3MtbW9zdC1ldmVyZXN0LWNsaW1icy1pbnRsLWhuay9pbmRleC5odG1s0gFhaHR0cHM6Ly9hbXAuY25uLmNvbS9jbm4vMjAyNC8wNS8xMi90cmF2ZWwvdWstbW91bnRhaW5lZXItbmVwYWxpLWxvZ3MtbW9zdC1ldmVyZXN0LWNsaW1icy1pbnRsLWhuaw?hl=en-US&gl=US&ceid=US%3Aen",
            "og": "https://encrypted-tbn2.gstatic.com/images?q=tbn:ANd9GcRYc8iHUkllevhFCqLxtWOc0rOfV_jA0I2IeqbGUPMfqCppSBAFYu-H6YDBQ9jAvvMoYczA_CO_mI5Th0vuv-XOk8ELQem8147kYaDyfU_LOd5S6w",
            "source": "CNN",
            "source_icon": "https://encrypted-tbn2.gstatic.com/faviconV2?url=https://www.cnn.com&client=NEWS_360&size=96&type=FAVICON&fallback_opts=TYPE,SIZE,URL",
            "title": "Nepali and British climbers break their own records once more with successful Everest ascents"
        },
        {
            "link": "https://news.google.com/articles/CBMicGh0dHBzOi8vd3d3Lm5iY25ld3MuY29tL25ld3Mvd29ybGQvd2VzdGVybi1jYW5hZGEtYmxhemVzLWNhdXNlLWV2YWN1YXRpb24tb3JkZXJzLWFpci1xdWFsaXR5LWNvbmNlcm5zLXJjbmExNTE4ODPSAStodHRwczovL3d3dy5uYmNuZXdzLmNvbS9uZXdzL2FtcC9yY25hMTUxODgz?hl=en-US&gl=US&ceid=US%3Aen",
            "og": "https://encrypted-tbn2.gstatic.com/images?q=tbn:ANd9GcSCJJlwtVBryJBqsbjGgyqVZ2uxYvPsuA6ura-gxHSx5x7qtV7P2cUJ-mIqHIlAfze-r6GQ32S-rnBoWCr0VqSnxJQ25leSRzyRYvftAmkUuioF0Q",
            "source": "NBC News",
            "source_icon": "https://encrypted-tbn1.gstatic.com/faviconV2?url=https://www.nbcnews.com&client=NEWS_360&size=96&type=FAVICON&fallback_opts=TYPE,SIZE,URL",
            "title": "Western Canada blazes cause evacuation orders, air quality concerns"
        },
        {
            "link": "https://news.google.com/articles/CBMicmh0dHBzOi8vd3d3LmFsamF6ZWVyYS5jb20vbmV3cy8yMDI0LzUvMTIvZWd5cHQtc2F5cy1pdC13aWxsLWpvaW4tc291dGgtYWZyaWNhcy1nZW5vY2lkZS1jYXNlLWFnYWluc3QtaXNyYWVsLWF0LWljatIBdmh0dHBzOi8vd3d3LmFsamF6ZWVyYS5jb20vYW1wL25ld3MvMjAyNC81LzEyL2VneXB0LXNheXMtaXQtd2lsbC1qb2luLXNvdXRoLWFmcmljYXMtZ2Vub2NpZGUtY2FzZS1hZ2FpbnN0LWlzcmFlbC1hdC1pY2o?hl=en-US&gl=US&ceid=US%3Aen",
            "og": "https://encrypted-tbn2.gstatic.com/images?q=tbn:ANd9GcRyh4xmEUikVgEYsK8kPmYuMd4zjJkCSG1zIttHWv1k_JRiG_3_Tu5h7Kk-s5rKHcRWfFfGJjdIgpiM67aZJbtnwajc_XXHPd74GX9S2OTJ3p9yKQ",
            "source": "Al Jazeera English",
            "source_icon": "https://encrypted-tbn0.gstatic.com/faviconV2?url=https://www.aljazeera.com&client=NEWS_360&size=96&type=FAVICON&fallback_opts=TYPE,SIZE,URL",
            "title": "Egypt says it will join South Africa’s genocide case against Israel at ICJ"
        },
        {
            "link": "https://news.google.com/articles/CBMigAFodHRwczovL3RoZWhpbGwuY29tL3BvbGljeS9kZWZlbnNlLzQ2NTk0ODAtbXktbGlmZS1pcy1pbi1kYW5nZXItc2F5cy1tYXJpbmUtdmV0LXdoby10cmllZC10by1oZWxwLW5vcnRoLWtvcmVhbi1kaXBsb21hdHMtZGVmZWN0L9IBhAFodHRwczovL3RoZWhpbGwuY29tL3BvbGljeS9kZWZlbnNlLzQ2NTk0ODAtbXktbGlmZS1pcy1pbi1kYW5nZXItc2F5cy1tYXJpbmUtdmV0LXdoby10cmllZC10by1oZWxwLW5vcnRoLWtvcmVhbi1kaXBsb21hdHMtZGVmZWN0L2FtcC8?hl=en-US&gl=US&ceid=US%3Aen",
            "og": "https://encrypted-tbn3.gstatic.com/images?q=tbn:ANd9GcRDbUa1ta-tkMHxaAruqql9ibmMWTaye7w4vPbbRsOBri9wvgelgqZ0Rd5l_YtgKXmQVhIV1QatSnAG03Bwg-oA2GKrHfHCFvcwS0U5UplTCFWuSA",
            "source": "The Hill",
            "source_icon": "https://encrypted-tbn2.gstatic.com/faviconV2?url=https://thehill.com&client=NEWS_360&size=96&type=FAVICON&fallback_opts=TYPE,SIZE,URL",
            "title": "‘My life is in danger,’ says marine vet who tried to help North Korean diplomats defect"
        },
        {
            "link": "https://news.google.com/articles/CBMibWh0dHBzOi8vd3d3LmJhcnJvbnMuY29tL25ld3MvZG9ncy1ob3JzZXMtcmFiYml0cy1tb3JlLXRoYW4tMTAtMDAwLWFuaW1hbHMtcmVzY3VlZC1mcm9tLWJyYXppbC1mbG9vZHMtZmJiYTI1ZDXSAXFodHRwczovL3d3dy5iYXJyb25zLmNvbS9hbXAvbmV3cy9kb2dzLWhvcnNlcy1yYWJiaXRzLW1vcmUtdGhhbi0xMC0wMDAtYW5pbWFscy1yZXNjdWVkLWZyb20tYnJhemlsLWZsb29kcy1mYmJhMjVkNQ?hl=en-US&gl=US&ceid=US%3Aen",
            "og": "https://encrypted-tbn1.gstatic.com/images?q=tbn:ANd9GcQHOrCIPL15KZFx941d5wBzTWLvgfp81PfloiAaJDqMqJrxKa693eN9WsRl6hfcG7NrjN1TU0OI8fw44Bw_mA",
            "source": "Barron's",
            "source_icon": "https://encrypted-tbn1.gstatic.com/faviconV2?url=https://www.barrons.com&client=NEWS_360&size=96&type=FAVICON&fallback_opts=TYPE,SIZE,URL",
            "title": "Dogs, Horses, Rabbits: More Than 10,000 Animals Rescued From Brazil Floods"
        },
        {
            "link": "https://news.google.com/articles/CBMieGh0dHBzOi8vd3d3LnJldXRlcnMuY29tL3dvcmxkL2FzaWEtcGFjaWZpYy90YWxpYmFuLW1pbmlzdHJ5LWRlYXRoLXRvbGwtZmxvb2RzLW5vcnRoZXJuLWFmZ2hhbmlzdGFuLXJpc2VzLTMxNS0yMDI0LTA1LTEyL9IBAA?hl=en-US&gl=US&ceid=US%3Aen",
            "og": "https://encrypted-tbn0.gstatic.com/images?q=tbn:ANd9GcTQLWGinNoBmfIzZt5deJJefF1OICz5gIquMNtpgYeQKRSwZJxPFAK1fo9NhiAeLcHBRKr-qXGeSMFxjLD9B_1ugmwwN6zsBdaUrSjcyItZ3SZY_g",
            "source": "Reuters",
            "source_icon": "https://encrypted-tbn2.gstatic.com/faviconV2?url=https://www.reuters.com&client=NEWS_360&size=96&type=FAVICON&fallback_opts=TYPE,SIZE,URL",
            "title": "Afghanistan floods devastate villages, killing 315"
        },
        {
            "link": "https://news.google.com/articles/CBMicWh0dHBzOi8vd3d3LmFsamF6ZWVyYS5jb20vbmV3cy8yMDI0LzUvMTIvbGl0aHVhbmlhLXZvdGVzLXRvLWVsZWN0LXByZXNpZGVudC1hbWlkLWNvbmNlcm5zLW92ZXItcnVzc2lhLXVrcmFpbmUtd2Fy0gF1aHR0cHM6Ly93d3cuYWxqYXplZXJhLmNvbS9hbXAvbmV3cy8yMDI0LzUvMTIvbGl0aHVhbmlhLXZvdGVzLXRvLWVsZWN0LXByZXNpZGVudC1hbWlkLWNvbmNlcm5zLW92ZXItcnVzc2lhLXVrcmFpbmUtd2Fy?hl=en-US&gl=US&ceid=US%3Aen",
            "og": "https://encrypted-tbn2.gstatic.com/images?q=tbn:ANd9GcTbULYMhBy2CIUaSIXk9yflE3eVbx_tC0ZnMYF1RkLFp-OpasXtC42CWAOfEG4FSwQB3kxpCQVTQQ-niugXHf-cqbNfITzzCpRj9VMuytknIjC83A",
            "source": "Al Jazeera English",
            "source_icon": "https://encrypted-tbn0.gstatic.com/faviconV2?url=https://www.aljazeera.com&client=NEWS_360&size=96&type=FAVICON&fallback_opts=TYPE,SIZE,URL",
            "title": "Lithuania holds presidential election amid concerns over Russia-Ukraine war"
        },
        {
            "link": "https://news.google.com/articles/CBMiW2h0dHBzOi8vd3d3LmNubi5jb20vMjAyNC8wNS8xMy90cmF2ZWwvYXVzdHJhbGlhLXBsYW5lLXdoZWVscy11cC1sYW5kaW5nLWludGwtaG5rL2luZGV4Lmh0bWzSAVRodHRwczovL2FtcC5jbm4uY29tL2Nubi8yMDI0LzA1LzEzL3RyYXZlbC9hdXN0cmFsaWEtcGxhbmUtd2hlZWxzLXVwLWxhbmRpbmctaW50bC1obms?hl=en-US&gl=US&ceid=US%3Aen",
            "og": "https://encrypted-tbn0.gstatic.com/images?q=tbn:ANd9GcTFJowbuO34cGjHztMN_gJ9tiCnBY4ifrRhUmuJGsmMddTYitQ0nrmAF4HuxvizxKeGwHfOcC1tSGVaz3tLAt6K0YW3Zw92HdIdSetHc5xOAb8o_g",
            "source": "CNN",
            "source_icon": "https://encrypted-tbn2.gstatic.com/faviconV2?url=https://www.cnn.com&client=NEWS_360&size=96&type=FAVICON&fallback_opts=TYPE,SIZE,URL",
            "title": "Plane makes successful wheels-up emergency landing in Australia after circling airport for hours"
        },
        {
            "link": "https://news.google.com/articles/CBMic2h0dHBzOi8vd3d3Lm5iY25ld3MuY29tL21lZXQtdGhlLXByZXNzL3ZpZGVvL21heS0xMi1zZWMtYmxpbmtlbi1zZW5zLWJlcm5pZS1zYW5kZXJzLWFuZC1saW5kc2V5LWdyYWhhbS0yMTA3NTkyMzc1ODnSATdodHRwczovL3d3dy5uYmNuZXdzLmNvbS9uZXdzL2FtcC12aWRlby9tbXZvMjEwNzU5MjM3NTg5?hl=en-US&gl=US&ceid=US%3Aen",
            "og": "https://encrypted-tbn2.gstatic.com/images?q=tbn:ANd9GcSwJ_oz1qLBrxgToDT90GHizjYGfeatsB_O-J5mEpDyyzuspxZmHoqp2FFNgt8chZF9vfY5YXplFOpApjdA5W6aX7TLO0mjnYPYUn9r-9pP18uVRg",
            "source": "NBC News",
            "source_icon": "https://encrypted-tbn1.gstatic.com/faviconV2?url=https://www.nbcnews.com&client=NEWS_360&size=96&type=FAVICON&fallback_opts=TYPE,SIZE,URL",
            "title": "May 12 — Sec. Blinken, Sens. Bernie Sanders and Lindsey Graham"
        },
        {
            "link": "https://news.google.com/articles/CBMiVGh0dHBzOi8vd3d3LnBvbGl0aWNvLmNvbS9uZXdzLzIwMjQvMDUvMTIvY2hyaXMtY29vbnMtbmV0YW55YWh1LWlzcmFlbC1iaWRlbi0wMDE1NzQ5MNIBAA?hl=en-US&gl=US&ceid=US%3Aen",
            "og": "https://encrypted-tbn3.gstatic.com/images?q=tbn:ANd9GcRK2Vgwv799OLnl9UUH9Qwd7oaXiu-pPIYlRyRKQf8eK4varHbCAyqNi8GQ22GNM48",
            "source": "POLITICO",
            "source_icon": "https://encrypted-tbn1.gstatic.com/faviconV2?url=https://www.politico.com&client=NEWS_360&size=96&type=FAVICON&fallback_opts=TYPE,SIZE,URL",
            "title": "Netanyahu needs to consider his legacy, Chris Coons says"
        },
        {
            "link": "https://news.google.com/articles/CBMiSGh0dHBzOi8vd3d3Lndhc2hpbmd0b25wb3N0LmNvbS93b3JsZC8yMDI0LzA1LzEyL3N1ZGFuLXdhci1yc2YtZWwtZmFzaGlyL9IBAA?hl=en-US&gl=US&ceid=US%3Aen",
            "og": "https://encrypted-tbn1.gstatic.com/images?q=tbn:ANd9GcQzQ-Zcg53EkefesDv9Sr9idlfKWDFjVwQ9TWx400lrBQPG7TlgXRahPveSGPrja82ix9nU6QYF_pXrYYZ9TFoPrjr-cRrRqrg9dKfR2Nc1GNYFTA",
            "source": "The Washington Post",
            "source_icon": "https://encrypted-tbn3.gstatic.com/faviconV2?url=https://www.washingtonpost.com&client=NEWS_360&size=96&type=FAVICON&fallback_opts=TYPE,SIZE,URL",
            "title": "Hospitals overflowing in Sudan’s El Fashir as final battle looms"
        },
        {
            "link": "https://news.google.com/articles/CBMiW2h0dHBzOi8vd3d3LmZveG5ld3MuY29tL21lZGlhL2JpZGVuLXBvbGljeS1lbnN1cmluZy1oYW1hcy1zdGF5cy1zdHJvbmctbWFyaW5lLWNvcnBzLXZldGVyYW7SAV9odHRwczovL3d3dy5mb3huZXdzLmNvbS9tZWRpYS9iaWRlbi1wb2xpY3ktZW5zdXJpbmctaGFtYXMtc3RheXMtc3Ryb25nLW1hcmluZS1jb3Jwcy12ZXRlcmFuLmFtcA?hl=en-US&gl=US&ceid=US%3Aen",
            "og": "https://encrypted-tbn1.gstatic.com/images?q=tbn:ANd9GcSK5QWigWBxlwqlrpK1bup3kCqbLzLtpSBYm5D04Yt42srwIkLUDAYPR7uvLfw19ISIdq7LQ_rP9iLd3oHwAp7DpNR12U7JLcPWtRAdXWeP8FzpCg",
            "source": "Fox News",
            "source_icon": "https://encrypted-tbn3.gstatic.com/faviconV2?url=https://www.foxnews.com&client=NEWS_360&size=96&type=FAVICON&fallback_opts=TYPE,SIZE,URL",
            "title": "Biden policy is ensuring that Hamas 'stays strong': Marine Corps veteran"
        },
        {
            "link": "https://news.google.com/articles/CBMiaWh0dHBzOi8vYXBuZXdzLmNvbS9hcnRpY2xlL2lzcmFlbC1wYWxlc3RpbmlhbnMtaGFtYXMtd2FyLW5ld3MtMDUtMTItMjAyNC1jNjFmYmUwNmJjNWMxYTdjODVhYzE4YTU0MmU4Nzc2ZdIBAA?hl=en-US&gl=US&ceid=US%3Aen",
            "og": "https://encrypted-tbn2.gstatic.com/images?q=tbn:ANd9GcQLSC0t6UmV9T3Xei_cPzsMI_waInzCc6k8e9_QFzDj-23cNjfkBqb9VA4o3ieR6EgwoKWwdaqeKLS1GPwQ9p6Z74BrnnibKzIvKA6dBwzRpponaA",
            "source": "The Associated Press",
            "source_icon": "https://encrypted-tbn2.gstatic.com/faviconV2?url=https://apnews.com&client=NEWS_360&size=96&type=FAVICON&fallback_opts=TYPE,SIZE,URL",
            "title": "Israel-Hamas war: Israel pushes deeper into Rafah"
        },
        {
            "link": "https://news.google.com/articles/CBMibGh0dHBzOi8vd3d3LnBvbGl0aWNvLmV1L2FydGljbGUvbm9ydGgtbWFjZWRvbmlhLXByZXNpZGVudC1lbGVjdC1zcGFya3Mtcm93LXdpdGgtZ3JlZWNlLXN3ZWFyaW5nLWluLWNlcmVtb255L9IBAA?hl=en-US&gl=US&ceid=US%3Aen",
            "og": "https://encrypted-tbn2.gstatic.com/images?q=tbn:ANd9GcTOqaJnFVUbvurY4ntaHw46dY7mfm0VXSv429EEiBanc3Lcv3r-Mrm9uIrRY5h6zO8tNVleUPKFIesPvePIcyw-uJWXDqvirMWfD1Zsijo_F9P6SA",
            "source": "POLITICO Europe",
            "source_icon": "https://encrypted-tbn2.gstatic.com/faviconV2?url=https://www.politico.eu&client=NEWS_360&size=96&type=FAVICON&fallback_opts=TYPE,SIZE,URL",
            "title": "North Macedonia president-elect sparks row with Greece at swearing-in"
        },
        {
            "link": "https://news.google.com/articles/CBMijAFodHRwczovL255cG9zdC5jb20vMjAyNC8wNS8xMy93b3JsZC1uZXdzL3VzLXNvbGRpZXItZ29yZG9uLWJsYWNrLWdvdC1pbi1ibG9vZHktZmlnaHQtd2l0aC1ydXNzaWFuLWdpcmxmcmllbmQtbW9udGhzLWJlZm9yZS1hcnJlc3QtaW4tcnVzc2lhL9IBkAFodHRwczovL255cG9zdC5jb20vMjAyNC8wNS8xMy93b3JsZC1uZXdzL3VzLXNvbGRpZXItZ29yZG9uLWJsYWNrLWdvdC1pbi1ibG9vZHktZmlnaHQtd2l0aC1ydXNzaWFuLWdpcmxmcmllbmQtbW9udGhzLWJlZm9yZS1hcnJlc3QtaW4tcnVzc2lhL2FtcC8?hl=en-US&gl=US&ceid=US%3Aen",
            "og": "https://encrypted-tbn2.gstatic.com/images?q=tbn:ANd9GcRDG6uw9K_RuQKVkp0UDaTgjiQ6J-RA4u_DJuNVIQd784LwpnBSF42zM6Sfx_WfhCSfi2NGTjoB5hoV60nPNQGJ_45Bn3E40Hm1Mm3ID8fryMUgjQ",
            "source": "New York Post",
            "source_icon": "https://encrypted-tbn3.gstatic.com/faviconV2?url=https://nypost.com&client=NEWS_360&size=96&type=FAVICON&fallback_opts=TYPE,SIZE,URL",
            "title": "US soldier detained in Russia was stabbed by girlfriend during on-camera fight in front of his wife, daughter: 'had blood on his face'"
        },
        {
            "link": "https://news.google.com/articles/CBMiTGh0dHBzOi8vd3d3LnBvbGl0aWNvLmNvbS9uZXdzLzIwMjQvMDUvMTIvY2FuYWRhLWluZGlhLXNpa2gta2lsbGluZ3MtMDAxNTc0OTPSAQA?hl=en-US&gl=US&ceid=US%3Aen",
            "og": "https://encrypted-tbn1.gstatic.com/images?q=tbn:ANd9GcTKiZUFg6t-27eRQIuWNU_wwz_yDRBCxCiGsqUDDJEr-egB80itge4rDUzBXXqKXL8",
            "source": "POLITICO",
            "source_icon": "https://encrypted-tbn1.gstatic.com/faviconV2?url=https://www.politico.com&client=NEWS_360&size=96&type=FAVICON&fallback_opts=TYPE,SIZE,URL",
            "title": "Canadian police announce arrest of 4th Indian suspect in killing of Sikh activist"
        },
        {
            "link": "https://news.google.com/articles/CBMibWh0dHBzOi8vd3d3LnRpbWVzb2Zpc3JhZWwuY29tL2JpZGVuLXNheXMtdGhlcmUtd291bGQtYmUtYS1jZWFzZWZpcmUtaW4tZ2F6YS10b21vcnJvdy1pZi1oYW1hcy1mcmVlcy1ob3N0YWdlcy_SAXFodHRwczovL3d3dy50aW1lc29maXNyYWVsLmNvbS9iaWRlbi1zYXlzLXRoZXJlLXdvdWxkLWJlLWEtY2Vhc2VmaXJlLWluLWdhemEtdG9tb3Jyb3ctaWYtaGFtYXMtZnJlZXMtaG9zdGFnZXMvYW1wLw?hl=en-US&gl=US&ceid=US%3Aen",
            "og": "https://encrypted-tbn3.gstatic.com/images?q=tbn:ANd9GcTkzhe0I4Lko7bWPJrUC3hde35MUwNxIgsnSxBmsagYmuIb1YN5DpGWbSzKgDOlhUZucj5wezbRavLW_kUx8K9VSgcQ2eRLV3Y13pn3lL_YbiK-SA",
            "source": "The Times of Israel",
            "source_icon": "https://encrypted-tbn3.gstatic.com/faviconV2?url=https://www.timesofisrael.com&client=NEWS_360&size=96&type=FAVICON&fallback_opts=TYPE,SIZE,URL",
            "title": "Biden says there would be a ceasefire in Gaza ‘tomorrow’ if Hamas frees hostages"
        },
        {
            "link": "https://news.google.com/articles/CBMigwFodHRwczovL3d3dy5wb2xpdGljby5jb20vbmV3cy8yMDI0LzA1LzEyL3Bvb3Ita2VueWFucy1mZWVsLWRldmFzdGF0ZWQtYnktZmxvb2RzLWFuZC1icnV0YWxpemVkLWJ5LXRoZS1nb3Zlcm5tZW50cy1yZXNwb25zZS0wMDE1NzQ4NdIBAA?hl=en-US&gl=US&ceid=US%3Aen",
            "og": "https://encrypted-tbn1.gstatic.com/images?q=tbn:ANd9GcQ9g_joSXWH6SaAR9msps1CNtI1e7mjCx4qSCA6iuOq10bqxtZ3Kojth0dNmwVGCJ4",
            "source": "POLITICO",
            "source_icon": "https://encrypted-tbn1.gstatic.com/faviconV2?url=https://www.politico.com&client=NEWS_360&size=96&type=FAVICON&fallback_opts=TYPE,SIZE,URL",
            "title": "Poor Kenyans feel devastated by floods and brutalized by the government's response"
        },
        {
            "link": "https://news.google.com/articles/CBMibGh0dHBzOi8vd3d3Lm5iY25ld3MuY29tL25ld3Mvd29ybGQvbWFnbml0dWRlLTY0LWVhcnRocXVha2Utc3RyaWtlLXJhdHRsZXMtbWV4aWNvLWd1YXRlbWFsYS1ib3JkZXItcmNuYTE1MTg2MdIBK2h0dHBzOi8vd3d3Lm5iY25ld3MuY29tL25ld3MvYW1wL3JjbmExNTE4NjE?hl=en-US&gl=US&ceid=US%3Aen",
            "og": "https://encrypted-tbn0.gstatic.com/images?q=tbn:ANd9GcQHRuUzKKmMjeB2x2pFNCfrG0c72XiGUL-Sgr23IpKZivDnycsQqI1hCq7AcWrAMC3F2FWnqZLbE6LwAyFwoZ03RyoFA6Gb0MRGDoED2ypPR_Sssg",
            "source": "NBC News",
            "source_icon": "https://encrypted-tbn1.gstatic.com/faviconV2?url=https://www.nbcnews.com&client=NEWS_360&size=96&type=FAVICON&fallback_opts=TYPE,SIZE,URL",
            "title": "Magnitude-6.4 earthquake strike rattles Mexico-Guatemala border"
        },
        {
            "link": "https://news.google.com/articles/CBMicmh0dHBzOi8vd3d3LmJsb29tYmVyZy5jb20vbmV3cy9hcnRpY2xlcy8yMDI0LTA1LTEyL2lzcmFlbC1tYXJrcy03NnRoLWluZGVwZW5kZW5jZS1kYXktd29ycmllZC1hbmQtZGVlcGx5LWZyYWN0dXJlZNIBAA?hl=en-US&gl=US&ceid=US%3Aen",
            "og": "https://encrypted-tbn1.gstatic.com/images?q=tbn:ANd9GcTiVjYULnInh9p2zSG2clShVxdYIjpmbuwrU-WYayXnfZtG3IkXLSwDTS3-PlGwqECOkFYrIjC1bQzPcK1dT0glZrBeeMu16fVW5HiqetrLI8UsHQ",
            "source": "Bloomberg",
            "source_icon": "https://encrypted-tbn1.gstatic.com/faviconV2?url=https://www.bloomberg.com&client=NEWS_360&size=96&type=FAVICON&fallback_opts=TYPE,SIZE,URL",
            "title": "Israel-Hamas War: Israel Deeply Fractured as it Marks 76th Independence Day"
        },
        {
            "link": "https://news.google.com/articles/CBMiYWh0dHBzOi8vd3d3LmZveG5ld3MuY29tL3BvbGl0aWNzL2JpZGVuLWFkbWluaXN0cmF0aW9uLXB1c2hpbmctYXZvaWQtaXNyYWVsaS1pbnZhc2lvbi1yYWZhaC1yZXBvcnTSAWVodHRwczovL3d3dy5mb3huZXdzLmNvbS9wb2xpdGljcy9iaWRlbi1hZG1pbmlzdHJhdGlvbi1wdXNoaW5nLWF2b2lkLWlzcmFlbGktaW52YXNpb24tcmFmYWgtcmVwb3J0LmFtcA?hl=en-US&gl=US&ceid=US%3Aen",
            "og": "https://encrypted-tbn0.gstatic.com/images?q=tbn:ANd9GcTXQ4KM1nF2QXICGqt6myWpFMAwtrWa0bubOafLNtoxQUHBTFDG1zbzn0iNxclv-phxNoY2ptO4kF8mcjZbQWdC_LQ_G7hUGlJwM6rzCGB8UYKb0w",
            "source": "Fox News",
            "source_icon": "https://encrypted-tbn3.gstatic.com/faviconV2?url=https://www.foxnews.com&client=NEWS_360&size=96&type=FAVICON&fallback_opts=TYPE,SIZE,URL",
            "title": "US offers Israel intel on Hamas leaders for pledge to hold back on Rafah"
        },
        {
            "link": "https://news.google.com/articles/CBMipgFodHRwczovL3d3dy5oYWFyZXR6LmNvbS9pc3JhZWwtbmV3cy8yMDI0LTA1LTEyL3R5LWFydGljbGUvLnByZW1pdW0vd2h5LWlzcmFlbHMtZ2VuZXJhbHMtYXJlLW5vdy1vcGVubHktYnJpZWZpbmctYWdhaW5zdC1uZXRhbnlhaHUvMDAwMDAxOGYtNmQxNS1kOGM5LWEzY2YtNmQ1ZGViNWIwMDAw0gEA?hl=en-US&gl=US&ceid=US%3Aen",
            "og": "https://encrypted-tbn0.gstatic.com/images?q=tbn:ANd9GcR4JLH1GGNuoftEdTZNVdVPCUpMbvYuxo2KwzY0WnAm1ouQS2V75R6UrkVC5aeT8yJeoEYOQ_z0iiCBRa1qqjwoT8pkNxs5NYEHxsAN",
            "source": "Haaretz",
            "source_icon": "https://encrypted-tbn3.gstatic.com/faviconV2?url=https://www.haaretz.com&client=NEWS_360&size=96&type=FAVICON&fallback_opts=TYPE,SIZE,URL",
            "title": "Why Israel's Generals Are Now Openly Briefing Against Netanyahu - Israel News"
        },
        {
            "link": "https://news.google.com/articles/CBMiX2h0dHBzOi8vd3d3LnBvbGl0aWNvLmV1L2FydGljbGUvaXNyYWVsLWdhemEtamFiYWxpYS1yYWZhaC1taWxpdGFyeS1vcGVyYXRpb25zLWNlYXNlLWZpcmUtY2FsbHMv0gEA?hl=en-US&gl=US&ceid=US%3Aen",
            "og": "https://encrypted-tbn2.gstatic.com/images?q=tbn:ANd9GcRNk73TO9FfBUEn7QlRlIiVgB6pEvWwHE6CM97FmLsKrA3DEwP2uSXkqwBaTU491JntShI-3uh0Pqs72Xk2hBepLcz5mrV__zxRsolp757EgqkTmg",
            "source": "POLITICO Europe",
            "source_icon": "https://encrypted-tbn2.gstatic.com/faviconV2?url=https://www.politico.eu&client=NEWS_360&size=96&type=FAVICON&fallback_opts=TYPE,SIZE,URL",
            "title": "Cease-fire calls mount as Israel ramps up military operations in Gaza"
        }
    ]
}
Request URI:	https://ok.surf/api/v1/cors/news-section-names
HTTP/1.1 200 OK
[
    "US",
    "World",
    "Business",
    "Technology",
    "Entertainment",
    "Sports",
    "Science",
    "Health"
]
]]></system-out>
  <system-err><![CDATA[]]></system-err>
</testsuite>
